Headers before adding attachments:
Content-Type: multipart/mixed; boundary="--AWDPK1602sgtqaigxv1602AWDPKlnjxul43721AWDPK1602sgtqaigxv1602AWDPKlnjxul43721=========="
MIME-Version: 1.0
Message-ID: <3376ZOPIU3376ZOPIU3376-3376ZOPIU3376ZOPIU3376-3376ZOPIU3376ZOPIU3376ZOPIU3376401@haceg.com>
From: Ali Mohammed <Ali.Mohammed.M@haceg.com>
To: captainmaguire001@gmail.com
Date: Tue, 31 Dec 2024 00:13:41 +0000
Subject: My Sender Needs to Work Better
Reply-To: Ali Mohammed <Ali.Mohammed.M@haceg.com>
X-Priority: 0
Return-Path: bounce@haceg.com
X-Hostname: 117.21.196.104.bc.googleusercontent.com

----AWDPK1602sgtqaigxv1602AWDPKlnjxul43721AWDPK1602sgtqaigxv1602AWDPKlnjxul43721==========
Content-Type: text/plain; charset="us-ascii"
MIME-Version: 1.0
Content-Transfer-Encoding: 7bit

My own file works better
----AWDPK1602sgtqaigxv1602AWDPKlnjxul43721AWDPK1602sgtqaigxv1602AWDPKlnjxul43721==========--


Headers before adding attachments:
Content-Type: multipart/mixed; boundary="--SEEGN8389imowpvvrd8389SEEGNqzhaig95637SEEGN8389imowpvvrd8389SEEGNqzhaig95637=========="
MIME-Version: 1.0
Message-ID: <3961FFQIC3961FFQIC3961-3961FFQIC3961FFQIC3961-3961FFQIC3961FFQIC3961FFQIC3961833@haceg.com>
From: Ali Mohammed <Ali.Mohammed.M@haceg.com>
To: captainmaguire001@gmail.com
Date: Tue, 31 Dec 2024 00:14:54 +0000
Subject: My Sender Needs to Work Better
Reply-To: Ali Mohammed <Ali.Mohammed.M@haceg.com>
X-Priority: 0
Return-Path: bounce@haceg.com
X-Hostname: 117.21.196.104.bc.googleusercontent.com

----SEEGN8389imowpvvrd8389SEEGNqzhaig95637SEEGN8389imowpvvrd8389SEEGNqzhaig95637==========
Content-Type: text/plain; charset="us-ascii"
MIME-Version: 1.0
Content-Transfer-Encoding: 7bit

My own file works better
----SEEGN8389imowpvvrd8389SEEGNqzhaig95637SEEGN8389imowpvvrd8389SEEGNqzhaig95637==========--


Headers before adding attachments:
Content-Type: multipart/mixed; boundary="--UERIE3305ujwnwudmw3305UERIElkfdej63436UERIE3305ujwnwudmw3305UERIElkfdej63436=========="
MIME-Version: 1.0
Message-ID: <6627EBDLB6627EBDLB6627-6627EBDLB6627EBDLB6627-6627EBDLB6627EBDLB6627EBDLB6627469@haceg.com>
From: Ali Mohammed <Ali.Mohammed.M@haceg.com>
To: captainmaguire001@gmail.com
Date: Tue, 31 Dec 2024 00:15:23 +0000
Subject: My Sender Needs to Work Better
Reply-To: Ali Mohammed <Ali.Mohammed.M@haceg.com>
X-Priority: 0
Return-Path: bounce@haceg.com
X-Hostname: 117.21.196.104.bc.googleusercontent.com

----UERIE3305ujwnwudmw3305UERIElkfdej63436UERIE3305ujwnwudmw3305UERIElkfdej63436==========
Content-Type: text/plain; charset="us-ascii"
MIME-Version: 1.0
Content-Transfer-Encoding: 7bit

My own file works better
----UERIE3305ujwnwudmw3305UERIElkfdej63436UERIE3305ujwnwudmw3305UERIElkfdej63436==========--


