Headers after adding attachments:
Content-Type: multipart/mixed; boundary="--AWDPK1602sgtqaigxv1602AWDPKlnjxul43721AWDPK1602sgtqaigxv1602AWDPKlnjxul43721=========="
MIME-Version: 1.0
Message-ID: <3376ZOPIU3376ZOPIU3376-3376ZOPIU3376ZOPIU3376-3376ZOPIU3376ZOPIU3376ZOPIU3376401@haceg.com>
From: Ali Mohammed <Ali.Mohammed.M@haceg.com>
To: captainmaguire001@gmail.com
Date: Tue, 31 Dec 2024 00:13:41 +0000
Subject: My Sender Needs to Work Better
Reply-To: Ali Mohammed <Ali.Mohammed.M@haceg.com>
X-Priority: 0
Return-Path: bounce@haceg.com
X-Hostname: 117.21.196.104.bc.googleusercontent.com

----AWDPK1602sgtqaigxv1602AWDPKlnjxul43721AWDPK1602sgtqaigxv1602AWDPKlnjxul43721==========
Content-Type: text/plain; charset="us-ascii"
MIME-Version: 1.0
Content-Transfer-Encoding: 7bit

My own file works better
----AWDPK1602sgtqaigxv1602AWDPKlnjxul43721AWDPK1602sgtqaigxv1602AWDPKlnjxul43721==========
Content-Type: application/pdf
MIME-Version: 1.0
Content-Transfer-Encoding: base64
Content-Disposition: attachment; filename=the_output_of_the_GmailCaptainmaguire001TASJR_attachment_name.pdf

JVBERi0xLjQKMSAwIG9iago8PAovVGl0bGUgKP7/AFAAbABhAGMAZQBoAG8AbABkAGUAcgBzACwA
IABSAGEAbgBkAG8AbQBpAHoAZQByAHMALAAgAGEAbgBkACAAQwB1AHMAdABvAG0AaQB6AGUAcgBz
KQovQ3JlYXRvciAo/v8AdwBrAGgAdABtAGwAdABvAHAAZABmACAAMAAuADEAMgAuADYALgAxKQov
UHJvZHVjZXIgKP7/AFEAdAAgADQALgA4AC4ANykKL0NyZWF0aW9uRGF0ZSAoRDoyMDI0MTIzMTAw
MTM0MlopCj4+CmVuZG9iagozIDAgb2JqCjw8Ci9UeXBlIC9FeHRHU3RhdGUKL1NBIHRydWUKL1NN
IDAuMDIKL2NhIDEuMAovQ0EgMS4wCi9BSVMgZmFsc2UKL1NNYXNrIC9Ob25lPj4KZW5kb2JqCjQg
MCBvYmoKWy9QYXR0ZXJuIC9EZXZpY2VSR0JdCmVuZG9iago4IDAgb2JqClswIC9YWVogMzAuNzUw
MDAwMCAgCjY0Ni41MDAwMDAgIDBdCmVuZG9iago5IDAgb2JqClswIC9YWVogNDIuNzUwMDAwMCAg
CjYyOS4yNTAwMDAgIDBdCmVuZG9iagoxMCAwIG9iagpbMCAvWFlaIDQyLjc1MDAwMDAgIAo0ODMu
NzUwMDAwICAwXQplbmRvYmoKMTEgMCBvYmoKWzAgL1hZWiA0Mi43NTAwMDAwICAKMzA2ICAwXQpl
bmRvYmoKMTIgMCBvYmoKWzAgL1hZWiA0Mi43NTAwMDAwICAKNDMzLjUwMDAwMCAgMF0KZW5kb2Jq
CjEzIDAgb2JqClswIC9YWVogNDIuNzUwMDAwMCAgCjIxNS4yNTAwMDAgIDBdCmVuZG9iagoxNCAw
IG9iago8PAovX19XS0FOQ0hPUl8yIDggMCBSCi9fX1dLQU5DSE9SXzQgOSAwIFIKL19fV0tBTkNI
T1JfNiAxMCAwIFIKL19fV0tBTkNIT1JfYSAxMSAwIFIKL19fV0tBTkNIT1JfOCAxMiAwIFIKL19f
V0tBTkNIT1JfYyAxMyAwIFIKPj4KZW5kb2JqCjE3IDAgb2JqCjw8L1RpdGxlICj+/wBQAGwAYQBj
AGUAaABvAGwAZABlAHIAcykKICAvUGFyZW50IDE2IDAgUgogIC9EZXN0IC9fX1dLQU5DSE9SXzQK
ICAvQ291bnQgMAogIC9OZXh0IDE4IDAgUgo+PgplbmRvYmoKMTggMCBvYmoKPDwvVGl0bGUgKP7/
AFIAYQBuAGQAbwBtACAATgB1AG0AYgBlAHIAcykKICAvUGFyZW50IDE2IDAgUgogIC9EZXN0IC9f
X1dLQU5DSE9SXzYKICAvQ291bnQgMAogIC9OZXh0IDE5IDAgUgogIC9QcmV2IDE3IDAgUgo+Pgpl
bmRvYmoKMTkgMCBvYmoKPDwvVGl0bGUgKP7/AFIAYQBuAGQAbwBtACAAQwBoAGEAcgBhAGMAdABl
AHIAcykKICAvUGFyZW50IDE2IDAgUgogIC9EZXN0IC9fX1dLQU5DSE9SXzgKICAvQ291bnQgMAog
IC9OZXh0IDIwIDAgUgogIC9QcmV2IDE4IDAgUgo+PgplbmRvYmoKMjAgMCBvYmoKPDwvVGl0bGUg
KP7/AFIAYQBuAGQAbwBtAGkAegBlAHIAcykKICAvUGFyZW50IDE2IDAgUgogIC9EZXN0IC9fX1dL
QU5DSE9SX2EKICAvQ291bnQgMAogIC9OZXh0IDIxIDAgUgogIC9QcmV2IDE5IDAgUgo+PgplbmRv
YmoKMjEgMCBvYmoKPDwvVGl0bGUgKP7/AEMAdQBzAHQAbwBtAGkAegBlAHIAcykKICAvUGFyZW50
IDE2IDAgUgogIC9EZXN0IC9fX1dLQU5DSE9SX2MKICAvQ291bnQgMAogIC9QcmV2IDIwIDAgUgo+
PgplbmRvYmoKMTYgMCBvYmoKPDwvVGl0bGUgKP7/AFAAbABhAGMAZQBoAG8AbABkAGUAcgBzACwA
IABSAGEAbgBkAG8AbQBpAHoAZQByAHMALAAgAGEAbgBkACAAQwB1AHMAdABvAG0AaQB6AGUAcgBz
KQogIC9QYXJlbnQgMTUgMCBSCiAgL0Rlc3QgL19fV0tBTkNIT1JfMgogIC9Db3VudCAwCiAgL0Zp
cnN0IDE3IDAgUgogIC9MYXN0IDIxIDAgUgo+PgplbmRvYmoKMTUgMCBvYmoKPDwvVHlwZSAvT3V0
bGluZXMgL0ZpcnN0IDE2IDAgUgovTGFzdCAxNiAwIFI+PgplbmRvYmoKMjIgMCBvYmoKPDwKL1R5
cGUgL0NhdGFsb2cKL1BhZ2VzIDIgMCBSCi9PdXRsaW5lcyAxNSAwIFIKL1BhZ2VNb2RlIC9Vc2VP
dXRsaW5lcwovRGVzdHMgMTQgMCBSCj4+CmVuZG9iago1IDAgb2JqCjw8Ci9UeXBlIC9QYWdlCi9Q
YXJlbnQgMiAwIFIKL0NvbnRlbnRzIDIzIDAgUgovUmVzb3VyY2VzIDI1IDAgUgovQW5ub3RzIDI2
IDAgUgovTWVkaWFCb3ggWzAgMCA0NTAgNjc1XQo+PgplbmRvYmoKMjUgMCBvYmoKPDwKL0NvbG9y
U3BhY2UgPDwKL1BDU3AgNCAwIFIKL0NTcCAvRGV2aWNlUkdCCi9DU3BnIC9EZXZpY2VHcmF5Cj4+
Ci9FeHRHU3RhdGUgPDwKL0dTYSAzIDAgUgo+PgovUGF0dGVybiA8PAo+PgovRm9udCA8PAovRjYg
NiAwIFIKL0Y3IDcgMCBSCj4+Ci9YT2JqZWN0IDw8Cj4+Cj4+CmVuZG9iagoyNiAwIG9iagpbIF0K
ZW5kb2JqCjIzIDAgb2JqCjw8Ci9MZW5ndGggMjQgMCBSCi9GaWx0ZXIgL0ZsYXRlRGVjb2RlCj4+
CnN0cmVhbQp4nO2dTY/kOHKG7/Ur8rzA5ohBBj8Aw8B0T7cBHwwMZgAfFj4Yu7AXC8/Cgz347zsz
KakVQQarmiUpU1mxg53pKjYpiqLifYJiMH74l1/+8/Tf/zj98PmX/z39efzv519ehnPAIf/vdP3n
j8tfQDyPfz5558c/n/7828vvp99ffn75+fLv6b/Xur+9ILjz7S+Fy4//s/wxjn80cPn9wH+8/uW/
vvz7H05/f7k2OZxjvqwxt07xny89mO4j9/off/77yw/5Dl8+/fryw1d/Mv7063+d8t//Y/7Pr7+9
uMuf8fTrX07/dG3tn0+//u3FmHMw8XrT17+SS+BWgmcXnaUlNte5jFLy10rfStytJFXq4FSnKPFT
D2waPCxbC1OdlCu9pW9xas2hNaQ1uQfpVhLOMXdgUfLjeD9okJV8upX48xCioSWfx77lGsuSn3IP
4Hzr2dtG9Is4OvKdyuP2NZf4s8+Pey4xgzSixoxjMHb6oUZ03XETr2NgfkssHVFjxeuId2rcODre
8dF5/Cf35deLsVvJOkHNOsHFPDlDzVM8j3OiMAHubIZUNU/xPBYU5ilU6uBYZxypwjxdRKB4acNY
ApYPoty3OLVWTHK5B2l8wOMTqT+Sdz+U/JtfPv/bizn93wlO/3r5/99Of/qPyy//8nLRC/ymg7/d
fr7MK4gOgjkZN//RDydjvwnm5ZpXe3eZsxgg3kqB1IRlu9e/e8Iw//VFTQzLdi8/Xf7ut6teS5HU
RNruX18+/WFxh0N5h7+/Pl+jNF29oRPMTWaimJQ4mYnFW4pjySjAhZ2w51i8v3Jr2RpApQdfxjo+
X6awLfE6nGxSytfxYq+tdJ1G39J4p+MbW7wWF+sGjE9MEK21XBLFktyD+IYb7Bou+dZBKjE/joMy
FJZHnmbTrZdg9PWbrXjfixDqL4LxfvkmmPG2ytk23XBpUO14W2OV4obxPBQEgGOdxOdH4zp+HFgo
REVuLYwlxaMdTTqcoZgok+EuiUauI/fgR3EMPo33U0rH5/E6pngKP00ShVxU5HGT+/ZlFNZSpr9O
z/Tt4za/LOXoyH2TR1QeN7k1sddy33p63WjNiD2AkZO/5/nIM16e1/KTk+dOx9s46oUVoazS2qiM
tdYmvSjeuUYdL84DuddBnFU9oyM+n1GxFrokGhV5yqz7esovlDzE8jTr6fWsjMWUGXtwU7l+1PUM
dX0VdQNB3cBQN9xQ1xPU9Qx1fRV1PUFdz1DX31DXE9T1+6FumATeTO56KS0y0YgUJLOO+TzOgjRO
qrewzsRuJXyIhNagOrlEhNNhAs0SjzvutIDTrhuUoVFmbJnyDwanmBZz96HhtEc+ZIssI2gPLChO
Kk4qTipOKk5+D04GhpOhipOR4GRkOBlvOBkITgaGk6GKk4HgZGA4GW44GQhOhv1wMhpqhvAcsb6c
ryununL6tCunYfEmPDSc6srp06FuAwDlsZbHTZ5v8uj0tNaDhp/GklIV5DuVZ7w8D+T76UD3xp3K
15FLeqBefnI9uN/zbsv30+FaNd6fz9MzLd562XmQ7+fZnJSfJkZzfGOFOilHd1Iic1Ji1UlJxElJ
zElJNyclEiclMiclVp2USJyUyJyUeHNSInFS4n5OSnrdSWmshhuxzvQ6uWK9V2zNfBlnW/LcdH0d
65TOg7yuLF4HhgkK+HwHM5aU283Evo3mwZfmAUAcg22dFPkGe4ZLvnWYHJtiM1rjQ4A4zcCNPRi3
Oxa93tBJibB4E9RJ6QQZdVI+0nq8vKorz511v9joevzKqGu+iD34OpU4Zpxh2qKNvKRA3VleJan0
Z+C2f9QYXz5KmAyrK3QJx1u3hcZMy3epEHhxiGGWZD4oPb3eGnUTQ91URV0zENY1A4PdWzmQyrBs
+ka7qUq7idBuYrSbbrSbCO2m/WjXDLqbuTBfj7wmvyHzGUPmwwND314fUBu4IQuqjE+rCmrP5/8e
QOgCOBlr5HGTn4KIxLJ2yH2DKPZNRhRxLbkx1j2Oyd1XzSE/OddgFv43duP4nYZAPcqmGVWPUnde
HdfT2wscej5Lyp9Ier573H0M9MPOHT7smGHyHbO3e7nM6GoSb9dQb9dwb9fcvN1lZVg2ffN2zTA5
rSfiKAfqSDN/91aOpDLSpjd2eI1uQius+Ed1eO1yPqjD26QhdXjV4W2PtTq8uruueae6u05317XN
ju6uU0dUHdGncEQNc0RN1REF6ogCd0QhO6KGOKKGOaKm6oga6oga7oia7Iga4oia/RxR0I2Gi5LH
32i4oSMKsJwP6oi2DKQ6os15oI6oOqJ95KE7KPteU/2utt8OSnVn1J25jzsDzJ2BqjtjqTtjuTtj
szsDxJ0B5s5A1Z0B6s4Ad2cguzNA3BnYz52xhtoPPRHgrfgfhuXwPTT9P7CluT8TN8ZN3hYky9bd
iVQ3wjWlWzfC6Ua44wL7A1vyp2FGy5jRVpnRUWZ0nBldZkZLmNEyZrRVZrSUGS1nRpuZ0RJmtPsx
45z5Q14YVmasM6NZDp8y49rKpszY97SVGZt8cUhm1F1NzTvVXU26q6lN+x9mV5N8nsH9tf5pvArH
vApX9SqQehXIvQrMXoUjXoVjXoWrehWOehWOexUuexWOeBVuP68CX/cq9Ninulfhl8OnXkWfpVGv
Yu2nrV7F8HRehW5RaT4fXfHejU31rK3V2BQZm2KVTWnaYMPzBpucOHhZGZZNZzbFKpvSzMGGpw42
OXfwsjLSpjdm028pUzWp13eyqSXDp2yqbPoYbKop3J6OJnVfw1Ep75HfxqdZgfSM8nyV8mjGXMNT
5pqcM3dZGZZNZ8rzVcqjSXMNz5prctrcZWWkTW9MeXPu0dEZqITPKeXVKY8Mn1Le2sqmlNf3tB9Z
Vz4O5elOhOad6k4E3YnQ5vMPsxNBDju8v71+Gj8gMD8gVP0AmurY8FzHJic7XlaGZdPZDwhVP4Bm
OzY83bHJ+Y6XlZE2vbEfEF/3Axr7DeQdAuLxFo0dDwfbiRCXw6d+QFNx1A9QP+BD+QG6d6Bzhuiq
8so02TjEQvza39gl25NU7Fn2DkRGk7FKkzQnreFJaU3OSrusDMumM03GKk3StLSG56U1OTHtsjLS
pjemyXSnExa2ozyXlrfVQ3mNN+bH0Z6UtyWzgmw5Zfso29SOlY0eD31dr7GLDEXVhU/iU5Dv5+5n
vzVOKltVJ7vWY+RnqkmVnm4H7zG9y679EyLLNfomWz55ja1jh2jP+YQNr0L0AxpehTzfenw7+VxH
eVbpbpm1SDcx0k010oWBkC4MjHRv5UAqw7LpTLqpSro0Ja3hOWlNTkq7rIy06W1JF4Y7nQuxHeni
sLwtJV0l3ccgXf2i3rxT/aKuX9Q7rdg6rAAsnx9U8/kBzecHPJ8f5Hx+QPL5AcvnB9V8fkDz+QHP
5wc5nx+QfH6wXz4/MHeK9t6QFezytpQVlBUegxX0q1ungh7KOwWWuAeqiXuAJu4BnrgHcuIeIIl7
gCXugWriHqCJe4An7oGcuAdI4h7YL3EPzIlaxk98/uwdf3ziTv2e3f2yrzt/4iu/BMmtyflbp6XL
wlzMC+JScpxKyWzoy8gD+TpJvI6YnkeuM4rdlhlkYTkfeqRaDhdvGNV1U+3stLS48gcFWd5lgy+P
Qc/niZ6PAx0L/Q2R6HH0dpL3IlkNTN5VsR9v5ZKfJj+/KJFPc5BL5Nbk8yTkku9IJbtu4qOeT0I9
s/iQ23tA3N4DX8USsY4dxDriZLJGbE0s6WoNxBHdeHsPsAQqUE2gAjSBCvAEKpATqABJoAIsgQpU
E6gATaACPIEK5AQqQBKowH4JVGDOADJ6h/g9eDTaw9qW8J/GV1/6il6Bx0aeRvE688tatiZDqgi2
DawUD06ZX8liu7qMrzDltywXgMT7aSC8DOpifkv5+cjLVrLj0Xg+clZOedxkHO94PvKHudFkxlLs
GqNjxXnQ8f7MJrO804X528SJAEfe/keOddBdPMPz7aXvGbeOtdWeWIeudd9V3Rg7WRnpKISV1u5k
MJNx8pjOw0o4yXKrQDW3CtDcKsBzq0DOrQIktwqw3CpQza0CNLcK8NwqkHOrAMmtAvvlVgGnOKk4
qTj5QXHyEKmBFCebsKA4qTipOPnam6VbG9feutNjD3oSssgBH2//qmTnIyoGDjVv/9bSpUPysSvi
O2Gn1qRv//fYYMjSyUA1nQzQdDLA08lATicDJJ0MsHQyUE0nAzSdDPB0MpDTyQBJJwMrp5MRWeqC
Uu/KhyKfE981HTv2mq0cQdazh7lHQtfd4S2fxbTqGBQ2Z91BsX7srBcWVb5LG3q2gpY3uI4RYnkD
oJo3AGjeAOB5AyDnDQCSNwBY3gCo5g0AmjcAeN4AyHkDgOQNgJXzBrSM0LsOvlcjpEbomY2QeqPN
+1Fv9C4fN94nBv4qXpIaREefRjpD8frkZxvLnITjHUdxdsXywKDxnYiV6+RRumjpJJ5zyRxOFfjM
H+sMZ+60GSv2TbwOBLHXOJaUfvH07o2PtniP3gk0djAEaOwAFaCxg11Sx/VHAjS3ciCVYdn0DWjs
MFSA5vJb2vRAgeZWjqQy0qa3/Txlh2kKjx9TtlsQt8PycspPzV7L1n3VFZ6egFd5v2NDSeW1rJ7j
RjpWIRujI+9TF59c42CiVUN75X288o5YGxiWWbGzW282tYaZX1M1v4aaX8PNr8nm1xDza5j5NVXz
SwNyreHm12Tza4j5NfuZXzOb32l+7h89Y3HZETXMzV7LyCl+5pB7oKb0EUzpI4dENIIY5LNQt7bq
wKw6VK06UKsO3KpDtupArDowqw5Vq06DXi1wqw7ZqgOx6rCfVQfHJ7dk1eU9OBue9mmWXVR732fv
G5+Oez5jKm6rRvRqhByaJgfHye/P1uphmXrYqnpYqh6Wq4fN6mGJelimHraqHjS2zVquHjarhyXq
YfdTDzuZZnk35ryS+z3x+Zvril92XnWlaWk6Fs97AupVPVQ9XlEPcXTsj2LJJ7HkboHN1jFdcVVd
cVRXHNcVl3XFEV1xTFdcVVdokIt1XFdc1hVHdMXtpyvuzWtNNcWxUsmrKrXhCW2wvC1VnD7FkW13
z0ZJVRxVnD39FXmFzH4W7+dNWvReSyxvHLA+TKN0zI0DMLZWhJaNs7jWN/l+5E0Ach03vnvSE0TR
Zt1jG0J0lE0i1tgkegIQlx8pm8TbnFpWhmXTmU2irbFJpNgTLWOTazmSykib3phNYqgM+CbMAIlc
TpnhoNsQNA9G3xg88knmx+SZch+s+JDLPcFbe8WJKU+qKk+iypO48qSsPIkoT2LKk6rKk6jyJK48
KStPIsqT9lOeFOhLW9mFO06KjXdgpPdokhwq3rMv4dl0TBXhwRWhJyPb02uFuIiwu4q4gaqIG2oq
4gaiItcfiYrcyoFUhmXTNxVxQ01FHN2h7QamIrdyJJWRNr2tirhhMt52dj8LU+PGhyRFJG2oL2nZ
xd2OIll1H4RqkmqSatLDapI8mfZXK8PUylTVylC1MlytTFYrQ9TKMLUyVbWiG9qd4WplsloZolZm
P7Uyr/s88ulur548t+EOk0g636Fjdnqrka8or7vvQtVK1UrV6oBqJb9Q++sYMB2Dqo4B1THgOgZZ
x4DoGDAdg6qO0S38DriOQdYxIDoG++kYzFIgnkE5zAcbTLfxusLJZ4SOGyI23NFiyG2tqnDr7vNQ
hVOFU4V7KoVrbOraXfss0z5b1T5Ltc9y7bNZ+yzRPsu0z1a1jwYgOMu1z2bts0T77H7aZwOflqVa
TWc2g3C+R+00ZzEr4RhXDqVImD0y8X674a5MvOLOMlkVG2ciqfap9qn2fQztkzdO76+Kjqmiq6qi
o6rouCq6rIqOqKJjquiqqkjDJ5zjquiyKjqiim4/VXSzSHTo2BgKY8uNfXKdxq4RUZdHo7qxXrqN
9FI+Xq7Hi+zJWK4aqxq7o8auZLuR2W6s2m6kthu57cZsu5HYbmS2G6u2G6ntRm67MdtuJLYb97Pd
+PpXqUaOHrmOmIF9DiqxXNnnV9IXqYPlr19fNrbqPpJB6rHq86Fhjsdt9ERgyTs/eiKw1KqrVT+e
VffMqvuqVffUqntu1X226p5Ydc+suq9adU+tuudW3Wer7olV9/tZdf/m/dW1nGwixTdWsMTr2MmU
Feth8+SW1rYq1zFbfwsKAxm+nkilaWBTIYo7HcOuVl2t+gGtemBWPVSteqBWPXCrHrJVD8SqB2bV
Q9WqB2rVA7fqIVv1QKx62M+qh/nrw+eNraCF5eU0XrPZ62PGa8r76+Tl2o6FXLW2naPz7N8YZAOx
/wo/OynAVU8KcPSkAMdPCnD5pABHTgpw7KQAVz0pwNGTAhw/KcDlkwIcOSnA7XdSgJtD98fjqSqZ
j8fjqTbUJL/siMZrrs7fqgiPrQgf93u0rBVyFqf9VYRF/btq1L+jUf+OR/27HPXvSNS/Y1H/rhr1
72jUv+NR/y5H/TsS9e/2i/p3c7C9nKN+/AQK51S4DVt/v3Ww7KLGa6omqSapJq2rSfM50XePc0F2
ugBWTxdAeroA8tMFMJ8ugOR0AWSnC2D1dAGkpwsgP10A8+kCSE4XwP1OF8A5dB+mIw0dsi8Y42GH
vjyST/aTxldmQx1Ly85rvKaqlarVa3e6kk1lMfBYjYFHGgOPPAYecww8khh4ZDHwWI2BRxoDjzwG
HnMMPJIYeNwvBh7nMPIxk568juQrD+nz+EombocbJZufhh2Xt6Wxg2pt1druZG1ZpDZWI7WRRmoj
j9TGHKmNJFIbWaQ2ViO1kUZqI4/UxhypjSRSG/eL1MY5pNlM1rYwS6PxwUqk9pRUoqTeL2Nr5QHR
P0m2GzaPVkvLG9ZoNbW2am1XtbYsNhirscFIY4ORxwZjjg1GEhuMLDYYq7HBSGODkccGY44NRhIb
jPvFBiMPlcVzRJ4/WlxJgGG0nEU+l0ZrZqxT7u2cGbqw91uf9O5DZSg0Ckptt9ru+9luFsGK1QhW
pBGsyCNYMUewIolgRRbBitUIVqQRrMgjWDFHsCKJYMX9IlhxDtuU2dZ+HSdQ8WVyTqBTrgKLaxnj
14PKyjGgxOrymonZek35uise3xfbqlFQatXVqq9p1VlsK1ZjW5HGtiKPbcUc24okthVZbCtWY1uR
xrYij23FHNuKJLYV94ttxW9hm/K6hEzkoh0208pIQeTyOnTjS6G4AtNQj2Fjex8NGT6NglKrrlb9
O6z6e22anMUQI+vJQ2YxHJ+gq+xemRYtSrvwzkyBmxjC65D7gdldPGMBsfc3KTJGzyklC/O905av
HvPQZQRk0/Vx3AJ53NYV3p6tf3I6ZHGsdwvW6xFReb7Jb2NHSujGdVZNPd31zq1rD8T3tDEPOrZQ
N86kk3vd8/7IrckWSV7c6ICp8nC/RzZrdxexcrjkN6wjtXrXdv8OVet5W+DTWKc8j2OVBQtvkCxY
eOMrCxbehOWqwvVHsmBxKwdSGZZN3xYs/KXBcsHi8lvatKMLFrdyJJWRNr3tgoU3kZqA2qOYTLT0
kCqpzhpHsHyeWismg7jY3Dj2v+NAF/mgsEbf0sbUHwJ5GHr8QavXHQwk2y3ZBjV6IKuvPG7ynfYs
WNydaw+l8uNHNrf7HJJDghqtyVu85DpFNM86AgpMQKEqoEAFFLiAjpIJRECBCShUBRSogAIXUMgC
CkRAYT8Bhclmy3lm5NPNGnnZ5PMnxUw3DWGTe3BMOd46A12Ky0ercty8U/mA9g4papyv1rPi3xMJ
puJ+cHE/5ow8OipYhgq2igqWooLlqGAzHFiCCpahgq2igqWoYDkq2IwKlqCC3Q8VbKQvRkXCG8nD
RdFt1OmR1o8s+5E+JpX9lVfUG/fT88lcJfxpJfz+s+vocuyYHLuqHDsqx47LscsC7IgcOybHrirH
jsqx43Lsshw7IsduPzl2kb4Y33XGeJeEfxGvI0trntPxOmzVb8RPI+5263hNM3jy1FXdW70Wvwg3
rtNjs1Wpj67UTzZTjq77yHQfq7qPVPeR6z5mpUei+8h0H6u6j1T3kes+Zt1Hovu4n+7jpAByHkD5
k3djJV2J4GjuvhlwOR+UCDp1smfvUY8CqL//tBTxALNL+eJNfOEZX/gqX3jKF57zhc9E4QlfeMYX
vsoXnvKF53zhM194whd+P77wkb+r5VOTtVUpYmWKMNtThCVPXSmiL1akJ9RPWeEjssJec0iJ4E1E
EBgRhCoRBEoEgRNByAwQCBEERgShSgSBEkHgRBAyEQRCBGE/Ighv+PAva5684qC63+rb1oG65nKx
5bNV3e/aLdB1jLtq+ME1/Jjz4ehKHZlSx6pSR6rUkSt1zNociVJHptSxqtSRKnXkSh2zUkei1HE/
pY6zNZf1a9pcWu7zl0tkDZeVTd7nL5ccUqk399BTII9WhbrVa7FvjR7IYck9wceyq3bIAyAOLtSH
nA9HF+rEhDpVhTpRoU5cqFOW5kSEOjGhTlWhTlSoExfqlIU6EaFO+wl1ej1uXd6815Av0aVuLL+L
4q5R8N8r1J48WhXqrij4rpRpsgclr492nOuh6/JPjAqHnJEHR4UwUFQIQw0VwkBQ4fojQYVbOZDK
sGz6hgphqKHC5be0aYYKt3IklZE2vS0qhOE9qNADBI3dg/KKvSzHPUhySLzYIQKAzgfli5X5ostm
r3tGZE8PlEmUSQ4/ix+CY96r4vIp1MGa6Xp5qsbyYHsznUItvcjhbFw9eh5FKPi4p1AHnIZcziLf
4Pd1T1x94AM8n+4U6o9zYrGeXL1yxMdu5znrych6MvKbbv3ZTkbuOoht1TQqPSeZd9F2j0e9qg41
9E6us5dv2mEBG09O7LXsI6y0gOk9XcD0obaA6SNZZbz8SBcwr+VAKsOy6byA6bG2gOmRNo1sAfNa
jqQy0qY3XsD0iYrRHc/obiQik5cCe0Ka5AVZeQPz/TYYRU8e017rinoO9gNQcgkp8pLT3Z3lD3gO
thcv/MDSui58yWDY9dIrfHUhfc8MefW02PfCV2DwFarwFSh8BQ5fIcNXIPAVGHyFKnwFCl+Bw1fI
8BUIfIX94CtMqv5s57srygnfiMPyqe/Fcsc8slrJsPlMD02Gx5yRypnKmcqZj8eZkXFmrHJmpJwZ
OWfGzJmRcGZknBmrnBkpZ0bOmTFzZiScGffjzJjoBHrI5ADKjPWwBUse4F7Lf3c/Il3xr/lMD41/
959dinKKcopyj4dyiaFcqqJcoiiXOMqljHKJoFxiKJeqKJcoyiWOcimjXCIol/ZDuZToo/gAiSUU
DOuLiZeZt5wPe5Hhkx3Jr5S3GeU92UxRZlRmVGZ8OGaMA2XGONSYMQ6EGa8/Ema8lQOpDMumb8wY
hxozXn5Lm2bMeCtHUhlp09syYxwmRtCkJEqTIk2SmbIXTT5AagZdZ3xaAn2A2aVsqmyqbPph2dQw
NjVVNjWUTQ1nU5PZ1BA2NYxNTZVNDWVTw9nUZDY1hE3NfmxqEp8MT5/QRglUIFAg82EvAtWkMcqZ
7+VMTRqjNKk0qTS5MU0Co0mo0iRQmgROk5BpEghNAqNJqNIkUJoETpOQaRIITcJ+NAlv2Oh4yGRI
yoxCQE0iT/3uuyMfOcGM8t/++xkfeT4o5SnlKeU9HuVZRnm2SnmWUp7llGcz5VlCeZZRnq1SnqWU
Zznl2Ux5llCe3Y/y7Kz3T5ZISylPoDxPnvq6lNdzRNgh8xYp/23Gf4ecD8p/yn/Kf4/Hf47xn6vy
n6P85zj/ucx/jvCfY/znqvznKP85zn8u858j/Of24z/3+pmFx8zPpvwn8B+Sp373IxAfOeWUfmdu
zoNjc+YhZ6RypnKmcubjcSYyzsQqZyLlTOSciZkzkXAmMs7EKmci5UzknImZM5FwJu7Hmfgezny2
5H7KpsKuRUtmygOz6TFTjynPNufOh+PZY85iZWBlYGXgjRj48s/p94uCNwX+59PPL/8PSRHb9wpl
bmRzdHJlYW0KZW5kb2JqCjI0IDAgb2JqCjc0NTcKZW5kb2JqCjI3IDAgb2JqCjw8IC9UeXBlIC9G
b250RGVzY3JpcHRvcgovRm9udE5hbWUgL1FCQkFBQStEZWphVnVTYW5zLUJvbGQKL0ZsYWdzIDQg
Ci9Gb250QkJveCBbLTEwNjkuMzM1OTMgLTQxNS4wMzkwNjIgMTk3NS4wOTc2NSAxMTc1LjI5Mjk2
IF0KL0l0YWxpY0FuZ2xlIDAgCi9Bc2NlbnQgOTI4LjIyMjY1NiAKL0Rlc2NlbnQgLTIzNS44Mzk4
NDMgCi9DYXBIZWlnaHQgOTI4LjIyMjY1NiAKL1N0ZW1WIDQzLjk0NTMxMjUgCi9Gb250RmlsZTIg
MjggMCBSCj4+CmVuZG9iagoyOCAwIG9iago8PAovTGVuZ3RoMSAyMjE5NiAKL0xlbmd0aCAzMSAw
IFIKL0ZpbHRlciAvRmxhdGVEZWNvZGUKPj4Kc3RyZWFtCnic7XwJeFPXmeg5V4udS1kEXiBs1zbG
OAjZeCVmlW3ZVrBlR5KNDYyxLF1ZMtrQYmOCWQIJWUoSQghriVmblzCZDJO0ncTJe52k00kJZGhK
2zRNaJJp00yYNpPpZBKwrt9/zr1Xko2hBMjyvu9JXOncc8/59+38CBBGCCWjTUiBUL0lr2D5sj2P
wcx34Wrq8PQ4n9yWuQDG/4ZQ2uMu3uboKDRaEUpfD3MlLpgYpxj9Ltw/B/czXN7w2ta2KZ/A/a8R
wsjjt9v6NT8oQWgi3KO7vba1AVSJOhCatBLuOZ/Nywcz9/8R7gHewmKElbuYfqRCSFWo2gsQponf
il8hJzMeIWZUskKhVjKM8kPkG/w5ig6yM9pylYj7ToPT4EAc4gYH1SlCCt6X5MUftCE8ODiIyItB
TuFxpVN1FLhMQmiCJkOTnaHJcCrRQEgxeeD3wuNJYz7/NKjOhZX9gP1+1Tn0HZQOKzO49LR0dZI6
O0uTgTWFaaUlxUU5M7P6mY146t7dGO/eK3wgCBvx5nP+RQsXLvKrzm3Y9NGF3k04elH5srAKzyvm
HSUlRBgngIzx6hQi5wmA+wR2CvvUKV9cINQtG/xA+RPlXWg0yoOlgC5VnZ5GkRVnazKKYSIrM2dm
6czSkuxCih9mkjQlpSWlyvQ05vCa0ttx3pw7HVUG7BZ21yxfvvkZjw/j+7fhzDcrKreH2+2NoXAo
gvO23YM/x9k5RkN2Dr6j2pe7Lbr5uFOX53QcefVvVuAp1twcnJauw5opY0dj3NUDVDcPvq8sBsoy
gC7NTMCcCcSlpKeVAnGlGiAjh8uZqRkHhBWkpymL76i5o3632Wo177bU3aFvbFy2TDj7NLxwXnOT
VblQ+O3cSROXtRw42NSC8a0TC4S3uTEafGAfTsOp8DlWQ2XxvooFjLeiLMCZmpEmSiKGbAJTWkK0
ogJqcoCaJBU78OJok+m7gbVdvZs2bNogvPH9pzD+/jGciZOf+J6wA5ctaHMv0Y9jCp0bFi/GWRmV
woX8ibfi/ftwOtYc/N4TfY86Fy+EVV5RSyqipSmE34xiDQibvInA08FqMojQC4Ek1Xhhjzp5bOqM
Gbo1i/VY2IedDStX+H7sdDBPRZv8eO+j80pvzUydgBuX7Y2+pU6JPmnL1+GutUTbzYMfqHKAw7Fo
OmCRBFpYADwCJgWwphmXpM6Q5Mr8eO3CxYsXro0sWojxwkURzB09fPio8Dvh3SNHjx5R3NW4rO9Q
Y1NT46G+ZY0YHTggXBAuHIAXTsEpBw4AthUgzzHAUQqaQXkS7SknU5RkKahNUSBZNZCSDoanOI5d
wp6lzS2RN+65F+N773kjtKL5UHDRggWLgsEFizBetEDRzzR/ceGwXZeHjx3BSqyAT13+wM+slkN9
Vnj1HbJYRWkqLgCnqYBZNh5CQWqJiDldcSFPl6970LiUCNCwvHnD+NSUXEVe2ii2ueVYdEDZ9iNv
0VyMFUriQZ3gJe0ArXCYLaangxekp4DMgKkcTZokTKI6orviIhGZMj3c6Wl1zi2YOaN9MR7f1oq3
bhUu+rvWru8MBsLu4iI8Y6Zn8Z/b2tb1RNt9XrDWT/InTpw0uUibNpG9ZUZ9w9P/sHz5+HEz8Lji
SbdOnVKWPzFtTPK0O+88drKpEY8dRyj0Cu8wt+MtJIKBjyuyJpzFrv8558BbhDeEB3FEjC5qBNGF
RZmwQRJ8TpZGQ8QixZok4CB9QoaCWB5zvqe4qKi457CwkanFOQ/ch3FVzSP1ixfqzwrOH8wrvb1V
sXiO1uXUzsbCZuGz6CnVObv9l7taV80Zv1i/SWjGoUDuLIxkywbpXcmyU6/Rsvc/kmjZyrajkmFj
9BRCSc8BBh1gkIARyEWlRcWyr8KtNExNxKl8oWLVyjU/5h1Y2MPgzCyTEyKasAdP58yu0nkwcJU3
WV2h5c2K4x3zSgDb+9Empmb0mNGTu0qLsNX6RPQ3TM0LJTBsOkBpap2bj0tvB3nHo26SGHc1cuwl
l7LtUh8kjN8S+UBGUlYp29AtZF0qJn6CMyKKs9GTjGkgjTFFTynbLkb3DaKLjJOsd4JfrVR9QiJj
dkIczCBmLVtnuhTGS1UrVwfD64UH3vrNb97CXevDwdWeDlfoTFc3xt1dZ0KuDo953uSp+Oy/Yh47
z/7rlKklwqmarMytW//44datELLuIBj7IG6ogcLpNIOlpojwybuUGJLs2iRV9GEXZjBOTtKkzcjM
8+uXEG7vXL7S84rDiZ9jTgRW3veA7r6yBZOzJqTgpsZ9TO6lvsPturzuLsAzGbz2qOog9VoqMMBS
Wqgh3lWsydIUaphCvEZ4GHPTV/5IOP2L5paTJ1UHhX8aREK2CZgYRC3Nv8BvY4QXkWh3QmhStYJV
0PiTnah1EuYIsRPknCK5AzOeaMe4YnnkzL333HPvmcjyFcfCCxYtWhCmMehw9Dk1S63uyDEhKgwc
OZanU5Ramw4+YW3CYgAieFcKBtUYZQ9gLZI0lCnGgkKioeIMDQMBQ50QMIoVcihOk0LxcRIDz9xz
7733nIm0NC8Fmf6vp4X+Tlu7vXV5y8q/s5gvBBYuWjA/HBBj88sgQHy479LFw326vPbjAxrh04ce
xppxGTi9dNLkutpjCrXZsmu/qQFbzLt2WcyEShtYUR5YkZgLxolmoxknUoRBQNnKeMpTPFNUvL63
qLi4qPcuCFd39x0S3hZ+/cQhjA89gWfh7EN9zAWcHg4Gw8JHwr+FwuEQniRsf+0UxqdewyEcOvXa
a6dAvx9CJFDSGEQ8QkVLIU3GJ9gqHMErsA9bL13ArOInNVhdc6lY+AyovFfYn+RX9QGVPFCZkK0I
tThBtjSoFxfS0mSmFGCI36ulSC3Zamm6tIe8S8k+OSGQN8l+WYrFxUXLm8GlcVHJ8pbCYrxvWnll
8992ejyep5sry6edXV9dhfGUaWWrHnr4eLhzdcuuOy0lRU77ls07N2zY0LK6d+eu3S8cObZxU0Ul
rqzYuOHJ48+f/9EP71qak42PHBV+ncNMXl9VXVN1V091VVW1sLw6Jxf3rv+Xn25Yj2flVm2JLp3A
2w/aW5ru6Kkon8aV2fcdeH7X3Vsc7UBInu7Ow+0Fxbh8yYb1x4+8/PzxY73rKysgHPa1B8O9wie7
HgcZnwXlkkwgVXtnSUaFNNBLdA5yV+eA/JPICGcoMjB9K5RV0eOrhF4mF59icoXe6JN47+t4nPCJ
6tzF2Uw2YyYxAPJH0u20OgW4mEQpDc4CL+3H/46tuAl/JDwmPPkX4Ulhp+rcwHuK6RdnKysH3lZk
X+onuwGfqpNijsVCVtUmaISNwjjVOeGdSyblSQkLsxDWSdT3483CRkKF9Ez1GTyjcZLGB4r+GWY6
9grm6HsUM1IiwIwGkBgpP1BdBBvPFv0wa3ikzFEnlEAQYDJUF3fs23+MRMt338V3P/bAtnW9d/Xe
9Yf1vWvXvjO/uDD3Y6bZX52ZRaOl+403aLSsmpGJ8ca7//QfmzcnqzVQ+zGEVsD8CtCaSvlQS34O
NMsFFnAG1cz99y9agDc/0Se8KLxw8Akgf/M/1jc01P+jYuPAZuGf9u2HSnGRyLnyPYA2Ki498u5X
jo0GmY7oXubopbeJFIV/h+sp4R2UsEcl7wGM4rpLJrKCQfzgB2pnLAJISaNUOmgolPFqkEQBhfNZ
WzvG7bZnn2232dqfxa7X4SXsEfa+fgbjM68r37p7y8cXNm/BeMvmCx9vuRsq3NNnhF3CrtNnzpzG
q/HqM6cTdTicE6BtHtF19F+IvqM/ZW4Hy+uJbiN09sPZ6nYaNaaSvFAo1y6Yli3wJgmJvLMzmIUP
fLxh/freC9H/xo9j6/ePd7sL4eVe++STwrNCp/LkwJpI+HfvQnjCWfkFIX7rPcef2nKvI5xfgGnG
AK21Qs4eSzNGQnFKjEQxLHnkpALhCiRWpzRLrBuSOYwkl3wo1aU0RzC/HJo72g8DLozuh5POn0AP
kC0w4UadkB5oZiKxLKuYJociuZwhxChF1hUvPN5gIgnixXAwEvCsdrv2WO7EZuuRfYd3QKgyGDa0
tq5qXbMm4MGZjz5iMCiyc9raH3s3FMYpmpk4twQyZ3GRw1lc9Dmc5f6mEUhMTZuFb52uGYdb2/7P
VjOppw+DNZ0HGqeRuEFcv0QkJnYeLOQkPTAmZselV5gMY1YmrqqOrOj09GzetHEd/s6uxxYv/hme
LPweT8bvlS9eXOmC4iA7pxbXzE5P6+r++Tr36mdJ9qRn8HMwGg24SJCCvJ9FzYT5VFiOjy/BJ86d
Ex6Ldir3RB9WPDNghpTzCR6HSaUyCIda1XnYnQyVBIlSJEyk4GMQoaz4ePSn1LguMCkDfdEHmYjk
JafkmHKZX5HlolcRS8SoBmLgVKiDaAycQP8AgYqMGryy/yU8G66VwltCz0v9Qo+ybWBAoYwqmYFL
fQpmQBDrPNUaGZdc54WUHw6cV8y7+LEiYwAc46OBUuGdjxSvSTGTRmu1FHFxBou34O/iB/GW6K+E
YnDkk0oThEaMFiKUvDMhNtPF8LEQr4FiDEEGRvDtE/qESuE/hb8IlbD3FeVCckGw9F/aAdJ2k9Oa
6k+IQ/kIlcq2Vyqn2JkQNuWQAMaJhznH6RWNFsuJtjaNobZu+R8e3I4PHsBJOOtQ34v9wovuNhve
5CgqLCxy8MQdM3CKNiUdt7W+VDDpVjjl/eaTR3fgV38CwWT7z3+BNWOYP5cv2Xp3Obzu3rqkHHJB
L/jleBqp8tESsU+RLsdUICJbOmtlSA5BjzEpYuyitcGElPhi4j7Ma56y+RjPL/N0lt1+e5nQe3+l
Yft2rMFjt283VG/bXV+Ld+4SzgvvPLbLVLt3ecHclS0Fc+cWtKycW8AcIOd1X9n8+WU+//yyjbOa
rJtestuxzf7yJmvTrNtaVz1yPhAMBs4/sqr1Njy7JR9eLc1zdTg/n+j0IEiZAU1li/aWKnkOpTax
JCyVzy1vKV6Kds3WzZ6LNXt242PfF97eBBmpx+9pf9Bcj3G9+UFL66rVYKa//3BUsvq++//yX/fd
TxocOA/ylKGiqwsKhNR0LYluK6AeJnUpjW5yvJfFMiHhaC7XqRnMC9KpO0ij3LrEk7lYlwp7FN3i
oVsMdNHZ8ZP50SOkGP3iM8L3JKEKzoBtSCNbKEnHENMIq6WTsBPPARN1CrnVrW373gisuG3WRFbZ
Fk1mPr9U0m9c+vHUKbXTAQrkKdUkgBL3iOmwNR2n4Q6hWugGn7uoUF/qQ8xgv1BFT1+jRYyaFBEd
beeI5zCP5/TfL3LOzMbScey597q6P4YSa5sawbEMoxyIINsBAjmLpFIzTxXDA5xDaDGv2P7PdVOn
4QLhjLDv5Ekn/yt1yseTp1aYBtFAn6INI9MPWpZJp98egCPWvFgKSkAAPoD7ou8wJsEkLCUNuYG/
x/ujQvQwflOYI0Ym9ZpYrSzvI4lyNv7f0bmKScK06DM0np1nMqILB/7E1EafE+lWM2KGlSIB/aMY
YNSCXzgiHBe8MBqDH8XVuAo/xlyMqrEgMMxF5m1hOn6P1AXCOVoXTCB9MFWWVABkk/YQifYAjtiO
dFyhtcLD04SHT9MyAHfg1ad+hjs9P8NzhB3CB6RoWNX6PK0ZJr9+CntJIYChcNgRff6HK4Rn1Uoo
Gz7ZuEmqGoD+neAhcwB7rNciV/DpUm7MTuy1FCf2Wkhdpzx1V6Sr44Hy8jmzu45+4XbjHTuFNx9+
6JGHHtq2tbe3smJO3rZdv+twPfIIHrNuy2bVceHVkqlTIA3VL8jISs8ocHa8+Hn3Ojx5cjE21GXn
3HabqWpm9vSMfLfrH86vXTs+BYyC1CO0T8uiNJRLcrZ0IsnSTJC7tGAjJJXT/q3YXqGJevyKPB3G
urwV594PLSgrmx9+/33sJCU83vGo8MvoZqYcl2x/sLBQsRPnzjLV3jZLeDUawgVz7W0F+UIPM2mG
rf27v+5cjVXnWled8S2tIxlvu+CkFfNoaif0BCN2i8FUdu8RTpsWrF0Ezy/2Cx898ABU7JXlW2ht
TK/V+x8bWDV2wX+TRvzwF0A2JO+kFYo6Ngl7krwC1GHjyIpNyTsppMTXEuVp5FS9g/qZl9EJlRM1
K19GzSovXCfhfiN8v4BWKj5FJ5SvoE4Fi7wMJDt1Luonz5Ob0FNkn/JJtFJ1HuCcRH2KN9Fk2HOC
7FPtQO1wfQjUboO9Z9VzEZv0GeyNIJa5iPrVJ+HagZzqjTDXDdckuAd66PxRuCdwdqD74ToM10rV
qcELZF2SA9WoTqOVBF7ym2ghPOuEqxeugxRvKZoE13Tm5cF+xV0oR2VGJ9SFAHM2yiHwVa+gnWrA
xVwc3A4ySEV6VI8OoHM4BXysF7+I32cKmUp4b2ZOMgMKjSJX0a54XPGS4gtlrfJe5ROqeaoqlUO1
RbVbdUz1suqSOlO9QF2n3qY+pP5lkibJnrQn6YdJbyT9IVmVPDW5INmafPiWpFsMt2y55fgtL97y
WxaxU9h5bAu7h/1oVP6opZJ+lyAnOUdJd8Nft9KThfjagwukMUaj8AfSmEFK/IU0VqBxDCeNlTC2
SGMV+g6zQRqr0VjmaWmcjDTMeWk8Ck1VzJHGo8d/b9Y2aTwGFc1/WBqPQ6Pm/1Yaa5By/qeAESuh
UsL5FDsZY5SGT0ljBiXjP0tjBeKwII2ViGPmSmMVmsg4pLEaTWMelMbJKJN5URqPQmXMf0rj0dll
iqXSeAxyzc+WxuNQ2vxXpbEGJc//I6pAfhRAPSiI3KgDuVAYqqZZyA7RgEMFUKPkQ/TiUDus4FA5
rAmjEFxBxCMb8iItzBqRD9brYKRHHnhzyByDFaJ3PHzzsKcLPh2wkr0GrCUxrFbA1AW4OmGPD1YT
Omyw58thrIRRJ+xrQhFYYYe1NgqNpztslCMOoPjgMwBr2gGuG9ZxsN8P2G30GWSwCn+gJ+jucIW5
WfZcriA/v5Br7+HK3eFQOMjbvFrO6LPrOL3Hw5nJqhBn5kN8sIt36NjLtpaQrVZbl7fT7+vgym2u
K2ys5DttTRHO7rL5OvgQZwvynNvHBSLtHredc/i9NrcPKBvKooUyGIJpcbPF5oObcmDGAyyhcr/H
caUtXHxZwmbuurc0UV2EQIJ+Kt8C0EghKoUHfDDk9vu4Al1h6VDIMtw5w+ESsHNGosRJgYsGEJbM
U6bF6feBPMOgHkSNJAwqLkN58HZIMLoAhg72+uE7CGrnKbwgNRAdwOVhD3KFw4GyvDwHAO2K6EL+
SNDOO/3BDl7n4+FxVQIFskHJRn2565BnxEh5aug88OhH3bCWmPXNMVYCqRqe9MAaF93phmcByleY
OgaRWpDuIK5EoHYNk+RwPuLOGBnijFfiBuL5iLyLJmGDUaLULg8LLFjA9b/Zawo1Nz/AjazvOM9u
eMLSUZjOECv0Ulmvhjk/aOCv0UI4a6DwvBRa3LnclCYXfcZLfHVQLD5J61pJ76K2RGyijYn2rqV0
+an2fXR/QHJgEYMfoIYlG3NLVmCjMERJsxLMMKViuD3Z6TpihyJ0GQJZLdIu2jJP/V+0vcwEK8mk
miN7HfQ7ROmywx6bxB9LvcAOFuqlUML0iSwfJ4w8kifNitEYx0BiGqE/DPYrWj/BGJcJmQlQr3EA
BjvdLVPjoByEqa21w9MwfSriYK+CQSt5sx0oi1Aooky6qQ24aFQKS5Lx0rlEjmQegkOsUqQ2QmWo
TdAOGXupPkVdswkRJAS7tVfgQxvjM49GEI5CFv1BhO2WpDpU+1fnWpacSG0gZtFhSlfc6uIcdVN5
eK8Jg+wNThrVfRKHfAJGB/0kOLT0m0iiE1bYKTxxjaw/J81EYmSTNWSnuB2UYrdEaRn1TqtEnQ0g
+mlkiOsgMRbFJXB5JPDB+rDkDaEha2VfiUssMQYk7uMozzZKOUtj81BbE6Uh5hLbVfTpp1mQk3Tv
pd/x+HEtugjTTEQyq03iSDdEUlfbS2TSI+UWETuRuZPS6JAsyUPtNBibESklMnUk6DzR6uQMaqMZ
0U1jhofesTGOHJRSoi9fgjQ6huRVEZMcQ23UekTblXEMl0/or/IkU8lKHMQtzEZ1dO0UDMUzXB4j
0aaV9O2h+9xXiOZsTDtBGmdtNK7E4cozoZhFyv4yPHvwUpzjKRcypm7KlYPuzxwhH2bG+B6+g/ww
RM62mQlWJvpM7bD80k793Z9Aa0TyA9lOuuCpewSJ8WgtlbNP8uQAvMXsZaMRlY/tSNS7SLM8w47o
KS4a4Tn6HZJo5KklXclO5Fg3Uux20Ezgo3pPlNdIUmUTJJeow+v11ZBUv3MSJ7K3yZ5EKgdPrPYI
SjuGQgxQi14Nnx2SxsR8SKyKjUXVrzJSXZmrdslHwlI+dMYkVYMMFE89MsEdwVMPd1a0DOpIM31m
hDkO6jgzPGmCu0qYraR60dMn5Hkm9cZlMCYQ61EjhSXCMMMngd0CMwQ2R+/J3VJYbwJYZK8BNVMc
BoBmAcrqYUxg18FsLXwbpHVkRwXMNMI9GVcjUoWK+Eywy0p9h+wjtIiUWmE+jnUoVUaKUaasDu7M
AL9GeqoH2EYKj9CvpfURGZskOkXJmSl0IiMCmcCsAIpq6R2ZbYTvBlhnofLUU55Fak2Uhyp4LvJi
oBSImhApqoDvBsBNVlQDXVYqBYLJKq3UUj0SfirpfoJ1KV0lUlYvaZmM41B0kixFOoj8m2KYLZT/
WnhzlH8rzFipbvQAX4Yr2041hUDoZqk0Gil/eiqHeoqhnK4jUiTyrI1ZnDlBKxVUXkRvhPJKiklP
JWIZkRMZWqJ2RrIONoahmvJnoJKqpastIEcDrDfGZkR7NFJeKyRZizBFuxdtojZBuhWUR6LZOwGr
QbIpPZXdUC6InpZR+uNciBrQS58VCTKLa98kaVemx0oxW0eQyjLqiwa6Sk91bYn5SBX13zqJ8saY
hcVjQKNkn/UxyobKV/Yjed21xA4Rlox7qAYrqT3VShRaYtIQV7BXgSvGLgPkNTs954RjcXto5k6s
GuPVaGLdqU2ItYmVgBiFq+la77B18VnxtCTmrPhZJ7F2G+mELZ+OxVpernrj1YcYu8UzUWLV66D1
uVgDhmJViZ/Wgf5YZdJNn8ZzekDqnfiHnPMIZhvN/doYLjkXxWGJdaWNVgsEW2gEaV45Q7GXnQwD
NN+LWLrpOCxVJoS/iLSWzK8bdhqW+z+X64AbUQcyLyNVDonyD1J9B6SzlJtKmNSTOgluEMnnsrhM
iATEvpt3mNbj1keglaHhXQUig44Eyh1U1iwSe3gEJ0vjldzj+ua7Tje7wf1t6gexQ/pBwyuvr64f
xI7YD+K+5n4Qe039oKGVvD2BpnivQ155bR3UkTos7DfWV+Iu6yux/7+vlNBXincY/t/sK7FDMuw3
11diRzitfRv6SuyIfaU4R19PX4m9Sr/g6+krsejL9pXif+t0M/tKcX8b2le6Uva9cndJPJ+LlcS3
rbvEoqHdpZG7G19Pd4m9inS5BAl+u7tMLLWxy6uZr7/LxH6Lu0zssC5T/Kz7dXaZ2L/aZeK+ti4T
+yW6TNxX1mViqQyaAOodlFpR2np4/vX1jtgRdf5N9Y7Yy3pH3DfWO2Kv2DuK94C++t4R+yV6R1eD
+9X2juTIeuWMcnnHh72Ojk9il+ZmdnzYG+r4XH5mu76OD5vQ8bla3+FmdGjCl8FfguKdBpbiIXc6
hKroD7TI79rIL+NiP6bjZoV4nmvnPf7uXB13Db+C03HVnp6AK8S5vQF/MMw7OGfQ7+X0Qb5L+hGY
jIP+6i4i/uouEQ3LxrE38UEbJ5IW++keO+eqL/byH/ld8+8DuWGY3SHWxoWDNgfvtQVXc37ncCgs
28AHve4Q/Q2dO8S5+CAPuDqCNh+wrgXegS3YBhILdvBaLuznbL4eLsAHQ7DB3x4GiblBBDbODkSz
sDLs4mU52e1+bwCWkwVhF0AHKfO+EEgvk4okMxeAOThbKOS3u22Aj3X47REv7wvbwoQep9sDSppF
ININnMXvDHeD+DNzKSVBPhD0OyJ2noJxuIExd3skzBMa2CEbtKBmuyfiIJR0u8MufyQMxHjdEiKC
ISiKEsBGQrCesKPlvDzhmqUGEnJpE3BoCc48f5AL8aAHWO0GUiX2h6EmxAHYABF0mBVFRxF1u8Cw
LttA1OCMBH2AkKcbHX4u5NdyoUh7J28PkxnCn9PvAWMjDNn9Poeb8BEqY1krgLO1+7t4yoFoRZSA
mBH4/GFQQ0icJVoJxC1AfMaFXDaPh23nJakBGeAltiF8+n1gF0HO6w/yI7LNhXsCvNMGiHQiUUOf
em094C2w3eF2uomh2TxhMD0YAFCbw0E5F0VHHNQWBLoiHluQJYgcfMjd4aNkdIi+CpuIhdrsACRE
dsj0hIZjIiBZQEAFZvOMDEDaI9MRhwbk+Tw9nDvBzFnCTpAn/4cOXUsGISJIohfZPXiwOT5IN3X7
g44Qlxnzw0yCW37AZhK3zaQiA83USv7SzoMnEagR0AGRSZffHSOMXxsGj+FsgQC4l63dw5MHIu8A
mQzYuFJctjDnsoUAIu8bIhNidXHrdnARn0MiOE4qS4kTObyaVkN+D/FqqjaiJBvnIdEDfEVeGLDZ
V9s6gDHwQ5+fJab65YxqCCoIWEAi73ESomoMXFW9ycpZ6qusy/RmA2e0cA3m+iZjpaGSy9Rb4D5T
yy0zWmvqG60crDDrTdYWrr6K05tauKVGU6WWMzQ3mA0WC1tv5ox1DbVGA8wZTRW1jZVGUzVXDvtM
9Vau1lhntAJQaz3dKoEyGiwEWJ3BXFEDt/pyY63R2qJlq4xWE8AE4sycnmvQm63GisZavZlraDQ3
1FsMAKMSwJqMpiozYDHUGYAJAFRR39BiNlbXWLWwyQqTWtZq1lca6vTmpVoOgNUDy2aOLtEBlQCD
MzSRzZYafW0tV260Wqxmg76OrCXSqTbV1xnYqvpGU6Xeaqw3ceUGYEVfXmsQaQNWKmr1xjotV6mv
01cTdmQkZJnITlwcLNlQbTAZzPpaLWdpMFQYyQDkaDQbKqx0JcgeJFFLya2oN1kMdzbCBKyTUWjZ
ZTUGigIY0MOfCkoZZd8E7BI41nqzNUbKMqPFoOX0ZqOFaKTKXA/kEn3WV1ELaAR5EuWZJHqJjsjc
5dYBq8huicFKg74WAFoIGTDBDlkL1mVYa+cDYWLbknOLoZGGUTF2aqnVikEATLjaB44rztEhpCXw
LJp1xOgWT9gkHWvF0EvDB1g3ZCIx9Dq6eIiAIRJK/EHWT4JJtztEPR1SoNcv5jwuZPMAMthFvIiu
glhp88C2UIzMIQ7FyskwEHTDlu6gOwzBhLNFYDboXiel4aCUpigHXJwDgiUeHET6g3woAFnK3cV7
enSwNkhyGaXE7XP6g16JdSo+e7hMLhXCXAcF7vCHWX+wQ8exLK24brh0utZ/H3Fz6iBWrIO466mD
2HgdxF1nHcReXgdJQd5OIYXknDFCgRovWNgbqZU4uVZivx21Eivq4SurlVjRYW+oVmJvYq3Exmsl
7jprJXZIXXAdtRJ7pVqJu/ZaiU2olRLdd0i5BPkcgsTNKpdYqVzibqhcYoeQS8+NN7tkYn1+7oZL
JvamlkysVDJx118yscNLJu56SiZ2xJKJ+zIlE2vVN9XdUU/I1tdcV3XExjm/keqIlasj7kaqIzax
OuKuqzpiR6yOuBupjoixDnGUWOHDXrHw4b5E4cNevfDhrqHwYWnhM7R2+OsFTVhev4QWDawOvnQ3
8m8G82jfbjVcebR35qB/q6ejf78agLmhf1t49X9hmNftXu3Oc0OwWqsLuAJ5UsS8rn/4idD/BQVF
cewKZW5kc3RyZWFtCmVuZG9iagozMSAwIG9iago4ODYwCmVuZG9iagoyOSAwIG9iago8PCAvVHlw
ZSAvRm9udAovU3VidHlwZSAvQ0lERm9udFR5cGUyCi9CYXNlRm9udCAvRGVqYVZ1U2Fucy1Cb2xk
Ci9DSURTeXN0ZW1JbmZvIDw8IC9SZWdpc3RyeSAoQWRvYmUpIC9PcmRlcmluZyAoSWRlbnRpdHkp
IC9TdXBwbGVtZW50IDAgPj4KL0ZvbnREZXNjcmlwdG9yIDI3IDAgUgovQ0lEVG9HSURNYXAgL0lk
ZW50aXR5Ci9XIFswIFs1OTUgNzI3IDM0MCA2NjkgNTg4IDY3MyA3MDYgNjgyIDcxMCA0ODkgNTkw
IDM3NyAzNDUgNzY0IDcwNiAxMDM0IDM0MCA1NzcgNzI4IDcwNiA0NzQgNzEwIDcxMCA2OTAgNjkw
IDk5MiAzNzcgNzY4IDk4NyA2NzcgMzY5IDgzMCA4MTQgODA2IDY3OCA2MzIgODQzIDgzMCA4MjMg
NzEwIDY5MCA2OTAgNjkwIDcxOCA2NzggOTE2IDcxOSA3NjggMTA5NCA2OTAgNjkwIDY5MCA3MTAg
NjQ3IDY0NyAzNDAgNDMyIDY2MCA3NjkgNzY1IDg0MyA3MTQgNzU2IDM2OSBdCl0KPj4KZW5kb2Jq
CjMwIDAgb2JqCjw8IC9MZW5ndGggODA1ID4+CnN0cmVhbQovQ0lESW5pdCAvUHJvY1NldCBmaW5k
cmVzb3VyY2UgYmVnaW4KMTIgZGljdCBiZWdpbgpiZWdpbmNtYXAKL0NJRFN5c3RlbUluZm8gPDwg
L1JlZ2lzdHJ5IChBZG9iZSkgL09yZGVyaW5nIChVQ1MpIC9TdXBwbGVtZW50IDAgPj4gZGVmCi9D
TWFwTmFtZSAvQWRvYmUtSWRlbnRpdHktVUNTIGRlZgovQ01hcFR5cGUgMiBkZWYKMSBiZWdpbmNv
ZGVzcGFjZXJhbmdlCjwwMDAwPiA8RkZGRj4KZW5kY29kZXNwYWNlcmFuZ2UKMiBiZWdpbmJmcmFu
Z2UKPDAwMDA+IDwwMDAwPiA8MDAwMD4KPDAwMDE+IDwwMDNGPiBbPDAwNTA+IDwwMDZDPiA8MDA2
MT4gPDAwNjM+IDwwMDY1PiA8MDA2OD4gPDAwNkY+IDwwMDY0PiA8MDA3Mj4gPDAwNzM+IDwwMDJD
PiA8MDAyMD4gPDAwNTI+IDwwMDZFPiA8MDA2RD4gPDAwNjk+IDwwMDdBPiA8MDA0Mz4gPDAwNzU+
IDwwMDc0PiA8MDA3MD4gPDAwNjc+IDwwMDMwPiA8MDAzMT4gPDAwNDA+IDwwMDJFPiA8MDA0MT4g
PDAwNEQ+IDwwMDU0PiA8MDA0OT4gPDAwNEU+IDwwMDQ3PiA8MDA1NT4gPDAwNDU+IDwwMDRDPiA8
MDA0Rj4gPDAwNDg+IDwwMDQ0PiA8MDA2Mj4gPDAwMzM+IDwwMDMyPiA8MDAzND4gPDAwNTk+IDww
MDQ2PiA8MDA3Nz4gPDAwNUE+IDwwMDU2PiA8MDA1Nz4gPDAwMzk+IDwwMDM4PiA8MDAzNT4gPDAw
NzE+IDwwMDc5PiA8MDA3Nj4gPDAwNkE+IDwwMDY2PiA8MDA2Qj4gPDAwNEI+IDwwMDU4PiA8MDA1
MT4gPDAwNTM+IDwwMDQyPiA8MDA0QT4gXQplbmRiZnJhbmdlCmVuZGNtYXAKQ01hcE5hbWUgY3Vy
cmVudGRpY3QgL0NNYXAgZGVmaW5lcmVzb3VyY2UgcG9wCmVuZAplbmQKCmVuZHN0cmVhbQplbmRv
YmoKNiAwIG9iago8PCAvVHlwZSAvRm9udAovU3VidHlwZSAvVHlwZTAKL0Jhc2VGb250IC9EZWph
VnVTYW5zLUJvbGQKL0VuY29kaW5nIC9JZGVudGl0eS1ICi9EZXNjZW5kYW50Rm9udHMgWzI5IDAg
Ul0KL1RvVW5pY29kZSAzMCAwIFI+PgplbmRvYmoKMzIgMCBvYmoKPDwgL1R5cGUgL0ZvbnREZXNj
cmlwdG9yCi9Gb250TmFtZSAvUUdCQUFBK0RlamFWdVNhbnMKL0ZsYWdzIDQgCi9Gb250QkJveCBb
LTEwMjAuNTA3ODEgLTQ2Mi44OTA2MjUgMTc5My40NTcwMyAxMjMyLjQyMTg3IF0KL0l0YWxpY0Fu
Z2xlIDAgCi9Bc2NlbnQgOTI4LjIyMjY1NiAKL0Rlc2NlbnQgLTIzNS44Mzk4NDMgCi9DYXBIZWln
aHQgOTI4LjIyMjY1NiAKL1N0ZW1WIDQzLjk0NTMxMjUgCi9Gb250RmlsZTIgMzMgMCBSCj4+CmVu
ZG9iagozMyAwIG9iago8PAovTGVuZ3RoMSAyMTYyOCAKL0xlbmd0aCAzNiAwIFIKL0ZpbHRlciAv
RmxhdGVEZWNvZGUKPj4Kc3RyZWFtCnic7XwLWFTXuehaex6QbaMiIHncHDcgEuMIBkQiVmWAAQaH
GZwZQPDFMLMHRoaZcWYAiQ80GpHoiRpfeRD1EJN6rLVpalo1tW1OHr6Sntukfqc2TXuUY01Pva03
p+d+VpnN/dfae88D0Ro1j/t9d4bNrL32Wv/7tX5GEUYIxaPVSIGQyZKdUze5fTLMbIKrpsnd6Vy0
bt0CGP8HQkk7m3mbw+nTr0IoeQXMTWuGiZEXvrUQ7g/D/fjm1uCyCQ+ncXD/a7gfcHvttj3sPjNC
Y38F96tbbct8qBg5EUqxwj3nsbXy47yVr8B9EKGZ8QgrR+ItSIWQKlf1AkL4H8RPxb8hJzMGIWaE
WqGIVzKM8hLyDH6EQoPs+IaJSsR9q8qpc6BCxA0OqpOEJPxiXCvub0B48PeDiLwY5BR2Kp2qfcBl
HEKJCakJGakJqU4lGggoHh64KOyMG3n1c796Iqy8AnjfUaaLK/Nzk9MT4LryMbwEQZkuANBrCCn/
qDpLnitSk1MT0hNS1cq/hP58JvRn1dkD186qJgEIdAxWOdRJKAVuYMmEzAnp6jh1MgxzE6blT8sf
mzJW6TiCZ85asbO65ujRovp57W/b7cy+0AJm9+4qE17U8EqoW50U2u3IfRzj9mWEC9/gBWWXcjl6
CKUD1ORUgJGfA7CSAXImlzkhcTTc5KSMjSPY0uLUccqugTdGNDt/7OLtjY4m1xLhv17ajXdsH7iw
7qkfM2bLhpfmL7qfWVT/s0YeP/Rg3qHHxqbg3l7M4jGv7MVbn3t3V3197byXJW4UFYA5GW4AeKbM
SjKwkgtkpCgquPQJk142W48eLVi4YH1iythHFIfH3BeHscP509AbyoZDzhzgQ6kk0HyD/YpLAC2V
cCFLJillbO5YiZn0tMwJCUz+NMKh4pLRWGX6oR1ePzRVGY2VZstCYfsO/PwOHFc9t0qZd/CxlGTs
83/4C58fpyRpDowfM2bPHjwSJ+x+GY9OJHJ7G/B0gi5E7edSwtPfPgIvZcP1veqkP8KaY0KNch/Q
lITGI5QR5g2kmTAaCFJnTsCSVCmlIHYcAF7r5i3/YHVX1+oPls+rY57A5uqt28xWq3nb1mrz/tAh
NXvAnjOlr0+4Klzt68M52fjy6bZAoO30mUAwGJCtBLAOYyXJt20lIFzZSDDKB4Y/V+2mmkog5kmo
BXZBonkJ6Xm5CbgDLxeenjA+ePz42blzu7tVu4V/2Rza25OZ+WKV6SOmYTOeRXT0nuIA9oKVK0TK
sPeA6mzoLENt2zt4QXECqM6V9JdJpKIGK4CfsclJYIyALTNvrCinPLICfibkTxDNU7HRaLXWP1Os
wzlTdsx+12JevvLf6m2Nbqe9sXFNWSl+PPe7hd81VGK81PcLZ32dcvahR5MS8WOPWbXpE7iRjxmM
G3rnL8BjRo//6bQHH548yVwxMXPCqPFz9Gtfrq3Go0ZJ9hr3CFD4GNxIckwBLqZG5Dt1GCtWTtQ1
LF77/cWL8NHp09u2mC1Hpxe0PwsfR2fV1T7ZWVut6FkxowDjzuUXiAL2moyiApjdfUYDDiuDWPrM
WWBTT4K/TgYq7kfZQIdkOvnEyPPyQRfEa8Gu8kAsual5ku7j8iSzY37679U12kLvCwvn4yNHZi9a
3P09hxOvXnUdM9hs3dUwf4HF0bBo/n8tW8bk5uYub5w+A2OP+/BEQ2jNAeeUHIwbG/qONzSMWVWm
w2NTsg5kJiWuWkVkE/EG6gvgB+qkv10mfrIU6G0DekehcRF6iQrziQqBpkRGJDkBAg0T2FFdU1O9
Y1tNNcbVNduu9GzAeEPPlc+7e3q6Fb8PBE+dIkZ+6kRb4OXeXuGy8L96d2O8uxcn4qTeXqCjBiF1
nrIBfYvQkUh/cLpCkV5z5A8Xz/3h4hHhk3P/+/NzyoaBnYol5Lq+V7FzYAnh4HXhc2a5egxKgBsp
dKSkA4l5U4FUZnl3obaocP3eXfo5Ffrn1WP+cP78pUsX+i/+qf/C+d/1X7hMIHwCvw4hgciAxPhP
SHSnEoAoUE8lMBVWyDYiSSEFAkFqjGXLKiTyIDpLyctV9Jmt23fMtVjm7thuNR/pWi1cb6yumVtV
ZbS8WV9fMK9uxS9WwesXK+rmFRxhZp7wtmLc6j1xstXjaf1P4fwzm0bdP+6HmuTkxYt+Nt/+eA6V
mBIrdr/8eE7jAaB89+AY/A5QrqKUK9ITr3y8b41ZOCj8HBcSzr432K+cB1JNIXkuN0FWIAypwZE4
cOjIrJkrt8+rBrMqqa1r+xc7j48xr4Vse0xVixe9yiy/vveg8/GcZctAHuuFl+KWqvpAHg4ALllv
3lQxEBLZE0+nYhe5J6mNPM6UrVktRQY5VaVIe2g8IPska6eRA+SrYq6Vla5cXlZaru98srScSZ1p
MDZ9b4nb7f5uk9E4Y/NWq3kcV+javuv7K3xLG3bX1uEZT3hcz/TsXrNyRXP9ym07dh175dWu1cUl
uKS4a/WBfz7+8Y/fXA4BYs8e4TPmwc1zLRhb5m7eaDWbLYK+cvwEvHLFyROrVuCMCYa1IS55qfcH
SxYvqnoKfGZcaqHz1e/8fM/GTa7maU9gzaS53sacPFxUuGrFa6/89M3XXl3ZVVJcW7u3MRB8Uri6
63m17EH14Fs0i2BZ6IRh2USwpBFZiIq+I0dm1NatONO1enXXmRV1taGTNH1YrTSVKH7ELPrb5f18
dg6GBBKP4/v6puQIY2n+OENzCeh8H/iDV/SHRJqNidzTp4l+u2/vzjl6jPVzdu59uqgQ48Ii9ZjL
F/p/d/5C/58u9l+4dOn8eWI3EKGYq0A5yRvJNM0li8UN5Ayi4Fzm6uuOjEycLfzy6Ouv19YeVye9
8OjEJvvmgWzFLzcb36qpJlDmQZ3wCVjffUBJajIGCHk4daliScjAHB5YyRwO8cqG/QOfbNuvyIDV
PxjsV02EHJNMI5FsXSA14miknnnjTG3tO2/Pqz2z5TnhkvAfm5/DqrMDbVdcLRi3uK4oNg4sED7Z
vmPHdkygdYPs+1RXwllJztU0K6VAVsqI8d2pUlaizIFilOVBvmnRa/Pqv13wnScvuJfgrduEz1ra
O7ue7Gj3H1y8qLjkxeX9Dn7Txv9u9rSq9r2X//DDhdo2x+O54x7UtHje/I13KX7ggez/WZqWDpbX
Onsm98Dkhobvvu/3JyYRyZyCTL8ReB1BJZOaIF2nFK+HHmJOhKYzVwdmQfkolB4I9R8AS4L1Kius
T0FpsJ1wkJiuIFylk4JTCd4CSgYLk6JzuuIfC2fPnPXhuZ9V6Mo6fnsan8Ro1SpcWBx6RthqIPo3
bGV+klJWvkpoxl07ch4P9ajO4iUtv/7HhQsZU+jPJcVrnyopIngHB1WvA15WrCByufxpiUzmhNSM
VA7iPygmIxVv+yvO2/Isxs9uEc4IRXgP/sEHp/EHHwhVgk2Vfb1j00acjTWbNr52+EfCGmHVmz/C
ADcweEF1DrQj5hagPZERFUGgZ3JibsngREdRZH66ei3Ga1d/+ts1XRh3rfktnn78LYzfOi6cEN59
6/jxt1QG/Mo+4aJw8ZV9+17BD+OH973y6ke/EvYIez76Ff7oI9yIbb/6SJK7ehzwQ7JMKsbEonE6
VDSn8GS8Enfhye8JXWeErnfBsOIVV69NUo0bQEp07Tzx5tGgg2bYy4A0EOzFJEGlKtKZnwh/ZjKE
5ReZ6R9tCC3ecFY1MvSg4tC1SbhLWCPixNvE2olk2FOnT6vOXpskUQNnmrOif5D4kEpJGc3sfFe4
EloCVFwfpzx/bZLy/HUiJiq1TJCaXClncqLgMuSyP10pSoxUyqpMZyD4lDDY3YNxTzfGTwUDzpa2
jnXC996BF7Y8vaxd1Xh20ZQs3LtbOCf8Gs4C2VkNH5ePH49/+a+4CTfB77QMUguDJ+2DWDCKRrGh
Ze+QsjiTHJEUF2NK39DmmMK44OhRJjuq8GXMsVUxv19NfeSA8grTo3bSmhOUhL34oReEY2qn8Axu
J89ngA91QnQZQZ6TBfCTC4cKh9CCD5wTjgnHzuEfCv5zeCKeqGwI/T70Nj4ilDMVzFhhKd5MIMwU
quEE1UAipYoEZghuRJL5BEwus82kr1ixzW147LHcVGHGO3gRXvRO88mZs/CL48evtyqNA9sVboAy
OAB0XAItxkO0IxtJgaw8h3fjl86FrpyBOvlFxjnwOfj0CYLTgX/PdDFrqTWAxzuYh0MXmbX74MlO
gFMB2iUnDhIqp4n5MF8+vuVJdSkpqckb9zBvDxj8J9/PtWVmYJD404tdLR2dLa66z555Ji19/kNP
rz9w4ED76RMz3JUVFe2GOampxR9MeehBHGh7e4HZ4nvkmU0kp4N2N4c9MU00KBJ5E0aLVR7RLKlq
EuEExmzsNVZhXGXs7YWzV1XvtfXr1q2/dn3deozXr1NVvfCS8KHwwfMvYfzS83gqzn3phb3vnxS6
he73T2J88n3ciTtPvg84oXpQ7qOedD/1JEUuOYKRSJanUAsMFvKEs2dPhRapMgb6FR8O5O4X9uKG
d4j0wBGV9TQeofzUBFVeRi4JmwKuEF7A/GlcMbDvgDJQfqT82lkSNTcDbzspb1NiK24S7sNZQSGZ
MD2qyA5ESu59PUYo1Ho2VJlMVfi+SoPRcNLVMrKgfp77/NqnNvScFwY29Oz/Dv4f8EAxY+HCvn9a
uBjjxQv/qQ+CaOeR9KTE7m7hL7XZWRt6/vSHjZskCUAggkOJgkRW5WXKyVg0kZ7O5DIgMsxMzSSE
kGwVJ5+lIN7ikj4i/T7hJ3jStory8optwtnTjPLSyhW4ULsc6swNPddCnzGnQp+WFG3aWFLEOIVZ
T+T7fdPz8WsNDT/omWtOTHU07YIiE5O4dg43qD5R9Enn4dRk+j4HpZdALkXf/iuk0pwJkie+oiZR
jFh5+kzRJYQF16AqtyoOXt8rdzp6wYFZGu2IJ5H4euwok/Gn0CGm5UroxFF10oAL94f+GjrIpIc+
pT7xR0Uv0xn2CcUTAyeZzi1A22rQYDdokCMazM+T6sbE6LMSJIsERkznOKqSIqo+bzAa55xocY2a
Ma/O/e9PrYU42I8VcDJ5bb9wsbLSiGdR3W6geh53ZHxiEu5+GifWZGVDyFx/+eKmjdR8SRIZNYrZ
BSreu3jhwsV7QcFAdS/QFgDapooZmcTfDLVUU+TLJ10xpMhEhX2Y1GSK2Vssc/Gu54XPFjfyLgtv
9xzn7Xj+wlcP/Wh7lWmuZZd10WJ/gHfUXQSicGm5IoOzNW75tPNJjJMSJryT88BDeM6czeugnHvt
2wVLA7NmjknMODwuYTRucr2x0loD0nwGqv+Nkv0XRk5HNMgBRRly1S0HFemTnAro6VyhjqqOYDOz
EU7BFvOWLRYzhor51bVlFXh11+9+t7qrvGL1Vsvcdev/z9W1EAss5ucqcEX52qcq9PqKp9aWVzDv
YUNl9wZDpdHQ3V1pqB1XP2/NG64mTEhdM69+XHqj49nfkFzwm2cdjel4dluhVlvYFhALVGJV+8Gq
SO5Vi5VkOk7dr/h56MLHWAhBAq25tkY1iZ6GLigdsCpDqqpkYQNPqbJmaFdJDqmfKh4M7Z00edLk
a89txTt3Cn9Z3GBvqm9oaDnodJBe1UGzaa6V1GHPjYqPg+Psf34OoS5hNHcmJ+UBvGB+70sL5oPQ
pXouXc7kUj2XfkpRH/IxVaHXTxMQ5QdC+ZAtLguPKJOEgzSrQZBXJl3/tXBwM6QjhMWr+vhvA4tH
ffu/SSN26IvsjlsKORETSUgv2BPXKjyCQM2wAsX5KaTo12zlh8jJvIGuMBuBzv7Ba6ox6JjyMlqq
qIBPJ1rKTEdvq5LQMTKvSEf5TC56TzkJeePOwPNLaDl5rryIlqo3ohrFOPQ6wPkE1i+Fz92w5xBQ
2k3u4dk+5pcoW5mL5qk+QW/AXLdqJDql2oxOqSfCZUAB9SW470SjmQXwOQDXThQguJUIMv5P0Ay4
ZgKNA0w/cqhS0E64uuEi4/NwbVatBDiH0Tm6ro/uI8/WwNUL10a49sO1W/kiOqUEiQH/yWgCvKcj
O9qLTqBBnIANuA2/gL+DrzIzmPXMNuY0c0kRr0hS8Io2Ra9yqtKr3Ko8rDyj/FylVdWpdqjeVoXU
D6vz1SXqBepd6o/V/XHKuMy4WXFz4tbH/Tzu07i/xhfFd8e/GH8o/mT82fvS7wved+6+y+xEdhY7
h2pjNuKJxiUtD309hGeF55/HOdIYoxG4XxozSIn/Jo0VaAQzVhorYVwgjVXoW0yDNFYjFmoMcRyP
EkD34ngEekQh03D/mJcfrZfGI9HUGY3SeDQaMeP70jgBKWe8BxixEiwbT6HYyRijsfiMNGZQPP6L
NFbAvCCNlWgskyaNVegBplQaq1ES0yqN41Ea86w0HoEKmHel8f0ZBYp/kMYjUXPBVWk8Go2dsUsa
J6D4GW+hYuRFPtSJ/MiFmlAzCkKueBQ0PRE+cyDuTYETIIcaYQWHimBNEAXg8oM+bKgVaWBWjzyw
PgtGWuSGN4fMYVgBesfDJw972uG3A1ayt4F1WhirFTC1A64lsMcDqwkdNtjzxTCWwGgJ7KtBbbDC
DmttFBpPd9goRxxA8cBvH6xpBLguWMfBfi9gt9FnkJWLvb5Ov6upOcg9ap/I5UyZkss1dnJFrmAg
6OdtrRpO77FncVq3mzOTVQHOzAd4fzvvyGJv2DqNbLXa2luXeD1NXJGt+SYbS/gltpo2zt5s8zTx
Ac7m5zmXh/O1Nbpdds7hbbW5PEBZLIsWymAApsXNFpsHboqAGS9qgYHX23J7W25nTQ2VdgBk5KUS
zAGZ55LueQ3vD7i8Hi4nKzc/FtQQQMPhclJook6DksXJeJ1eD4goCBJHVO9B0FoByoa3Q4LRDjCy
YK8XPv2gSZ7C81OdZwFcHvag5mDQV5Cd7QCg7W1ZAW+b3847vf4mPsvDw+PSKApkG5Ht9EZvIM+I
3fHUdnmwIC/qgLXEUu+N/RFIZfCkE9Y0050ueOajfAWprROp+ekO4h0EavsQSQ7lI+JfbTH+dTNu
WHgPx7toAzYYRUvtRk9n0eS7eLO3FT3ufcwaXt8Rnl3whKWjIJ0hVthKZd0Cc17QwN+jhXBWReG1
UmgRb3JRmprpM17iq4li8Uha10h6F7UlYhNtTLR3DaXLS7Xvoft9kseKGLwANSjZmEuyAhuFIUqa
lWAGKRVD7clO1xE7FKHLEMhqkXbRlnnq8KLtpUVZSRrVHNnroJ8BSpcd9tgk/ljqBXaw0FYKJUif
yPJxwsgtedKjYRojGEjUIvQHwX5F6ycYIzIhMz7qNQ7AYKe7ZWoclIMgtbVGeBqkT0Uc7C0waCRv
tgNlbRSKKJMOagPNNCoFJcm00rlojmQe/DFWKVLbRmWoidIOGbdSfYq6ZqMiSAB2a27ChybMZzaN
IByFLPqDCNslSTVW+7fmWpacSK0vbNFBSlfE6iIcdVB5tN4WBtkbnDSqeyQO+SiMDvqb4NDQTyKJ
JbDCTuGJa2T9ETt2S5FN1pCd4nZQil0SpQXUO60SdTaA6KWRIaKD6FgUkcCNkcAD64OSNwRi1sq+
EpFYdAyI3sdRnm2UcpbG5lhbE6Uh5hLbLfTppVmQk3TfSj8j8eN2dBGkmYhkVpvEUVaMpG61l8ik
U8otInYicyel0SFZkpvaqT88I1JKZOqI0nm01ckZ1EYzoovGDDe9Y8McOSilRF+eKGk0xeRVEZMc
Q23UekTblXEMlU/g7/IkU8lKHEQszEZ1dPsUxOIZKo/haNNI+nbTfa6bRHM2rB0/jbM2GlcicOWZ
QNgiZX8Zmj14Kc7xlAsZUwflykH3pw2TD9PCfA/dwcIzOdumRVmZ6DOGIfmlkfq7N4rWNskPZDtp
h6euYSTGo2VUzh7Jk33wFrOXjUZUPrwjWu8izfIMO6ynNNMIz9HPgEQjTy3pZnYix7rhYreDZgIP
1Xu0vIaTKhsluWgd3qmvBmjUlHN1xNtkTyKVgztce/ilHbEQfdSiW+B3k6QxMR8Sq2LDUfXLjFQ3
56pR8pGglA+dYUmVIx3FY0JGuCN4THBnRbVQR5rpMz3McVDHmeFJDdyVwGwJ1YuWPiHP06g31sKY
QDShagpLhGGG3wR2HcwQ2By9J3dzYL0RYJG9OjSP4tABNAtQZoIxgV0Jswb41EnryI5imKmGezIu
Q6QKFfEZYZeV+g7ZR2gRKbXCfARrLFV6ilGmrBLuzAC/XHqqBdh6Co/Qr6H1ERkbJTpFyZkpdCIj
ApnALAaKDPSOzFbDZxWss1B5ainPIrVGykMpPBd50VEKRE2IFBXDZxXgJivKgC4rlQLBZJVWaqge
CT8ldD/BOoeuEikzSVom4wiULEmWIh1E/jVhzBbKvwHeHOXfCjNWqhstwJfhyrZTRiEQulkqjWrK
n5bKwUQxFNF1RIpEnoawxZmjtFJM5UX0RigvoZi0VCKWYTmRoUVrZzjrYMMYyih/OiopA11tATnq
YL0+PCPao57yWizJWoQp2r1oE4Yo6RZTHolm5wJWnWRTWiq7WC6Inmop/REuRA1opd/FUTKLaN8o
aVemx0oxW4eRSi31RR1dpaW6toR9pJT6b6VEeXXYwiIxoFqyT1OYslj5yn4kr7ud2CHCknHHarCE
2pNBotASloa4gr0FXDF26SCv2ek5JxiO27GZO7pqjFSj0XWnJirWRlcCYhQuo2tbh6yLzIqnJTFn
Rc460bXbcCds+XQs1vJy1RupPsTYLZ6JoqteB63PxRowEK5KvLQO9IYrkw76NJLTfVLvxBtzziOY
bTT3a8K45FwUgSXWlTZaLRBsgWGkefMMxd5wMvTRfC9i6aDjoFSZEP7apLVk/skhp2G5/3OjDrhh
dSDzMlzlEC1/P9W3TzpLuaiEST2ZJcH1I/lcFpEJkYDYd2sdovWI9RFoBWhoV4HIoCmKcgeVNYvE
Hh7BydJ4Jfe4vv6u073uWX+T+kFsTD9oaOX15fWD2GH7QdxX3A9ib6sfFFvJ26NoivQ65JW310Ed
rsPCfm19Je6GvhL7//tKUX2lSIfh/82+EhuTYb++vhI7zGntm9BXYoftK0U4+mr6Suwt+gVfTV+J
RV+0rxT5q9O97CtF/C22r3Sz7Hvz7pJ4PhcriW9ad4lFsd2l4bsbX013ib2FdLkoCX6zu0wstbEb
q5mvvsvEfoO7TOyQLlPkrPtVdpnYv9tl4r6yLhP7BbpM3JfWZWKpDGoAagWlVpS2Fp5/db0jdlid
f129I/aG3hH3tfWO2Jv2jiI9oC+/d8R+gd7RreB+ub0jObLePKPc2PFh76DjE92luZcdH/auOj43
ntnurOPDRnV8btV3uBcdmuAN8AtRpNPAUjzkLguhUvoFLfJVNfJlt/D347hHAzzPNfJub8fELO42
vtiWxZW5O33NAc7V6vP6g7yDc/q9rZzWz7dLXwKTcdAv0rWJX6SLRsOyEew1vN/GiaSFv43HTr7l
i73xe3u3/ZU/bghmV4C1cUG/zcG32vwtnNc5FArLVvH+VleAfmnOFeCaeT8PuJr8Ng+wrgHegS3Y
BhLzN/EaLujlbJ5Ozsf7A7DB2xgEiblABDbODkSzsDLYzMtystu9rT5YThYEmwE6SJn3BEB6aVQk
aRMBmIOzBQJeu8sG+FiH197WynuCtiChx+lyg5IeJRDpBs7idQY7QPxpEyklft7n9zra7DwF43AB
Y67GtiBPaGBjNmhAzXZ3m4NQ0uEKNnvbgkBMq0tCRDD4RVEC2LYArCfsaLhWnnDNUgMJNGuicGgI
zmyvnwvwoAdY7QJSJfaHoCbEAVgfEXSQFUVHEXU0g2HdsIGowdnm9wBCnm50eLmAV8MF2hqX8PYg
mSH8Ob1uMDbCkN3rcbgIH4EClrUCOFujt52nHIhWRAkIG4HHGwQ1BMRZohVfxALEZ1yg2eZ2s428
JDUgA7zEFsOn1wN24edavX5+WLa5YKePd9oAUZZIVOzTVlsneAtsd7icLmJoNncQTA8GANTmcFDO
RdERB7X5ga42t83PEkQOPuBq8lAymkRfhU3EQm12ABIgO2R6AkMxEZAsIKACs7mHByDtkemIQAPy
PO5OzhVl5ixhx8+T/w6FriWDABEk0YvsHjzYHO+nmzq8fkeASwv7YRrBLT9g04jbplGRgWYMkr80
8uBJBGob6IDIpN3rChPGLwuCx3A2nw/cy9bo5skDkXeATAZsRCnNtiDXbAsARN4TIxNidRHrdnBt
HodEcIRUlhIncngrrQa8buLVVG1ESTbOTaIH+Iq80Gezt9iagDHwQ4+XJab6xYwqBhUELCCRdzsJ
UeU6rtRktHIWU6m1VmvWcXoLV2U21ehLdCVcmtYC92karlZvLTdVWzlYYdYarXWcqZTTGuu4OXpj
iYbTzasy6ywW1mTm9JVVBr0O5vTGYkN1id5YxhXBPqPJyhn0lXorALWa6FYJlF5nIcAqdebicrjV
FukNemudhi3VW40AE4gzc1quSmu26ourDVozV1VtrjJZdACjBMAa9cZSM2DRVeqACQBUbKqqM+vL
yq0a2GSFSQ1rNWtLdJVa8xwNB8BMwLKZo0uygEqAwelqyGZLudZg4Ir0VovVrNNWkrVEOmVGU6WO
LTVVG0u0Vr3JyBXpgBVtkUEn0gasFBu0+koNV6Kt1JYRdmQkZJnITkQcLNlQpjPqzFqDhrNU6Yr1
ZABy1Jt1xVa6EmQPkjBQcotNRotubjVMwDoZhYatLddRFMCAFn6KKWWUfSOwS+BYTWZrmJRavUWn
4bRmvYVopNRsAnKJPk2l1AKqQZ5EeUaJXqIjMnejdcAqsltisESnNQBACyEDJtiYtWBdumV23hck
ti05txgaaRgVY6eGWq0YBMCEyzzguOIcHUJaAs+iWUeMbpGETdKxRgy9NHyAdUMmEkOvo52HCBgg
ocTrZ70kmHS4AtTTIQW2esWcxwVsbkAGu4gX0VUQK21u2BYIkxnjUKycDH1+F2zp8LuCEEw4WxvM
+l1PSmnYL6UpygEX4YBgiQQHkX4/H/BBlnK18+7OLFjrJ7mMUuLyOL3+Vol1Kj57sEAuFYJcEwXu
8AZZr78pi2NZWnHddel0u//k4d7UQaxYB3F3UgexkTqIu8M6iL2xDpKCvJ1CCsg5Y5gCNVKwsHdT
K3FyrcR+M2olVtTDl1YrsaLD3lWtxN7DWomN1ErcHdZKbExdcAe1EnuzWom7/VqJjaqVot03plyC
fA5B4l6VS6xULnF3VS6xMeTSc+O9LplYj5e765KJvaclEyuVTNydl0zs0JKJu5OSiR22ZOK+SMnE
WrU1lRUmQra2/I6qIzbC+d1UR6xcHXF3Ux2x0dURd0fVETtsdcTdTXVEjDXGUcKFD3vTwof7AoUP
e+vCh7uNwoelhU9s7fD3C5qgvL6QFg1sFnxk3c2/GcymfbsWuLJp78xB/6qXRf++6oO52L8W3vpf
GGZ3uFpc2S4IVsuyfM2+bCli3sm/5fy/PskY9wplbmRzdHJlYW0KZW5kb2JqCjM2IDAgb2JqCjg2
MTMKZW5kb2JqCjM0IDAgb2JqCjw8IC9UeXBlIC9Gb250Ci9TdWJ0eXBlIC9DSURGb250VHlwZTIK
L0Jhc2VGb250IC9EZWphVnVTYW5zCi9DSURTeXN0ZW1JbmZvIDw8IC9SZWdpc3RyeSAoQWRvYmUp
IC9PcmRlcmluZyAoSWRlbnRpdHkpIC9TdXBwbGVtZW50IDAgPj4KL0ZvbnREZXNjcmlwdG9yIDMy
IDAgUgovQ0lEVG9HSURNYXAgL0lkZW50aXR5Ci9XIFswIFs1OTUgMzM0IDMxNSA2MDYgNjI5IDYx
MCA0MDggNTQ1IDI3NiA2MzAgNjI5IDM4OSAyNzMgNTE3IDk2NiA2MDggMjc2IDYwNyA4MTEgMzg3
IDMxNSA2MzAgMzE1IDYyOSA5OTIgNjMwIDM4NyAzNDkgNTIxIDcyNiA2MzAgNjI3IDY4OSA3NjQg
NzgxIDg1NiA2NzkgMjkzIDc0MiA2OTMgNjMwIDQ5NiA1ODcgNTg3IDYwNiAzNTggNjMxIDYzMSA2
MzEgNjMxIDYzMSA2ODEgODMxIDU4NyA1NzQgNDk2IDYzMSA2MzEgNjMxIDYzMSA2MzEgNTcxIDQ5
NiBdCl0KPj4KZW5kb2JqCjM1IDAgb2JqCjw8IC9MZW5ndGggNzk4ID4+CnN0cmVhbQovQ0lESW5p
dCAvUHJvY1NldCBmaW5kcmVzb3VyY2UgYmVnaW4KMTIgZGljdCBiZWdpbgpiZWdpbmNtYXAKL0NJ
RFN5c3RlbUluZm8gPDwgL1JlZ2lzdHJ5IChBZG9iZSkgL09yZGVyaW5nIChVQ1MpIC9TdXBwbGVt
ZW50IDAgPj4gZGVmCi9DTWFwTmFtZSAvQWRvYmUtSWRlbnRpdHktVUNTIGRlZgovQ01hcFR5cGUg
MiBkZWYKMSBiZWdpbmNvZGVzcGFjZXJhbmdlCjwwMDAwPiA8RkZGRj4KZW5kY29kZXNwYWNlcmFu
Z2UKMiBiZWdpbmJmcmFuZ2UKPDAwMDA+IDwwMDAwPiA8MDAwMD4KPDAwMDE+IDwwMDNFPiBbPDAw
M0E+IDwwMDIwPiA8MDA1ND4gPDAwNjg+IDwwMDY1PiA8MDA3Mj4gPDAwNjM+IDwwMDY5PiA8MDA3
MD4gPDAwNkU+IDwwMDc0PiA8MDAyNz4gPDAwNzM+IDwwMDZEPiA8MDA2MT4gPDAwNkM+IDwwMDZG
PiA8MDA3Nz4gPDAwMjg+IDwwMDJFPiA8MDA2Nz4gPDAwMkM+IDwwMDc1PiA8MDA0MD4gPDAwNjQ+
IDwwMDI5PiA8MDA2Nj4gPDAwN0E+IDwwMDU1PiA8MDA1Mz4gPDAwNDU+IDwwMDUyPiA8MDA0ND4g
PDAwNEY+IDwwMDREPiA8MDA0MT4gPDAwNDk+IDwwMDRFPiA8MDA0Mz4gPDAwNjI+IDwwMDYwPiA8
MDA3OD4gPDAwNzk+IDwwMDU5PiA8MDAyRD4gPDAwMzI+IDwwMDMwPiA8MDAzND4gPDAwMzE+IDww
MDM2PiA8MDA0Mj4gPDAwM0Q+IDwwMDc2PiA8MDA2Qj4gPDIwMTM+IDwwMDM5PiA8MDAzMz4gPDAw
Mzg+IDwwMDM3PiA8MDAzNT4gPDAwNDY+IDwwMDVGPiBdCmVuZGJmcmFuZ2UKZW5kY21hcApDTWFw
TmFtZSBjdXJyZW50ZGljdCAvQ01hcCBkZWZpbmVyZXNvdXJjZSBwb3AKZW5kCmVuZAoKZW5kc3Ry
ZWFtCmVuZG9iago3IDAgb2JqCjw8IC9UeXBlIC9Gb250Ci9TdWJ0eXBlIC9UeXBlMAovQmFzZUZv
bnQgL0RlamFWdVNhbnMKL0VuY29kaW5nIC9JZGVudGl0eS1ICi9EZXNjZW5kYW50Rm9udHMgWzM0
IDAgUl0KL1RvVW5pY29kZSAzNSAwIFI+PgplbmRvYmoKMiAwIG9iago8PAovVHlwZSAvUGFnZXMK
L0tpZHMgClsKNSAwIFIKXQovQ291bnQgMQovUHJvY1NldCBbL1BERiAvVGV4dCAvSW1hZ2VCIC9J
bWFnZUNdCj4+CmVuZG9iagp4cmVmCjAgMzcKMDAwMDAwMDAwMCA2NTUzNSBmIAowMDAwMDAwMDA5
IDAwMDAwIG4gCjAwMDAwMzA4NzAgMDAwMDAgbiAKMDAwMDAwMDI0NSAwMDAwMCBuIAowMDAwMDAw
MzQwIDAwMDAwIG4gCjAwMDAwMDE4NTYgMDAwMDAgbiAKMDAwMDAyMDI5NSAwMDAwMCBuIAowMDAw
MDMwNzM0IDAwMDAwIG4gCjAwMDAwMDAzNzcgMDAwMDAgbiAKMDAwMDAwMDQyOCAwMDAwMCBuIAow
MDAwMDAwNDc5IDAwMDAwIG4gCjAwMDAwMDA1MzEgMDAwMDAgbiAKMDAwMDAwMDU3NiAwMDAwMCBu
IAowMDAwMDAwNjI4IDAwMDAwIG4gCjAwMDAwMDA2ODAgMDAwMDAgbiAKMDAwMDAwMTY4OSAwMDAw
MCBuIAowMDAwMDAxNDkxIDAwMDAwIG4gCjAwMDAwMDA4MjYgMDAwMDAgbiAKMDAwMDAwMDk0OCAw
MDAwMCBuIAowMDAwMDAxMDg5IDAwMDAwIG4gCjAwMDAwMDEyMzYgMDAwMDAgbiAKMDAwMDAwMTM3
MSAwMDAwMCBuIAowMDAwMDAxNzUyIDAwMDAwIG4gCjAwMDAwMDIxNzMgMDAwMDAgbiAKMDAwMDAw
OTcwNiAwMDAwMCBuIAowMDAwMDAxOTc3IDAwMDAwIG4gCjAwMDAwMDIxNTMgMDAwMDAgbiAKMDAw
MDAwOTcyNyAwMDAwMCBuIAowMDAwMDA5OTkyIDAwMDAwIG4gCjAwMDAwMTg5NjUgMDAwMDAgbiAK
MDAwMDAxOTQzOCAwMDAwMCBuIAowMDAwMDE4OTQ0IDAwMDAwIG4gCjAwMDAwMjA0MzYgMDAwMDAg
biAKMDAwMDAyMDY5NiAwMDAwMCBuIAowMDAwMDI5NDIyIDAwMDAwIG4gCjAwMDAwMjk4ODQgMDAw
MDAgbiAKMDAwMDAyOTQwMSAwMDAwMCBuIAp0cmFpbGVyCjw8Ci9TaXplIDM3Ci9JbmZvIDEgMCBS
Ci9Sb290IDIyIDAgUgo+PgpzdGFydHhyZWYKMzA5NjgKJSVFT0YK

----AWDPK1602sgtqaigxv1602AWDPKlnjxul43721AWDPK1602sgtqaigxv1602AWDPKlnjxul43721==========--


Headers after adding attachments:
Content-Type: multipart/mixed; boundary="--SEEGN8389imowpvvrd8389SEEGNqzhaig95637SEEGN8389imowpvvrd8389SEEGNqzhaig95637=========="
MIME-Version: 1.0
Message-ID: <3961FFQIC3961FFQIC3961-3961FFQIC3961FFQIC3961-3961FFQIC3961FFQIC3961FFQIC3961833@haceg.com>
From: Ali Mohammed <Ali.Mohammed.M@haceg.com>
To: captainmaguire001@gmail.com
Date: Tue, 31 Dec 2024 00:14:54 +0000
Subject: My Sender Needs to Work Better
Reply-To: Ali Mohammed <Ali.Mohammed.M@haceg.com>
X-Priority: 0
Return-Path: bounce@haceg.com
X-Hostname: 117.21.196.104.bc.googleusercontent.com

----SEEGN8389imowpvvrd8389SEEGNqzhaig95637SEEGN8389imowpvvrd8389SEEGNqzhaig95637==========
Content-Type: text/plain; charset="us-ascii"
MIME-Version: 1.0
Content-Transfer-Encoding: 7bit

My own file works better
----SEEGN8389imowpvvrd8389SEEGNqzhaig95637SEEGN8389imowpvvrd8389SEEGNqzhaig95637==========--


Headers after adding attachments:
Content-Type: multipart/mixed; boundary="--UERIE3305ujwnwudmw3305UERIElkfdej63436UERIE3305ujwnwudmw3305UERIElkfdej63436=========="
MIME-Version: 1.0
Message-ID: <6627EBDLB6627EBDLB6627-6627EBDLB6627EBDLB6627-6627EBDLB6627EBDLB6627EBDLB6627469@haceg.com>
From: Ali Mohammed <Ali.Mohammed.M@haceg.com>
To: captainmaguire001@gmail.com
Date: Tue, 31 Dec 2024 00:15:23 +0000
Subject: My Sender Needs to Work Better
Reply-To: Ali Mohammed <Ali.Mohammed.M@haceg.com>
X-Priority: 0
Return-Path: bounce@haceg.com
X-Hostname: 117.21.196.104.bc.googleusercontent.com

----UERIE3305ujwnwudmw3305UERIElkfdej63436UERIE3305ujwnwudmw3305UERIElkfdej63436==========
Content-Type: text/plain; charset="us-ascii"
MIME-Version: 1.0
Content-Transfer-Encoding: 7bit

My own file works better
----UERIE3305ujwnwudmw3305UERIElkfdej63436UERIE3305ujwnwudmw3305UERIElkfdej63436==========
Content-Type: application/pdf
MIME-Version: 1.0
Content-Transfer-Encoding: base64
Content-Disposition: attachment; filename=the_output_of_the_GmailCaptainmaguire001VCSDK_attachment_name.pdf

JVBERi0xLjQKMSAwIG9iago8PAovVGl0bGUgKP7/AFAAbABhAGMAZQBoAG8AbABkAGUAcgBzACwA
IABSAGEAbgBkAG8AbQBpAHoAZQByAHMALAAgAGEAbgBkACAAQwB1AHMAdABvAG0AaQB6AGUAcgBz
KQovQ3JlYXRvciAo/v8AdwBrAGgAdABtAGwAdABvAHAAZABmACAAMAAuADEAMgAuADYALgAxKQov
UHJvZHVjZXIgKP7/AFEAdAAgADQALgA4AC4ANykKL0NyZWF0aW9uRGF0ZSAoRDoyMDI0MTIzMTAw
MTUyM1opCj4+CmVuZG9iagozIDAgb2JqCjw8Ci9UeXBlIC9FeHRHU3RhdGUKL1NBIHRydWUKL1NN
IDAuMDIKL2NhIDEuMAovQ0EgMS4wCi9BSVMgZmFsc2UKL1NNYXNrIC9Ob25lPj4KZW5kb2JqCjQg
MCBvYmoKWy9QYXR0ZXJuIC9EZXZpY2VSR0JdCmVuZG9iago4IDAgb2JqClswIC9YWVogMzAuNzUw
MDAwMCAgCjY0Ni41MDAwMDAgIDBdCmVuZG9iago5IDAgb2JqClswIC9YWVogNDIuNzUwMDAwMCAg
CjYyOS4yNTAwMDAgIDBdCmVuZG9iagoxMCAwIG9iagpbMCAvWFlaIDQyLjc1MDAwMDAgIAo0ODMu
NzUwMDAwICAwXQplbmRvYmoKMTEgMCBvYmoKWzAgL1hZWiA0Mi43NTAwMDAwICAKMzA2ICAwXQpl
bmRvYmoKMTIgMCBvYmoKWzAgL1hZWiA0Mi43NTAwMDAwICAKNDMzLjUwMDAwMCAgMF0KZW5kb2Jq
CjEzIDAgb2JqClswIC9YWVogNDIuNzUwMDAwMCAgCjIxNS4yNTAwMDAgIDBdCmVuZG9iagoxNCAw
IG9iago8PAovX19XS0FOQ0hPUl8yIDggMCBSCi9fX1dLQU5DSE9SXzQgOSAwIFIKL19fV0tBTkNI
T1JfNiAxMCAwIFIKL19fV0tBTkNIT1JfYSAxMSAwIFIKL19fV0tBTkNIT1JfOCAxMiAwIFIKL19f
V0tBTkNIT1JfYyAxMyAwIFIKPj4KZW5kb2JqCjE3IDAgb2JqCjw8L1RpdGxlICj+/wBQAGwAYQBj
AGUAaABvAGwAZABlAHIAcykKICAvUGFyZW50IDE2IDAgUgogIC9EZXN0IC9fX1dLQU5DSE9SXzQK
ICAvQ291bnQgMAogIC9OZXh0IDE4IDAgUgo+PgplbmRvYmoKMTggMCBvYmoKPDwvVGl0bGUgKP7/
AFIAYQBuAGQAbwBtACAATgB1AG0AYgBlAHIAcykKICAvUGFyZW50IDE2IDAgUgogIC9EZXN0IC9f
X1dLQU5DSE9SXzYKICAvQ291bnQgMAogIC9OZXh0IDE5IDAgUgogIC9QcmV2IDE3IDAgUgo+Pgpl
bmRvYmoKMTkgMCBvYmoKPDwvVGl0bGUgKP7/AFIAYQBuAGQAbwBtACAAQwBoAGEAcgBhAGMAdABl
AHIAcykKICAvUGFyZW50IDE2IDAgUgogIC9EZXN0IC9fX1dLQU5DSE9SXzgKICAvQ291bnQgMAog
IC9OZXh0IDIwIDAgUgogIC9QcmV2IDE4IDAgUgo+PgplbmRvYmoKMjAgMCBvYmoKPDwvVGl0bGUg
KP7/AFIAYQBuAGQAbwBtAGkAegBlAHIAcykKICAvUGFyZW50IDE2IDAgUgogIC9EZXN0IC9fX1dL
QU5DSE9SX2EKICAvQ291bnQgMAogIC9OZXh0IDIxIDAgUgogIC9QcmV2IDE5IDAgUgo+PgplbmRv
YmoKMjEgMCBvYmoKPDwvVGl0bGUgKP7/AEMAdQBzAHQAbwBtAGkAegBlAHIAcykKICAvUGFyZW50
IDE2IDAgUgogIC9EZXN0IC9fX1dLQU5DSE9SX2MKICAvQ291bnQgMAogIC9QcmV2IDIwIDAgUgo+
PgplbmRvYmoKMTYgMCBvYmoKPDwvVGl0bGUgKP7/AFAAbABhAGMAZQBoAG8AbABkAGUAcgBzACwA
IABSAGEAbgBkAG8AbQBpAHoAZQByAHMALAAgAGEAbgBkACAAQwB1AHMAdABvAG0AaQB6AGUAcgBz
KQogIC9QYXJlbnQgMTUgMCBSCiAgL0Rlc3QgL19fV0tBTkNIT1JfMgogIC9Db3VudCAwCiAgL0Zp
cnN0IDE3IDAgUgogIC9MYXN0IDIxIDAgUgo+PgplbmRvYmoKMTUgMCBvYmoKPDwvVHlwZSAvT3V0
bGluZXMgL0ZpcnN0IDE2IDAgUgovTGFzdCAxNiAwIFI+PgplbmRvYmoKMjIgMCBvYmoKPDwKL1R5
cGUgL0NhdGFsb2cKL1BhZ2VzIDIgMCBSCi9PdXRsaW5lcyAxNSAwIFIKL1BhZ2VNb2RlIC9Vc2VP
dXRsaW5lcwovRGVzdHMgMTQgMCBSCj4+CmVuZG9iago1IDAgb2JqCjw8Ci9UeXBlIC9QYWdlCi9Q
YXJlbnQgMiAwIFIKL0NvbnRlbnRzIDIzIDAgUgovUmVzb3VyY2VzIDI1IDAgUgovQW5ub3RzIDI2
IDAgUgovTWVkaWFCb3ggWzAgMCA0NTAgNjc1XQo+PgplbmRvYmoKMjUgMCBvYmoKPDwKL0NvbG9y
U3BhY2UgPDwKL1BDU3AgNCAwIFIKL0NTcCAvRGV2aWNlUkdCCi9DU3BnIC9EZXZpY2VHcmF5Cj4+
Ci9FeHRHU3RhdGUgPDwKL0dTYSAzIDAgUgo+PgovUGF0dGVybiA8PAo+PgovRm9udCA8PAovRjYg
NiAwIFIKL0Y3IDcgMCBSCj4+Ci9YT2JqZWN0IDw8Cj4+Cj4+CmVuZG9iagoyNiAwIG9iagpbIF0K
ZW5kb2JqCjIzIDAgb2JqCjw8Ci9MZW5ndGggMjQgMCBSCi9GaWx0ZXIgL0ZsYXRlRGVjb2RlCj4+
CnN0cmVhbQp4nO2dTY/kOHKG7/Ur8rzA5ohBBj8Aw8D0lwEfDAymAR8WPhi7sBcLz8KDPfjvOzMp
ZSuCDHY1S1JKWbGDnekqtiiKpOJ9gmIwfvqXX//z9N//OP308df/Pf15/O/HX1+Gc8Ah/+90/eeP
819API9/Pnnnxz+f/vzby++n319+efnl8u/pv9drf3tBcOfbXwqXH/9n/mMc/2jg8vuB/3j9y399
+fc/nP7+cq1yOMd8W2NujeI/X1owPUdu9T/+/PeXn/ITvnz4+vLTF38y/vT1v0757/8x/+frby/u
8mc8ff3L6Z+utf3z6evfXow5BxOvD339K7kEbiV4dtFZWmLzNZdeSv560bcSdytJlWtwuqYo8VML
bBo8zGsL0zUpX/SatsWpNofWkNrkFqRbSTjH3IBZyc/j86BBVvLhVuLPQ4iGlnwc25avmJd8yi2A
861lr+vRz2LvyE8q99uXXOLPPg/3vcQMUo8aM/bB2Ohd9eiy/Sbex8D9LbG0R40V7yM+qXFj73jH
e2f/I/f568XYLWSdoGad4GKenKHmKZ7HOVGYAHc2Q6qap3geCwrzFCrX4HjN2FOFebqIQPHShrEE
LO9EuW1xqq2Y5HIL0jjA44jUh+TNg5J/8+vHf3sxp/87welfL///2+lP/3H55V9eLnqB33Twt9vP
l3kF0UEwJ+Puf/TDydhvgnm559XeXeYsBoi3UiBXwrze6989Ybj/9dmVGOb1Xn66/N1vd72WIrkS
ab1/ffnwh9kTDuUT/v79+Rql6eoNnWBuMhPFpMTJTMzeUhxLRgEu7IQ9x+L9lWvL1gAqLfg8XuPz
bQrbEq/dySalfB8vttpK92m0LY1POr6xxWtxsW7A+MQE0VrLJVEsyS2Ir3jAru6SHx2kEvPz2ClD
YXnkaTY9eglGX77Zire9CKH+Ihjv52+CGR+rnG3TA5cG1Y6PNV5SPDCeh4IAcLwm8fnRuI8fOxYK
UZFrC2NJMbSjSYczFBNlMtwl0cjXyC34WeyDD+PzlNLxcbyPKUbh0yRRyEVF7je5bZ9HYS1l+ss0
pq/vt/vLUvaO3Da5R+V+k2sTWy23rafVjdqM2AIYOflHxkee8fK8lkdOnjsdb+OoF1aEskptozLW
apv0onjnGtd4cR7IrQ7irOrpHXF8RsWa6ZJoVOQps+zrKb9QchfL06yn1XdlLKbM2IKbyvWjrmeo
66uoGwjqBoa64Ya6nqCuZ6jrq6jrCep6hrr+hrqeoK7fDnXDJPBmctdLaZGJRqQgmXXMx3EWpHFS
vYZ1JnYr4UMktAbVySUinA4TaJZ43PGkBZx2PaAMjTJjy5R/MDjFNJu7u4bTHvmQLbKMoD2woDip
OKk4qTipOPkjOBkYToYqTkaCk5HhZLzhZCA4GRhOhipOBoKTgeFkuOFkIDgZtsPJaKgZwnPE+nK+
rpzqyunTrpyG2ZuwazjVldOnQ90GAMp9LfebPN/k3umprQcNP4wlpSrITyrPeHkeyM/Tge6NJ5Xv
I5f0QL08cj243/Nuy8/T4Vo13p+P05gWb73sPMjP82xOyqeJ0RzfWKFOytGdlMiclFh1UhJxUhJz
UtLNSYnESYnMSYlVJyUSJyUyJyXenJRInJS4nZOSvu+kNFbDjXjN9Dq5Yr1XrM18Hmdb8tx0fRmv
KZ0HeV1ZvA8MExTw+Q5mLCm3m4ltG82DL80DgNgH6zop8gP2dJf86DA5NsVmtMaHAHGagRtbMG53
LFq9opMSYfYmqJPSCTLqpLyn9Xh5VVeeO8t+sdH1+IVR13wWW/BlKnHMOMO0RRt5SYG6d3mVpNKf
gdv+UWN8OZQwGVZX6BKOj24LjZmW71Ih8GIXw12Seaf0tHpt1E0MdVMVdc1AWNcMDHZv5UAuhnnV
N9pNVdpNhHYTo910o91EaDdtR7tm0N3Mhfna85r8isxnDJkPO4a+rT6gNnBDFlQZnxYV1J7P/z2A
0AVwMtbI/SaPgojEsnbIbYMotk1GFHEtudHXPY7Jw1fNIY+cazAL/xubcfxGXaAeZdOMqkepO6+O
6+ltBQ49nyXlTyQ93z0e3gf6YecBH3bMMPmO2du93GZ0NYm3a6i3a7i3a27e7vximFd983bNMDmt
J+IoB+pIM3/3Vo7kYqRVr+zwGt2EVljx9+rw2vl8UIe3SUPq8KrD2+5rdXh1d13zSXV3ne6ua5sd
3V2njqg6ok/hiBrmiJqqIwrUEQXuiEJ2RA1xRA1zRE3VETXUETXcETXZETXEETXbOaKgGw1nJfvf
aLiiIwownw/qiLYMpDqizXmgjqg6on3koTso+15T/a623Q5KdWfUnXmMOwPMnYGqO2OpO2O5O2Oz
OwPEnQHmzkDVnQHqzgB3ZyC7M0DcGdjOnbGG2g89EeC1+B+Gefftmv53bGkez8SNfpO3Bcmy9XAi
1Y1wTenWjXC6Ee64wL5jS/40zGgZM9oqMzrKjI4zo8vMaAkzWsaMtsqMljKj5cxoMzNawox2O2a8
Z/6QF4aVGevMaObdp8y4tLIpM/aNtjJjky8OyYy6q6n5pLqrSXc1tWn/3exqks8zeLzWP41X4ZhX
4apeBVKvArlXgdmrcMSrcMyrcFWvwlGvwnGvwmWvwhGvwm3nVeD3vQo99qnuVfh596lX0Wdp1KtY
erTVqxiezqvQLSrN8dEV783YVM/aWoxNkbEpVtmUpg02PG+wyYmD5xfDvOrMplhlU5o52PDUwSbn
Dp5fjLTqldn0W8pUTer1g2xqSfcpmyqb7oNNNYXb09Gk7ms4KuXt+W18mhVIzyjPVymPZsw1PGWu
yTlz5xfDvOpMeb5KeTRpruFZc01Omzu/GGnVK1PePffo6AxUwueU8uqUR7pPKW9pZVPK6xvtPevK
+6E83YnQfFLdiaA7Edp8/m52Ishhh4+310/jBwTmB4SqH0BTHRue69jkZMfzi2FedfYDQtUPoNmO
DU93bHK+4/nFSKte2Q+I3/cDGvsN5B0C4vEWjR0PB9uJEOfdp35AU3HUD1A/4F35Abp3oHOG6Kry
wjTZOMRC/Nrf2CXbk1TsWfYOREaTsUqTNCet4UlpTc5KO78Y5lVnmoxVmqRpaQ3PS2tyYtr5xUir
Xpkm04NOWFiP8lyaP1YP5TXemJ9He1I+lswKsuWU7aNsUztWNno89GW9xi4yFFUXPoijID/Pw89+
a5xUtqhOdq3HyGOqSZWebgfvMb3Lrv0TIss12iZbPnmNrWOHaM/5hA2vQvQDGl6FPN96fDv5XEd5
VulumaVINzHSTTXShYGQLgyMdG/lQC6GedWZdFOVdGlKWsNz0pqclHZ+MdKq1yVdGB50LsR6pIvD
/LGUdJV090G6+kW9+aT6RV2/qHdasWVYAVg+P6jm8wOazw94Pj/I+fyA5PMDls8Pqvn8gObzA57P
D3I+PyD5/GC7fH5gHhTtvSIr2PljKSsoK+yDFfSrW6eCHso7BZa4B6qJe4Am7gGeuAdy4h4giXuA
Je6BauIeoIl7gCfugZy4B0jiHtgucQ/cE7WMn/j82Ts+fOJO/Z7d/bKve//EV34JkmuT87dOS5eF
ubgviEvJcSold0NfRh7I90nifcT0PPI1o9itmUEW5vOhR6rlcPGGUV021c5GS4sLf1CQ5V02+HIf
9Hye6Pk40LHQ3xCJHkdvI3kvktXA5F0V+/EWLvk0+flFiXyag1wi1yafJyGX/EAq2WUTH/V8EuqZ
xYfc3gPi9h74IpaI19hBvEacTNaItYklXbWB2KMrb+8BlkAFqglUgCZQAZ5ABXICFSAJVIAlUIFq
AhWgCVSAJ1CBnEAFSAIV2C6BCtwzgIzeIf4IHo32sLYl/NP46ktf0Svw2MjTKN7n/rKWtcmQKoJt
AyvFg1Pur2SxXV3GV5jyW5YLQOLzNBBeBnUxv6U8PvKylex4NMZHzsop95uM4x3jI3+YG01mLMWu
0TtWnAcd78/dZJZPOjN/qzgR4Mjbv+dYB93FMzzfXvqefutYW+2Jdeha913UjbGTlZGOQlho7U4G
Mxknj+k8LISTLLcKVHOrAM2tAjy3CuTcKkByqwDLrQLV3CpAc6sAz60CObcKkNwqsF1uFXCKk4qT
ipPvFCcPkRpIcbIJC4qTipOKk997s3Rr49Jbd3rsQU9CFjng4/Vflez9iIqBQ83rv7V06ZB87Ir4
TtipNunb/yM2GLJ0MlBNJwM0nQzwdDKQ08kASScDLJ0MVNPJAE0nAzydDOR0MkDSycDC6WRElrqg
1JvyocjnxHdNx469ZgtHkPXsYe6R0GV3eMtnMS3aB4XNWbZTrB8b64VFlR/Shp6toOUDLmOEWN4A
qOYNAJo3AHjeAMh5A4DkDQCWNwCqeQOA5g0AnjcAct4AIHkDYOG8AS0j9KaD79UIqRF6ZiOk3mjz
edQbfcjHjbeJgb+Kl6QG0dHRSGcoXp88trHMSTg+cRRnVywPDBrfiVi5T+6li5ZO4nkvuYdTBT7z
x2uGM3fajBXbJt4HgthqHEtKv3h698ahLd6jNwKNHQwBGjtABWjsYOfUcf2RAM2tHMjFMK/6BjR2
GCpAc/ktrXqgQHMrR3Ix0qrX/TxlB0eNw3oL4naY3075qdlq2bovusLTE/Aq73dsKKm8ltVz3EjH
KmSjd+R96uLINQ4mWjS0V97HK++ItYFhmRUbu/ZmU2uY+TVV82uo+TXc/Jpsfg0xv4aZX1M1vzQg
1xpufk02v4aYX7Od+TWOz6jyW3Zc2zDjvCFqmJutlpFT/Mwht0BN6R5M6Z5DIhpBDPJZqGtbdWBW
HapWHahVB27VIVt1IFYdmFWHqlWnQa8WuFWHbNWBWHXYzqrDZEzl/TR3n78sWXtnijPzJqq977P3
jU/HPZ8xFbdVI3o1Qg5Nk4Pj5PdnbfWwTD1sVT0sVQ/L1cNm9bBEPSxTD1tVDxrbZi1XD5vVwxL1
sNuph70vycgaAVKJ7Eesryt+3njVlaal6Vg87wmoV/VQ9fiOeoi9Y38WSz6IJQ8LbLaO6Yqr6oqj
uuK4rrisK47oimO64qq6QoNcrOO64rKuOKIrbjtdcY4PkqQRP+SvNBRn9dNcYf5Yqjh9iiPb7p6N
kqo4qjhb+ivyCpn9KD7Pq7TorZZY3jhgfZh66ZgbB2CsrQgtG2dxrW3y88ibAORr3PjuSSOIos16
xDaE6CibRKyxSfQEIC4/UjaJtzk1vxjmVWc2ibbGJpFiT7SMTa7lSC5GWvXKbBKnF2KUnBXj8tL8
dsoMzVbveBuC5sHo64M9n2R+TJ4p98GKg1zuCV7bK05MeVJVeRJVnsSVJ2XlSUR5ElOeVFWeRJUn
ceVJWXkSUZ60nfKkQDvcVqLVw8qaZElDlg0V79mX8Gw6poqwc0Xoycj29FohLiJsriJuoCrihpqK
uIGoyPVHoiK3ciAXw7zqm4q4oaYiju7QdgNTkVs5kouRVr2uirgh0MlXOe+7ceaJWVlfrjs+Zk3c
6iiSRfdBqCapJqkm7VaT5Mm0vVoZplamqlaGqpXhamWyWhmiVoaplamqFd3Q7gxXK5PVyhC1Mtup
lblLgXjmWSO3uXxO2tp+kkPS+A4ds9NbjXxFedl9F6pWqlaqVgdUK/mF2l7HgOkYVHUMqI4B1zHI
OgZEx4DpGFR1jG7hd8B1DLKOAdEx2E7H4C4F9+MLpsayV6Z2bqV4TqqdXrPiA8/qX6dcIo+1qMIt
u89DFU4VThXuqRSusalrc+2zTPtsVfss1T7Ltc9m7bNE+yzTPlvVPhqA4CzXPpu1zxLts9tpn72L
hHj+ciPD4OTS/MC51Y3avqysihjJA/dk4hV3lsmq2DgTSbVPtU+1731on7xxentVdEwVXVUVHVVF
x1XRZVV0RBUdU0VXVUUaPuEcV0WXVdERVXTbqaJ7hSrKHqG4smknvSxewHv4jOWzQ76PXXud1BvS
FcvqpXy8XI8X2ZOxXDVWNXZDjV3IdiOz3Vi13UhtN3Lbjdl2I7HdyGw3Vm03UtuN3HZjtt1IbDdu
Z7vx+1+lZB+k4beIvs79xfPFkIsl8trgsPY5TZ52Uo9Vvx8a5njcRk8ElrzzoycCS626WvXjWXXP
rLqvWnVPrbrnVt1nq+6JVffMqvuqVffUqntu1X226p5Ydb+dVfff3xnX+N4i0rVM5D2rXnKGt4ZP
sLa9D4Z0X0+k0uSCpOKBNzqGXa26WvUDWvXArHqoWvVArXrgVj1kqx6IVQ/MqoeqVQ/Uqgdu1UO2
6oFY9bCdVQ/3eM20shW8Hhv97XYar9ls9THjNeX9dfJybcdCrlrbzt559m8MsoHYfoWfnRTgqicF
OHpSgOMnBbh8UoAjJwU4dlKAq54U4OhJAY6fFODySQGOnBTgtjspwEWmPFju+RozLK+oSXHeEI3X
XJy/VRH2rQjv93u0rBVyFqftVYRF/btq1L+jUf+OR/27HPXvSNS/Y1H/rhr172jUv+NR/y5H/TsS
9e+2i/p336L+P47mKY1j/208ZX35sLK+ONJEjddUTVJNUk1aVpOm6VwcFbe5WiE7XQCrpwsgPV0A
+ekCmE8XQHK6ALLTBbB6ugDS0wWQny6A+XQBJKcL4HanC+A9dN98msaTqxWAWPJldCgMl4/V/aRr
NAu+6dwBjddUtXpfarWQTWUx8FiNgUcaA488Bh5zDDySGHhkMfBYjYFHGgOPPAYecww8khh43C4G
Hu9h5OMx53BOxerfdIBsYVNlOzxunKzUNpas6zXgStHxGjuo1latrWhtWaQ2ViO1kUZqI4/Uxhyp
jSRSG1mkNlYjtZFGaiOP1MYcqY0kUhu3i9TGe0jzmDqiQqMw+SrlYc+fpmv48N0PDC8OojYTD0fk
Tsvadhj9/IE1Wk2trVrbRa0tiw3Gamww0thg5LHBmGODkcQGI4sNxmpsMNLYYOSxwZhjg5HEBuN2
scFoX2FtzVhSrAzJPNxYEZ/WGAojJ68+wNpnaXicd4VGQantVtv9cNvNIlixGsGKNIIVeQQr5ghW
JBGsyCJYsRrBijSCFXkEK+YIViQRrLhdBCu673+ZbKzoyqsPohKMaXJ8haHlb6PyNZ9WtuqBdJJG
QalVV6v+cKvOYluxGtuKNLYVeWwr5thWJLGtyGJbsRrbijS2FXlsK+bYViSxrbhdbCvewzblNeUx
WOfC0I6fdCGyOgxjSZl7cVozKVZTZNstewuNkrXtfTTz7tMoKLXqatV/xKq/1abJWQwxspbsMovh
OIKusntlMqulXXhjpsBVDOG1y/3ALD+esYDYx5sUGaPvKSUL873Rlq8e89BlBGTT9X7cArnflhXe
nq1/cjpksa83C9brEVF5vslvY0dK6MZ9Fk093fXOLWsPxPe0MQ86tlA3zqSTW93z/si1yRZJXtzo
gKnycL89m7WHi1jZXfIb1pFavWu7f4eq9bwt8GG8psxLssiChTdIFiy88ZUFC2/CfFXh+iNZsLiV
A7kY5lXfFiz8pcJyweLyW1q1owsWt3IkFyOtet0FC28iNQG1oZhMtDRIlVSadlpHhYEtf4zZxqF8
E+Xl7sYhjyC2bbqmXEEQD6iR22bX3kwSAhkMPf6g1eoOBpLtlmyDGi2Q1VfuN/lJexYsHs61h1L5
8f11m88hOSSoUZu8xUu+pojmWUZAgQkoVAUUqIACF9BRMoEIKDABhaqAAhVQ4AIKWUCBCChsJ6Aw
2ex7pFWZSW3Z8/nlHDiysMktUDmuDW2K86FVOW4+qXxAe4cUNc5X61nx74kEU3E/uLgfc0YeHRUs
QwVbRQVLUcFyVLAZDixBBctQwVZRwVJUsBwVbEYFS1DBbocKNtIXoyLhskcti27jmg5p3bPsw9pH
sUY6TCr7C6+oN56n55O5SvjTSvjjZ9fR5dgxOXZVOXZUjh2XY5cF2BE5dkyOXVWOHZVjx+XYZTl2
RI7ddnLsIn0xaiIlnyTeI+GfxfvI0iqfWP5s4r72xhozeDLqqu6tVotfhBv36bHZqtRHV+onmylH
131kuo9V3Ueq+8h1H7PSI9F9ZLqPVd1HqvvIdR+z7iPRfdxO93FSADkfifzJu7GSrkRwNHffDDif
D0oEnTrZs/eoRwHU339aitjB7FK+eBVfeMYXvsoXnvKF53zhM1F4whee8YWv8oWnfOE5X/jMF57w
hd+OL3zk72o5arK2KkUcjyIsGXWliL5YkZ5QP2WF98gKW80hJYJXEUFgRBCqRBAoEQROBCEzQCBE
EBgRhCoRBEoEgRNByEQQCBGE7YggvOLDv6x58oqD6v5jvycMZGxV97t2C3Qd464afnANP+Z8OLpS
R6bUsarUkSp15EodszZHotSRKXWsKnWkSh25Uses1JEoddxOqePdmsv6NW0uLff5yyWyhsvKJu/z
l0tUqau7+QMZWhXqVqvFtjVaIIcl9wQfy67aIQ+AOLhQH3I+HF2oExPqVBXqRIU6caFOWZoTEerE
hDpVhTpRoU5cqFMW6kSEOm0n1On7cevy5r2GfIkudWP5XRR3jYL/UaH2ZGhVqLui4LtSpskelLw+
2nGuh67LPzEqHHJGHhwVwkBRIQw1VAgDQYXrjwQVbuVALoZ51TdUCEMNFS6/pVUzVLiVI7kYadXr
okIY3oIKPUDQ2D0or9jLctyDJIfEC7P+l3o6H5QvFuaLLpu97BmRPS1QJlEmOfws3gXHvFXF5VOo
gzXT/fJUjZWkJNMp1NKLHM6GH7pvJoMuQcH7PYU64NTlchb5Br8ve+Lqjg/wfLpTqN/PicV6cvXC
ER+bneesJyPrycivevRnOxm56yC2RdOo9Jxk3kXbPR71ojrU0Dv5mq180w4L2Bg5sdWyj7DQAqb3
dAHTh9oCpo9klfHyI13AvJYDuRjmVecFTI+1BUyPtGpkC5jXciQXI6165QVMn6gYPfCM7ka6dXkp
sCekSV6QlTcwP25hMXoyTFutK+o52Dug5BJS5CWnhzvL7/AcbC/eeMfSuix8yWDY9dIrfHUhfc8M
+e5psW+Fr8DgK1ThK1D4Chy+QoavQOArMPgKVfgKFL4Ch6+Q4SsQ+ArbwVeYVP3ZzndXlBO+EYf5
qG/Fcsc8slrJsDmmhybDY85I5UzlTOXM/XFmZJwZq5wZKWdGzpkxc2YknBkZZ8YqZ0bKmZFzZsyc
GQlnxu04MyY6gXaZHECZsR62YMkAbrX89/Aj0hX/mmN6aPx7/OxSlFOUU5TbH8olhnKpinKJolzi
KJcyyiWCcomhXKqiXKIolzjKpYxyiaBc2g7lUqJD8Q4SSygY1hcTLzNvPh+2IsMnO5JfKW81ynuy
maLMqMyozLg7ZowDZcY41JgxDoQZrz8SZryVA7kY5lXfmDEONWa8/JZWzZjxVo7kYqRVr8uMcZgY
QZOSKE2KNElmylY0uYPUDLrO+LQEuoPZpWyqbKps+m7Z1DA2NVU2NZRNDWdTk9nUEDY1jE1NlU0N
ZVPD2dRkNjWETc12bGoSnwxPn9BGCVQgUCDzYSsC1aQxyplv5UxNGqM0qTSpNLkyTQKjSajSJFCa
BE6TkGkSCE0Co0mo0iRQmgROk5BpEghNwnY0Ca/Y6HjIZEjKjEJATSKj/vDdkXtOMKP8t/1+xj3P
B6U8pTylvP1RnmWUZ6uUZynlWU55NlOeJZRnGeXZKuVZSnmWU57NlGcJ5dntKM/e9f7JEmkp5QmU
58moL0t5PUeEHTJvkfLfavx3yPmg/Kf8p/y3P/5zjP9clf8c5T/H+c9l/nOE/xzjP1flP0f5z3H+
c5n/HOE/tx3/ue+fWXjM/GzKfwL/IRn1hx+BuOeUU/qduTkPjs2Zh5yRypnKmcqZ++NMZJyJVc5E
ypnIORMzZyLhTGSciVXORMqZyDkTM2ci4UzcjjPxLZz5bMn9lE2FXYuWzJQds+kxU48pzzbnzrvj
2WPOYmVgZWBl4JUY+PLP6feLgjcF/pfTLy//D6OU3CcKZW5kc3RyZWFtCmVuZG9iagoyNCAwIG9i
ago3NDM0CmVuZG9iagoyNyAwIG9iago8PCAvVHlwZSAvRm9udERlc2NyaXB0b3IKL0ZvbnROYW1l
IC9RQkJBQUErRGVqYVZ1U2Fucy1Cb2xkCi9GbGFncyA0IAovRm9udEJCb3ggWy0xMDY5LjMzNTkz
IC00MTUuMDM5MDYyIDE5NzUuMDk3NjUgMTE3NS4yOTI5NiBdCi9JdGFsaWNBbmdsZSAwIAovQXNj
ZW50IDkyOC4yMjI2NTYgCi9EZXNjZW50IC0yMzUuODM5ODQzIAovQ2FwSGVpZ2h0IDkyOC4yMjI2
NTYgCi9TdGVtViA0My45NDUzMTI1IAovRm9udEZpbGUyIDI4IDAgUgo+PgplbmRvYmoKMjggMCBv
YmoKPDwKL0xlbmd0aDEgMjIxNTIgCi9MZW5ndGggMzEgMCBSCi9GaWx0ZXIgL0ZsYXRlRGVjb2Rl
Cj4+CnN0cmVhbQp4nO18C3hTVbroWjuP1s0ADfQBIrDbUkolpKVPKZSStulD2qSmaWlLT2ma7LQp
eZGkLRXKQ14ig4CIIDJYnuNRj8fD6Dy0eu8cnTvHQXAYh5lxHGTU4zgeuY7HO2euQrM5/1p77yQt
hUHAx/2+m7iTtdde63+/1t8gwgihWLQOKRAy1WVmNy/Z9zDMfBeuhg5Xn+O5xnljYPzvCCUGO3mr
vSOnyoJQUiPM5XfCRJxi7Dm43wn3MzrdwZXNv5z6E7h/Du6HXF6b9V/G/NCI0KRn4X6d27rSh0pR
B0KTs+Ce81jdvD/lsT/DfS1CRXkIK/cwg0iFkCpH9ShCeJr4rfgtcjATEGLGxCoUaiXDKD9Ensu/
QqHL7Iy2DCXivlPrMNgRh7jLl9XxQjzeH+PG77chfPnyZUReDHIIjygdqqPAZQxCEzXJmrRkTbJD
iYYCiilDHwiPxIz7/DO/OgNWDgL2raqz6DsoCVYmc0mJSeoYdVqqJhlrchIL8vNy02emDjJr8dRH
92K891HhfUFYi9ef9S4sKlroVZ1ds+6jC/3rcOii8mVhGb4rj7fn5wMr6GkgY4I6nsh5IuB+GjuE
/er4Ly4Q6pZcfl/5M+UqNBZlwlJAl6BOSqTI8tI0yXkwkZqSPrNgZkF+Wg7FDzMxmvyC/AJlUiJz
eEXBPJw55x57uQE7hb2Vzc3rn3F5MN66Bae8WVq2Pdhuqw8EA904c8sm/DlOS68ypKXjuys8GVtC
6487dJkO+5FX/2EpvsOSkY4Tk3RYc8f4sRj39AHVjZffU+YBZclAl2YmYE4B4uKTEguAuAINkJHO
pc/UxAFh2UmJyry7K+827TVbLOa9dTV36+vrlywRzjwFL5zZ2GBRFgl/mDt50pKmAwcbmjC+fVK2
8DY3ToMP7MeJOAE+x2uoLN5TsYDxdpQKOBOSE0VJhJFNZAryiVZUQE06UBOjYodeHGs0fte3sqd/
3Zp1a4Q3vv8kxt8/hlNw7OPfE3bhwgVtzkX6OCbHsaa4GKcmlwkXsibdjh/bj5Ow5uD3Hh94yFFc
BKvcopZUREt3EH6T8zQgbPImAk8Cq0kmQs8BklQThH3q2PEJM2boVhTrsbAfO2pblnp+6rAzT4Ya
vPjRh+4quD0lYSKuX/Jo6C11fOgJa5YO96wk2m68/L4qHTgcj6YDFkmgOdnAI2BSAGuauBh1siRX
5qcri4qLi1Z2LyzCuGhhN+aOHj58VPij8M6Ro0ePKFbVLxk4VN/QUH9oYEk9RgcOCBeECwfgheNx
/IEDgG0pyHMccBSPZlCeRHtKTxElWQBqU2RLVg2kJIHhKY7jTmHf4sam7jc2bcZ486Y3AksbD/kX
Lliw0O9fsBDjhQsUg0zjFxcO23SZ+NgRrMQK+NRlDf3CUndowAKvgUN1FlGaigvAaQJglo2HUJCQ
L2JOUlzI1GXptlUtJgI0NDeumZAQn6HITBzDNjYdCw0p237szp2LsUJJPKgLvKQdoOWMsMWkJPCC
pHiQGTCVrkmUhElUR3SXlysiUyYFu1ytjrnZM2e0F+MJba1440bhordn5eouvy/ozMvFM2a6iv/S
1nZvX6jd4wZr/TRr0qTJU3K1iZPY22aYap/6QXPzhLgZOC5v8u1T7yjMmpQ4LnbaPfccO9FQj8fH
EQrdwjlmHt5AIhj4uCJ14hnc+X/P2vEG4Q1hG+4Wo4saQXRhUQpskASfnqrRELFIsSYGOEiamKwg
lsec78vLzc3rOyysZapx+gP3Y1xeudNUXKQ/Izh+eFfBvFZF8Rxtp0M7Gwvrhb+FTqrO2my/2dO6
bM6EYv06oREHfBmzMJItG6R3NctOuE7LfmxntGUr245Kho3RkwjFPAcYdIBBAkYg5xbk5sm+CrfS
MCEap/KF0mUtK37K27Gwj8EpqUYHRDRhH57OmTsL7oJBZ0mDpTPQ3Kg43nFXPmB7L9TAVI4dN3ZK
T0EutlgeD/2eqXwhH4YNByhNrXOzcME8kHck6saIcVcjx15yKdsuDUDC+AORTwtCynJlG7qNrEvA
xE9wcrfiTOgEYxxKZIyhk8q2i6H9l9FFxkHWO8CvWlSfksiYFhUHk4lZy9aZJIXxAlXLcn9wtfDA
W7///Vu4Z3XQv9zV0Rk43dOLcW/P6UBnh8t815Sp+MwvMY8dZ355x9R84WRlasrGjX/+cONGCFl3
E4wDEDfUQOF0msES4kX45F1ADEl2bZIqBnAnZjCOjdEkzkjJ9OoXEW7vaW5xvWJ34OeYp30t9z+g
u79wwZTUifG4oX4/k3Fp4HC7LrO3B/BMAa89qjpIvZYKDLAU5GiId+VpUjU5GiYHrxB2YG56y4+F
U79ubDpxQnVQ+NfLSEgzAhOXUVPjr/HbGOGFJNo9LTSoWsEqaPxJi9Y6CXOE2IlyTpHcgZlAtFO1
tLn79OZNmzaf7m5eeiy4YOHCBUEagw6HnlOz1OqOHBNCwtCRY5k6RYGl4eDjlgYsBiCCt0UwqMYp
+wBrrqShFDEW5BAN5SVrGAgY6qiAkaeQQ3GiFIqPkxh4etPmzZtOdzc1LgaZ/uNTwmCXtd3W2tzU
8s915gu+ooUL5gd9Ymx+GQSIDw9cunh4QJfZfnxII3z24A6siUvGSQWTp9RUH1OozXV7HjPW4jrz
nj11ZkKlFawoE6xIzAVxotlo4kSKMAgoTRlJeYpncvNW9+fm5eX2r4Jwdd/AIeFt4XePH8L40ON4
Fk47NMBcwElBvz8ofCT8eyAYDODJwvbXTmJ88jUcwIGTr712EvT7IUQCJY1BxCNUtBTSJH+KLcIR
vBR7sOXSBcwqflaJ1ZWX8oS/AZWbhcdivKoBoJIHKqOyFaEWR8mWBvW8HFqazJQCDPF7tRSpJVst
SJL2kHcB2ScnBPIm2S9VUZyX29wILo1z85ubcvLw/mklZY3/1OVyuZ5qLCuZdmZ1RTnGd0wrXPbg
juPBruVNe+6py8912Das371mzZqm5f279+x94cixtetKy3BZ6do1Txx//vyPf7RqcXoaPnJU+F06
M2V1eUVl+aq+ivLyCqG5Ij0D96/+t5+vWY1nZZRvCC2eyNsO2poa7u4rLZnGFdr2H3h+z30b7O1A
SKbunsPt2Xm4ZNGa1cePvPz88WP9q8tKIRwOtPuD/cKnex4BGZ8B5ZJMIFV7Z0hGhTTQT3QOclen
g/xjyAgnK5IxfSuU5aHjy4R+JgOfZDKE/tAT+NHXcZzwqersxdlMGmMmMQDyR8w8Wp0CXEyilAan
gpcO4v/AFtyAPxIeFp74q/CEsFt1duhdxfSLs5VlQ28r0i4Nkt2AT9VFMYdjIatqEzTCWiFOdVY4
d8moPCFhYYpgnUT9IF4vrCVUSM9Uf4NnNE7S+EDRP8NMx27BHHqXYkZKBJjREBIj5fuqi2DjaaIf
po6MlOnqqBIIAkyy6uKu/Y8dI9HynXfwfQ8/sOXe/lX9q/60un/lynPz83IyPmYavRUpqTRaOt94
g0bL8hkpGK+975P/vX59rFoDtR9DaAXMrwCtCZQPteTnQLNcYAFnUM1s3bpwAV7/+IDwovDCwceB
/PU/MdXWmn6iWDu0XvjX/Y9BpbhQ5Fz5LkAbE5EeeQ8qx4f8TEfoUebopbeJFIX/gOtJ4RyK2qOS
9wBGcd0lI1nBIP7y+2pHOAJISaNAOmgolJFqkEQBheNZazvG7dZnn223WtufxZ2vw0vYJzz6+mmM
T7+ufOu+DR9fWL8B4w3rL3y84T6ocE+dFvYIe06dPn0KL8fLT5+K1uFIToC2u4iuQ/9G9B36OTMP
LK8vtIXQOQhnq3k0akwleSFHrl0wLVvgTRISeaclM0UPfLxm9er+C6H/wo9gy/eP9zpz4OVc+cQT
wrNCl/LE0Iru4B/fgfCEU7OyA/zGTcef3LDZHszKxjRjgNZaIWePpxkjqjglRqIYkTzSE4BwBRKr
U5ol7h2WOapILvlQqktpjmB+Mzx3tB8GXBhthZPOJ6AHyBaYcKOOSg80M5FYlppHk0OuXM4QYpQi
64oXHqk1kgTxYtDf7XMtd3buq7sHmy1H9h/eBaHKYFjT2rqsdcUKnwunPLTTYFCkpbe1P/xOIIjj
NTNxRj5kzrxcuyMv93M4y/1DPZCYkDgL3z5dE4db2/7nRjOppw+DNZ0HGqeRuEFcP18kJnwezOEk
PTBGZtelV5jkqtQUXF7RvbTL1bd+3dp78Xf2PFxc/As8RfgAT8HvlhQXl3VCcZCWXo0rZycl9vT+
6l7n8mdJ9qRn8LMwGgu4SJCCvJ9KzYT5TGjGxxfhp8+eFR4OdSn3hXYonhkyQ8r5FMdhUqlchkOt
6jzsjoVKgkQpEibi8TGIUBZ8PPRzalwXmPihgdA2plvykpNyTLnCr8hy0auIJWJUCTFwKtRBNAZO
pP8BgYrkStwy+BKeDVeL8JbQ99Kg0KdsGxpSKENKZujSgIIZEsQ6T7VCxiXXeQHlh0PnFXdd/FiR
PASO8dFQgXDuI8VrUsyk0VotRVyczOIN+Lt4G94Q+q2QB458QmmE0IhREUKxu6NiM10MH0V4BRRj
CDIwgm+PMCCUCf8p/FUog72vKIvIBcHSe2kXSNtJTmuqTxCHshAqkG2vQE6xMyFsyiEBjBOPcI5T
S+vr6p5ua9MYqmua/7RtOz54AMfg1EMDLw4KLzrbrHidPTcnJ9fOE3dMxvHa+CTc1vpS9uTb4ZT3
+08f2oVf/RkEk+2/+jXWjGP+UrJo430l8Lpv46ISyAX94JcTaKTKQovEPkWSHFOBiDTprJUsOQQ9
xsSLsYvWBhPjI4uJ+zCvuQrnYzy/0NVVOG9eodC/tcywfTvW4PHbtxsqtuw1VePde4TzwrmH9xir
H23OntvSlD13bnZTy9xs5gA5r3sK588v9HjnF66d1WBZ95LNhq22l9dZGmbd2bps53mf3+87v3NZ
6514dlMWvJoa5+pwVhaJMGtAyqkgZcKJ2G+JqmnEsyXxKPkQA0ykyZ0HSFrMB465OTlzHY4cOJrO
zcE9yyz1pn9a1hZXUlPd8sH2bfh7B4UvhHOkLhv8CS53tFuZd/GiUiJFItHSRcxp4YI2KQG3Wl/M
un0S3rT5rU93PoR/9gruwv5fvxmnIdEIPOIT2eoSiCFtVfKhF4StTHporursW5eUyheIdU4WyuFU
14Y0ss2RBAtRivBSMBk78BwwOoeQUdHatv8N39I7Z01ilW2hWObzS/mDVYs/nnpH9XSAkg5+uh2i
IKn4E6gxJYhOCNU+LZkV2/9XzdRpOFs4Lew/ccLB/1Yd//GUqaXGy2hoQNGGkfGHTUsADmQwFcAn
eQVomUgpAsfEPxdceNUHf8ar4PsJYdPQF8ImpohJFZ7D1aHzoZ/iduGgdELtAyrEuhRLgQMOa/gA
HgidY4yCUVhMmmZD/4IfCwmhw/hNYQ7s2w3anAN2Ge4LyNVmkhTH06L7AnnRfQGiTuXJVd09HQ+U
lMyZ3XP0C6cT79otvLnjwZ0PPrhlY39/WemczC17/tjRuXMnHnfvhvWq48Kr+VPvgJBpWpCcmpSc
7eh48fPee/GUKXnYUJOWfuedxvKZadOTs5ydPzi/cuWEeBIPtwsOWk+NpZzR+lbsJULG3btPOGVc
sHIhPL84KHz0wANQz5WVbBCjonpFuE6X5UGS9Gz8P0JzFZOFaaFnaCw9zySHioY+YapDz5GKQjhL
K4qJpIOmSpUsN400lohVAxRSZUgHHVpl7Jgm7DhFCwjcgZef/AXucv0CzxF2Ce+TcmNZ6/O02pjy
+knsJiUEhpJjV+j5Hy0VnlUroeD4dO06qd6AKAF1Au2fsigRZZBcKp0UUjUT5e4pME9SLO2rim0P
mkAnLM3UYazLXHr2vcCCwsL5wffeww5SWuNdDwm/Ca1nSnD+9m05OYrdOGOWsfrOWcKroQDOnmtr
y84S+pjJM6zt3/1d13KsOtu67LRncQ3xj4NgGwxQkyZmlgQpR9K4FH34K5A7FG8pXgr1zNbNnos1
+/biY98X3l4HtWef19W+zWzC2GTeVte6bDkkpA8+HBOrvn/rX//P/VtJKxNnQkVqKO3pAXoTkrQE
N71WpDtOLBu/4L9Ik33kC+zCELubVh/q8CTsiXELUGPFkRXrYndTSNGvYuUp5FCdQ4PMy+hplQM1
Kl9GjSo3XCfgfi18v4BaFJ+hp5WvoC4Fi9wMJDJ1Bhokz2Mb0JNkn/IJ1KI6D3BOoAHFm2gK7Hma
7FPtQu1wfQjUboG9Z9RzERvzN9jbjVjmIhpUn4BrF3Ko18JcL1yT4R7oofNH4Z7A2YW2wnUYrhbV
ycsXyLoYO6pUnUItBF7sm6gInnXB1Q/XWrq+AE1WrELpqgw0XWUGGK+g3czFy9vVORJ8wAPrDgL/
CUiPTOgAOovjcTnuxy/i95gcpgze65kTzJBCo8hQtCseUbyk+EJZrdysfFx1l6pcZVdtUO1VHVO9
rLqkTlEvUNeot6gPqX8To4mxxeyL+VHMGzF/ilXFTo3NjrXEHr4t5rbG21y37bjtB7f96rZP2GK2
me1hn2eHxhRSbRQjBzkbidq64nU7PS2Ir304WxpjNAa/L40ZpMRfSGMFimM4aayEcZ00VqHvMGuk
sRqNZ56SxrFIw5yXxmPQVMUcaTx2wvdmbZHG41Du/B3SOA6Nmf8HaaxByvmfAUashOoHZ1HsZIxR
Ij4pjRkUi/8ijRWIw4I0ViKOmSuNVWgSY5fGajSN2SaNY1EK86I0HoMKmf+UxmPTChWLpfE41Dk/
TRrHocT5r0pjDYqd/2dUirzIh/qQHzlRB+pEQaiEZiEbRBIOZUO2zoIoz6F2WMGhElgTRAG4/IhH
VuRGWpitQh5Yr4ORHrngzSFzGFaA3vHwzcOeHvi0w0r2OrDmh7FaAFMP4OqCPR5YTeiwwp4vh7EM
Rl2wrwF1wwobrLVSaDzdYaUccQDFA58+WNMOcJ2wjoP9XsBupc8gM5R6fX1+Z0dnkJtly+Cys7Jy
uPY+rsQZDAT9vNWt5ao8Nh2nd7k4M1kV4Mx8gPf38HYde8XWfLLVYu1xd3k9HVyJtfMqG8v4LmtD
N2frtHo6+ABn9fOc08P5uttdThtn97qtTg9QNpzFOspgAKbFzXVWD9yUADMuYAmVeF32q23hIsui
NnM3vKWB6iIAEvRS+WaDRnJQATzg/QGn18Nl63IKhkOW4c4ZCZeAnTMaJQ4KXDSAoGSeMi0Orwfk
GQT1IGokQVBxIcqEt12C0QMwdLDXC99+UDtP4fmpgegALg97UGcw6CvMzLQD0J5uXcDb7bfxDq+/
g9d5eHhcHkWBbFCyUV/pOuQZMVKeGjoPPHpRL6wlZn1rjJVAqoAnfbCmk+50wjMf5StIHYNIzU93
EFciUHtGSHIkHxFn7B7mjFfjhoX3aLyLJmGFUbTUrgwLLFjAjb/Z6wo1tz7Aja7vCM9OeMLSUZDO
ECt0U1kvhzkvaODv0UI4q6Xw3BRaxLmclKZO+oyX+OqgWDyS1rWS3kVtidhEGxPtXUvp8lLte+h+
n+TAIgYvQA1KNuaUrMBKYYiSZiWYQUrFSHuy0XXEDkXoMgSyWqRdtGWe+r9oeylRVpJCNUf22ul3
gNJlgz1WiT+WeoENLNRNoQTpE1k+Dhi5JE+aFaYxgoHENEJ/EOxXtH6CMSITMuOjXmMHDDa6W6bG
TjkIUltrh6dB+lTEwV4Dg1byZhtQ1k2hiDLppTbQSaNSUJKMm85FcyTz4B9mlSK13VSG2ijtkLGb
6lPUNRsVQQKwW3sVPrRhPjNpBOEoZNEfRNhOSarDtX9trmXJidT6whYdpHRFrC7CUS+Vh/u6MMje
4KBR3SNxyEdhtNNPgkNLv4kkumCFjcIT18j6c9BMJEY2WUM2ittOKXZKlBZS77RI1FkBopdGhogO
omNRRAJXRgIPrA9K3hAYtlb2lYjEomNA9D6O8myllLM0Ng+3NVEaYi6xXkOfXpoFOUn3bvodiR/X
o4sgzUQks1oljnTDJHWtvUQmfVJuEbETmTsojXbJklzUTv3hGZFSIlN7lM6jrU7OoFaaEZ00Zrjo
HRvmyE4pJfryREmjY1heFTHJMdRKrUe0XRnHSPkE/i5PMpWsxEHEwqxUR9dPwXA8I+UxGm1aSd8u
us95lWjOhrXjp3HWSuNKBK48EwhbpOwvI7MHL8U5nnIhY+qlXNnp/pRR8mFKmO+RO8iPPeRsmxJl
ZaLPVI/IL+3U371RtHZLfiDbSQ88dY4iMR6tpHL2SJ7sg7eYvaw0ovLhHdF6F2mWZ9hRPaWTRniO
fgckGnlqSVezEznWjRa77TQTeKjeo+U1mlTZKMlF6/BGfTUg1e+cxInsbbInkcrBFa49/NKO4RB9
1KKXw2eHpDExHxKrYsNR9auMVFfnql3ykaCUDx1hSVUiA8VjQka4I3hMcGdBS6CONNNnVTDHQR1n
hicNcFcGs2VUL3r6hDxPod64BMYEognVU1giDDN8EthNMENgc/Se3C2G9UaARfYaUCPFYQBodUCZ
CcYEdg3MVsO3QVpHdpTCTD3ck3EFIlWoiM8IuyzUd8g+QotIqQXmI1iHU1VFMcqU1cCdGeBXSk/1
ALuKwiP0a2l9RMZGiU5RcmYKnciIQCYwS4GianpHZuvhuxbW1VF56inPIrVGykM5PBd5MVAKRE2I
FJXCdy3gJisqgC4LlQLBZJFWaqkeCT9ldD/BupiuEikzSVom4wgUnSRLkQ4i/4Yw5jrKfzW8Ocq/
BWYsVDd6gC/DlW2ngkIgdLNUGvWUPz2Vg4liKKHriBSJPKvDFmeO0koplRfRG6G8jGLSU4nUjcqJ
DC1aO6NZBxvGUEH5M1BJVdPVdSBHA6yvCs+I9lhFeS2VZC3CFO1etInqKOmWUh6JZu8BrAbJpvRU
dsO5IHpaQumPcCFqQC99lkbJLKJ9o6RdmR4LxWwZRSpLqC8a6Co91XVd2EfKqf/WSJTXhy0sEgPq
Jfs0hSkbLl/Zj+R11xM7RFgy7uEaLKP2VC1RWBeWhriCvQZcMXYZIK/Z6DknGI7bwzN3dNUYqUaj
605tVKyNrgTEKFxB17pHrIvMiqclMWdFzjrRtdtoJ2z5dCzW8nLVG6k+xNgtnomiq147rc/FGjAQ
rkq8tA70hiuTXvo0ktN9Uu/EO+ycRzBbae7XhnHJuSgCS6wrrbRaINgCo0jz6hmKveJk6KP5XsTS
S8dBqTIh/HVLa8n8vSNOw3L/50odcKPqQOZltMohWv5+qm+fdJZyUgmTelInwfUj+VwWkQmRgNh3
c4/QesT6CLRCNLKrQGTQEUW5ncqaRWIPj+BkabySe1zffNfpVje4v039IHZYP2hk5fXV9YPYUftB
3NfcD2Kvqx80vJK3RdEU6XXIK6+vgzpah4X9xvpK3BV9Jfb/95Wi+kqRDsP/m30ldliG/eb6Suwo
p7VvQ1+JHbWvFOHo6+krsdfoF3w9fSUWfdm+UuSvTreyrxTxt+F9patl36t3l8TzuVhJfNu6Sywa
3l0avbvx9XSX2GtIl4uS4Le7y8RSG7uymvn6u0zst7jLxI7oMkXOul9nl4n9u10m7mvrMrFfosvE
fWVdJpbKoAGg3k2pFaWth+dfX++IHVXn31TviL2id8R9Y70j9qq9o0gP6KvvHbFfond0Lbhfbe9I
jqxXzyhXdnzYG+j4RHdpbmXHh72pjs+VZ7Yb6/iwUR2fa/UdbkWHJngF/EUo0mlgKR5yp0OonP5A
i/yujfwyLvxjOm5WgOe5dt7l7c3QcdfxKzgdV+Hq83UGOKfb5/UHeTvn8HvdnN7P90g/ApNx0F/d
dYu/uotGw7IR7A2838qJpIV/usfOueaLvfJHftf9+0BuBGZngLVyQb/Vzrut/uWc1zESCsvW8n63
M0B/Q+cMcJ28nwdcHX6rB1jXAu/AFmwDifk7eC0X9HJWTx/n4/0B2OBtD4LEnCACK2cDollYGezk
ZTnZbF63D5aTBcFOgA5S5j0BkF4KFUlKBgCzc9ZAwGtzWgEfa/faut28J2gNEnocThcoaRaBSDdw
dV5HsBfEn5JBKfHzPr/X3m3jKRi7ExhztncHeUIDO2yDFtRsc3XbCSW9zmCntzsIxLidEiKCwS+K
EsB2B2A9YUfLuXnCNUsNJNCpjcKhJTgzvX4uwIMeYLUTSJXYH4GaEAdgfUTQQVYUHUXU2wmGdcUG
ogZHt98DCHm60e7lAl4tF+hu7+JtQTJD+HN4XWBshCGb12N3Ej4ChSxrAXDWdm8PTzkQrYgSEDYC
jzcIagiIs0QrvogFiM+4QKfV5WLbeUlqQAZ4iXUYn14P2IWfc3v9/Khsc8E+H++wAiKdSNTwp25r
H3gLbLc7HU5iaFZXEEwPBgDUardTzkXREQe1+oGubpfVzxJEdj7g7PBQMjpEX4VNxEKtNgASIDtk
egIjMRGQLCCgArO6Rgcg7ZHpiEAD8jyuPs4ZZeYsYcfPk/8vDl1LBgEiSKIX2T14sDneTzf1ev32
AJcS9sMUglt+wKYQt02hIgPNVEv+0s6DJxGo3aADIpMerzNMGL8yCB7DWX0+cC9ru4snD0TeATIZ
sBGldFqDXKc1ABB5zzCZEKuLWLed6/bYJYIjpLKUOJHDa2k14HURr6ZqI0qyci4SPcBX5IU+q225
tQMYAz/0eFliql/OqIahgoAFJPIuByGq0sCVm4wWrs5UblmiNxu4qjqu1mxqqCozlHEp+jq4T9Fy
S6oslaZ6CwcrzHqjpYkzlXN6YxO3uMpYpuUMjbVmQ10dazJzVTW11VUGmKsyllbXl1UZK7gS2Gc0
WbjqqpoqCwC1mOhWCVSVoY4AqzGYSyvhVl9SVV1ladKy5VUWI8AE4sycnqvVmy1VpfXVejNXW2+u
NdUZAEYZgDVWGcvNgMVQYwAmAFCpqbbJXFVRadHCJgtMalmLWV9mqNGbF2s5AGYCls0cXaIDKgEG
Z2ggm+sq9dXVXEmVpc5iNuhryFoinQqjqcbAlpvqjWV6S5XJyJUYgBV9SbVBpA1YKa3WV9VouTJ9
jb6CsCMjIctEdiLiYMmGCoPRYNZXa7m6WkNpFRmAHKvMhlILXQmyB0lUU3JLTcY6wz31MAHrZBRa
dkmlgaIABvTwXymljLJvBHYJHIvJbAmTsqSqzqDl9OaqOqKRcrMJyCX6NJVTC6gHeRLlGSV6iY7I
3JXWAavIbonBMoO+GgDWETJggh22FqzLsNLG+4LEtiXnFkMjDaNi7NRSqxWDAJhwhQccV5yjQ0hL
4Fk064jRLZKwSTrWiqGXhg+wbshEYui19/AQAQMklHj9rJcEk15ngHo6pEC3V8x5XMDqAmSwi3gR
XQWx0uqCbYEwmcMcipWToc/vhC29fmcQggln7YZZv/NeKQ37pTRFOeAiHBAskeAg0u/nAz7IUs4e
3tWng7V+kssoJU6Pw+t3S6xT8dmChXKpEOQ6KHC7N8h6/R06jmVpxXXTpdP1/vuIW1MHsWIdxN1I
HcRG6iDuBusg9so6SAryNgopIOeMUQrUSMHC3kytxMm1EvvtqJVYUQ9fWa3Eig57U7USewtrJTZS
K3E3WCuxw+qCG6iV2KvVStz110psVK0U7b7DyiXI5xAkblW5xErlEndT5RI7jFx6brzVJRPr8XI3
XTKxt7RkYqWSibvxkokdWTJxN1IysaOWTNyXKZlYi76h5m4TIVtfeUPVERvh/GaqI1aujribqY7Y
6OqIu6HqiB21OuJupjoixjrMUcKFD3vVwof7EoUPe+3Ch7uOwoelhc/w2uHvFzRBef0iWjSwOvjS
3cy/GcykfbvlcGXS3pmd/lVPR/++6oO54X8tvPa/MMzsdS53ZjohWK3U+Tp9mVLEvKF/+InQfwNQ
gW7uCmVuZHN0cmVhbQplbmRvYmoKMzEgMCBvYmoKODg4NAplbmRvYmoKMjkgMCBvYmoKPDwgL1R5
cGUgL0ZvbnQKL1N1YnR5cGUgL0NJREZvbnRUeXBlMgovQmFzZUZvbnQgL0RlamFWdVNhbnMtQm9s
ZAovQ0lEU3lzdGVtSW5mbyA8PCAvUmVnaXN0cnkgKEFkb2JlKSAvT3JkZXJpbmcgKElkZW50aXR5
KSAvU3VwcGxlbWVudCAwID4+Ci9Gb250RGVzY3JpcHRvciAyNyAwIFIKL0NJRFRvR0lETWFwIC9J
ZGVudGl0eQovVyBbMCBbNTk1IDcyNyAzNDAgNjY5IDU4OCA2NzMgNzA2IDY4MiA3MTAgNDg5IDU5
MCAzNzcgMzQ1IDc2NCA3MDYgMTAzNCAzNDAgNTc3IDcyOCA3MDYgNDc0IDcxMCA3MTAgNjkwIDY5
MCA5OTIgMzc3IDc2OCA5ODcgNjc3IDM2OSA4MzAgODE0IDgwNiA2NzggNjMyIDg0MyA4MzAgODIz
IDcxMCA2OTAgNjkwIDY5MCA3MTggNjc4IDkxNiA3MTkgNzY4IDEwOTQgNjkwIDY5MCA2OTAgNjkw
IDY0NyA0MzIgNjQwIDY2MCA3MTQgMzY5IDc2OSA4NDMgNzU2IDY5MCBdCl0KPj4KZW5kb2JqCjMw
IDAgb2JqCjw8IC9MZW5ndGggNzk4ID4+CnN0cmVhbQovQ0lESW5pdCAvUHJvY1NldCBmaW5kcmVz
b3VyY2UgYmVnaW4KMTIgZGljdCBiZWdpbgpiZWdpbmNtYXAKL0NJRFN5c3RlbUluZm8gPDwgL1Jl
Z2lzdHJ5IChBZG9iZSkgL09yZGVyaW5nIChVQ1MpIC9TdXBwbGVtZW50IDAgPj4gZGVmCi9DTWFw
TmFtZSAvQWRvYmUtSWRlbnRpdHktVUNTIGRlZgovQ01hcFR5cGUgMiBkZWYKMSBiZWdpbmNvZGVz
cGFjZXJhbmdlCjwwMDAwPiA8RkZGRj4KZW5kY29kZXNwYWNlcmFuZ2UKMiBiZWdpbmJmcmFuZ2UK
PDAwMDA+IDwwMDAwPiA8MDAwMD4KPDAwMDE+IDwwMDNFPiBbPDAwNTA+IDwwMDZDPiA8MDA2MT4g
PDAwNjM+IDwwMDY1PiA8MDA2OD4gPDAwNkY+IDwwMDY0PiA8MDA3Mj4gPDAwNzM+IDwwMDJDPiA8
MDAyMD4gPDAwNTI+IDwwMDZFPiA8MDA2RD4gPDAwNjk+IDwwMDdBPiA8MDA0Mz4gPDAwNzU+IDww
MDc0PiA8MDA3MD4gPDAwNjc+IDwwMDMwPiA8MDAzMT4gPDAwNDA+IDwwMDJFPiA8MDA0MT4gPDAw
NEQ+IDwwMDU0PiA8MDA0OT4gPDAwNEU+IDwwMDQ3PiA8MDA1NT4gPDAwNDU+IDwwMDRDPiA8MDA0
Rj4gPDAwNDg+IDwwMDQ0PiA8MDA2Mj4gPDAwMzM+IDwwMDMyPiA8MDAzND4gPDAwNTk+IDwwMDQ2
PiA8MDA3Nz4gPDAwNUE+IDwwMDU2PiA8MDA1Nz4gPDAwMzk+IDwwMDM4PiA8MDAzNj4gPDAwMzc+
IDwwMDc5PiA8MDA2Nj4gPDAwNzg+IDwwMDZCPiA8MDA1Mz4gPDAwNEE+IDwwMDRCPiA8MDA1MT4g
PDAwNDI+IDwwMDM1PiBdCmVuZGJmcmFuZ2UKZW5kY21hcApDTWFwTmFtZSBjdXJyZW50ZGljdCAv
Q01hcCBkZWZpbmVyZXNvdXJjZSBwb3AKZW5kCmVuZAoKZW5kc3RyZWFtCmVuZG9iago2IDAgb2Jq
Cjw8IC9UeXBlIC9Gb250Ci9TdWJ0eXBlIC9UeXBlMAovQmFzZUZvbnQgL0RlamFWdVNhbnMtQm9s
ZAovRW5jb2RpbmcgL0lkZW50aXR5LUgKL0Rlc2NlbmRhbnRGb250cyBbMjkgMCBSXQovVG9Vbmlj
b2RlIDMwIDAgUj4+CmVuZG9iagozMiAwIG9iago8PCAvVHlwZSAvRm9udERlc2NyaXB0b3IKL0Zv
bnROYW1lIC9RR0JBQUErRGVqYVZ1U2FucwovRmxhZ3MgNCAKL0ZvbnRCQm94IFstMTAyMC41MDc4
MSAtNDYyLjg5MDYyNSAxNzkzLjQ1NzAzIDEyMzIuNDIxODcgXQovSXRhbGljQW5nbGUgMCAKL0Fz
Y2VudCA5MjguMjIyNjU2IAovRGVzY2VudCAtMjM1LjgzOTg0MyAKL0NhcEhlaWdodCA5MjguMjIy
NjU2IAovU3RlbVYgNDMuOTQ1MzEyNSAKL0ZvbnRGaWxlMiAzMyAwIFIKPj4KZW5kb2JqCjMzIDAg
b2JqCjw8Ci9MZW5ndGgxIDIxNjI4IAovTGVuZ3RoIDM2IDAgUgovRmlsdGVyIC9GbGF0ZURlY29k
ZQo+PgpzdHJlYW0KeJztfAtYVNe56Fp7HpBtoyIgedwcNyAS4wgGRCJWZYABBocZnBlA8MUwswdG
hplxZgCJDzQakeiJGl95EPUQk3qstWlqWjW1bU4evpKe26R+pzZNe5RjTU+9rTen535Wmc3919p7
zwPRGjWP+313hs2svfZa//u1fkYRRgjFo9VIgZDJkp1TN7l9Msxsgqumyd3pXLRu3QIY/wdCSTub
eZvD6dOvQih5BcxNa4aJkRe+tRDuD8P9+ObW4LIJD6dxcP9ruB9we+22Pew+M0JjfwX3q1tty3yo
GDkRSrHCPeextfLjvJWvwH0QoZnxCCtH4i1IhZAqV/UCQvgfxE/FvyEnMwYhZoRaoYhXMozyEvIM
foRCg+z4holKxH2ryqlzoELEDQ6qk4Qk/GJcK+5vQHjw94OIvBjkFHYqnap9wGUcQokJqQkZqQmp
TiUaCCgeHrgo7IwbefVzv3oirLwCeN9Rposr83OT0xPguvIxvARBmS4A0GsIKf+oOkueK1KTUxPS
E1LVyr+E/nwm9GfV2QPXzqomAQh0DFY51EkoBW5gyYTMCenqOHUyDHMTpuVPyx+bMlbpOIJnzlqx
s7rm6NGi+nntb9vtzL7QAmb37ioTXtTwSqhbnRTa7ch9HOP2ZYQL3+AFZZdyOXoIpQPU5FSAkZ8D
sJIBciaXOSFxNNzkpIyNI9jS4tRxyq6BN0Y0O3/s4u2NjibXEuG/XtqNd2wfuLDuqR8zZsuGl+Yv
up9ZVP+zRh4/9GDeocfGpuDeXsziMa/sxVufe3dXfX3tvJclbhQVgDkZbgB4psxKMrCSC2SkKCq4
9AmTXjZbjx4tWLhgfWLK2EcUh8fcF4exw/nT0BvKhkPOHOBDqSTQfIP9iksALZVwIUsmKWVs7liJ
mfS0zAkJTP40wqHiktFYZfqhHV4/NFUZjZVmy0Jh+w78/A4cVz23Spl38LGUZOzzf/gLnx+nJGkO
jB8zZs8ePBIn7H4Zj04kcnsb8HSCLkTt51LC098+Ai9lw/W96qQ/wppjQo1yH9CUhMYjlBHmDaSZ
MBoIUmdOwJJUKaUgdhwAXuvmLf9gdVfX6g+Wz6tjnsDm6q3bzFaredvWavP+0CE1e8CeM6WvT7gq
XO3rwznZ+PLptkCg7fSZQDAYkK0EsA5jJcm3bSUgXNlIMMoHhj9X7aaaSiDmSagFdkGieQnpebkJ
uAMvF56eMD54/PjZuXO7u1W7hX/ZHNrbk5n5YpXpI6ZhM55FdPSe4gD2gpUrRMqw94DqbOgsQ23b
O3hBcQKozpX0l0mkogYrgJ+xyUlgjIAtM2+sKKc8sgJ+JuRPEM1TsdFotdY/U6zDOVN2zH7XYl6+
8t/qbY1up72xcU1ZKX4897uF3zVUYrzU9wtnfZ1y9qFHkxLxY49ZtekTuJGPGYwbeucvwGNGj//p
tAcfnjzJXDExc8Ko8XP0a1+urcajRkn2GvcIUPgY3EhyTAEupkbkO3UYK1ZO1DUsXvv9xYvw0enT
27aYLUenF7Q/Cx9HZ9XVPtlZW63oWTGjAOPO5ReIAvaajKICmN19RgMOK4NY+sxZYFNPgr9OBiru
R9lAh2Q6+cTI8/JBF8Rrwa7yQCy5qXmS7uPyJLNjfvrv1TXaQu8LC+fjI0dmL1rc/T2HE69edR0z
2Gzd1TB/gcXRsGj+fy1bxuTm5i5vnD4DY4/78ERDaM0B55QcjBsb+o43NIxZVabDY1OyDmQmJa5a
RWQT8QbqC+AH6qS/XSZ+shTobQN6R6FxEXqJCvOJCoGmREYkOQECDRPYUV1TU71jW001xtU12670
bMB4Q8+Vz7t7eroVvw8ET50iRn7qRFvg5d5e4bLwv3p3Y7y7FyfipN5eoKMGIXWesgF9i9CRSH9w
ukKRXnPkDxfP/eHiEeGTc//783PKhoGdiiXkur5XsXNgCeHgdeFzZrl6DEqAGyl0pKQDiXlTgVRm
eXehtqhw/d5d+jkV+ufVY/5w/vylSxf6L/6p/8L53/VfuEwgfAK/DiGByIDE+E9IdKcSgChQTyUw
FVbINiJJIQUCQWqMZcsqJPIgOkvJy1X0ma3bd8y1WObu2G41H+laLVxvrK6ZW1VltLxZX18wr27F
L1bB6xcr6uYVHGFmnvC2YtzqPXGy1eNp/U/h/DObRt0/7oea5OTFi3423/54DpWYEit2v/x4TuMB
oHz34Bj8DlCuopQr0hOvfLxvjVk4KPwcFxLOvjfYr5wHUk0heS43QVYgDKnBkThw6MismSu3z6sG
syqprWv7FzuPjzGvhWx7TFWLF73KLL++96Dz8Zxly0Ae64WX4paq+kAeDgAuWW/eVDEQEtkTT6di
F7knqY08zpStWS1FBjlVpUh7aDwg+yRrp5ED5KtirpWVrlxeVlqu73yytJxJnWkwNn1vidvt/m6T
0Thj81areRxX6Nq+6/srfEsbdtfW4RlPeFzP9Oxes3JFc/3KbTt2HXvl1a7VxSW4pLhr9YF/Pv7x
j99cDgFizx7hM+bBzXMtGFvmbt5oNZstgr5y/AS8csXJE6tW4IwJhrUhLnmp9wdLFi+qegp8Zlxq
ofPV7/x8z8ZNruZpT2DNpLnexpw8XFS4asVrr/z0zddeXdlVUlxbu7cxEHxSuLrrebXsQfXgWzSL
YFnohGHZRLCkEVmIir4jR2bU1q0407V6ddeZFXW1oZM0fVitNJUofsQs+tvl/Xx2DoYEEo/j+/qm
5Ahjaf44Q3MJ6Hwf+INX9IdEmo2J3NOniX67b+/OOXqM9XN27n26qBDjwiL1mMsX+n93/kL/ny72
X7h06fx5YjcQoZirQDnJG8k0zSWLxQ3kDKLgXObq646MTJwt/PLo66/X1h5XJ73w6MQm++aBbMUv
NxvfqqkmUOZBnfAJWN99QElqMgYIeTh1qWJJyMAcHljJHA7xyob9A59s26/IgNU/GOxXTYQck0wj
kWxdIDXiaKSeeeNMbe07b8+rPbPlOeGS8B+bn8OqswNtV1wtGLe4rig2DiwQPtm+Y8d2TKB1g+z7
VFfCWUnO1TQrpUBWyojx3alSVqLMgWKU5UG+adFr8+q/XfCdJy+4l+Ct24TPWto7u57saPcfXLyo
uOTF5f0OftPG/272tKr2vZf/8MOF2jbH47njHtS0eN78jXcpfuCB7P9ZmpYOltc6eyb3wOSGhu++
7/cnJhHJnIJMvxF4HUElk5ogXacUr4ceYk6EpjNXB2ZB+SiUHgj1HwBLgvUqK6xPQWmwnXCQmK4g
XKWTglMJ3gJKBguTonO64h8LZ8+c9eG5n1Xoyjp+exqfxGjVKlxYHHpG2Gog+jdsZX6SUla+SmjG
XTtyHg/1qM7iJS2//seFCxlT6M8lxWufKikieAcHVa8DXlasIHK5/GmJTOaE1IxUDuI/KCYjFW/7
K87b8izGz24RzghFeA/+wQen8QcfCFWCTZV9vWPTRpyNNZs2vnb4R8IaYdWbP8IANzB4QXUOtCPm
FqA9kREVQaBncmJuyeBER1Fkfrp6LcZrV3/62zVdGHet+S2efvwtjN86LpwQ3n3r+PG3VAb8yj7h
onDxlX37XsEP44f3vfLqR78S9gh7PvoV/ugj3Ihtv/pIkrt6HPBDskwqxsSicTpUNKfwZLwSd+HJ
7wldZ4Sud8Gw4hVXr01SjRtASnTtPPHm0aCDZtjLgDQQ7MUkQaUq0pmfCH9mMoTlF5npH20ILd5w
VjUy9KDi0LVJuEtYI+LE28TaiWTYU6dPq85emyRRA2eas6J/kPiQSkkZzex8V7gSWgJUXB+nPH9t
kvL8dSImKrVMkJpcKWdyouAy5LI/XSlKjFTKqkxnIPiUMNjdg3FPN8ZPBQPOlraOdcL33oEXtjy9
rF3VeHbRlCzcu1s4J/wazgLZWQ0fl48fj3/5r7gJN8HvtAxSC4Mn7YNYMIpGsaFl75CyOJMckRQX
Y0rf0OaYwrjg6FEmO6rwZcyxVTG/X0195IDyCtOjdtKaE5SEvfihF4RjaqfwDG4nz2eAD3VCdBlB
npMF8JMLhwqH0IIPnBOOCcfO4R8K/nN4Ip6obAj9PvQ2PiKUMxXMWGEp3kwgzBSq4QTVQCKligRm
CG5EkvkETC6zzaSvWLHNbXjssdxUYcY7eBFe9E7zyZmz8Ivjx6+3Ko0D2xVugDI4AHRcAi3GQ7Qj
G0mBrDyHd+OXzoWunIE6+UXGOfA5+PQJgtOBf890MWupNYDHO5iHQxeZtfvgyU6AUwHaJScOEiqn
ifkwXz6+5Ul1KSmpyRv3MG8PGPwn38+1ZWZgkPjTi10tHZ0trrrPnnkmLX3+Q0+vP3DgQPvpEzPc
lRUV7YY5qanFH0x56EEcaHt7gdnie+SZTSSng3Y3hz0xTTQoEnkTRotVHtEsqWoS4QTGbOw1VmFc
ZezthbNXVe+19evWrb92fd16jNevU1W98JLwofDB8y9h/NLzeCrOfemFve+fFLqF7vdPYnzyfdyJ
O0++DzihelDuo550P/UkRS45gpFIlqdQCwwW8oSzZ0+FFqkyBvoVHw7k7hf24oZ3iPTAEZX1NB6h
/NQEVV5GLgmbAq4QXsD8aVwxsO+AMlB+pPzaWRI1NwNvOylvU2IrbhLuw1lBIZkwParIDkRK7n09
RijUejZUmUxV+L5Kg9Fw0tUysqB+nvv82qc29JwXBjb07P8O/h/wQDFj4cK+f1q4GOPFC/+pD4Jo
55H0pMTubuEvtdlZG3r+9IeNmyQJQCCCQ4mCRFblZcrJWDSRns7kMiAyzEzNJISQbBUnn6Ug3uKS
PiL9PuEneNK2ivLyim3C2dOM8tLKFbhQuxzqzA0910KfMadCn5YUbdpYUsQ4hVlP5Pt90/Pxaw0N
P+iZa05MdTTtgiITk7h2DjeoPlH0Sefh1GT6Pgell0AuRd/+K6TSnAmSJ76iJlGMWHn6TNElhAXX
oCq3Kg5e3yt3OnrBgVka7Ygnkfh67CiT8afQIablSujEUXXSgAv3h/4aOsikhz6lPvFHRS/TGfYJ
xRMDJ5nOLUDbatBgN2iQIxrMz5PqxsTosxIkiwRGTOc4qpIiqj5vMBrnnGhxjZoxr87970+thTjY
jxVwMnltv3CxstKIZ1HdbqB6HndkfGIS7n4aJ9ZkZUPIXH/54qaN1HxJEhk1itkFKt67eOHCxXtB
wUB1L9AWANqmihmZxN8MtVRT5MsnXTGkyESFfZjUZIrZWyxz8a7nhc8WN/IuC2/3HOfteP7CVw/9
aHuVaa5ll3XRYn+Ad9RdBKJwabkig7M1bvm080mMkxImvJPzwEN4zpzN66Cce+3bBUsDs2aOScw4
PC5hNG5yvbHSWgPSfAaq/42S/RdGTkc0yAFFGXLVLQcV6ZOcCujpXKGOqo5gM7MRTsEW85YtFjOG
ivnVtWUVeHXX7363uqu8YvVWy9x16//P1bUQCyzm5ypwRfnapyr0+oqn1pZXMO9hQ2X3BkOl0dDd
XWmoHVc/b80briZMSF0zr35ceqPj2d+QXPCbZx2N6Xh2W6FWW9gWEAtUYlX7wapI7lWLlWQ6Tt2v
+HnowsdYCEECrbm2RjWJnoYuKB2wKkOqqmRhA0+psmZoV0kOqZ8qHgztnTR50uRrz23FO3cKf1nc
YG+qb2hoOeh0kF7VQbNprpXUYc+Nio+D4+x/fg6hLmE0dyYn5QG8YH7vSwvmg9Clei5dzuRSPZd+
SlEf8jFVoddPExDlB0L5kC0uC48ok4SDNKtBkFcmXf+1cHAzpCOExav6+G8Di0d9+79JI3boi+yO
Wwo5ERNJSC/YE9cqPIJAzbACxfkppOjXbOWHyMm8ga4wG4HO/sFrqjHomPIyWqqogE8nWspMR2+r
ktAxMq9IR/lMLnpPOQl5487A80toOXmuvIiWqjeiGsU49DrA+QTWL4XP3bDnEFDaTe7h2T7mlyhb
mYvmqT5Bb8Bct2okOqXajE6pJ8JlQAH1JbjvRKOZBfA5ANdOFCC4lQgy/k/QDLhmAo0DTD9yqFLQ
Tri64SLj83BtVq0EOIfRObquj+4jz9bA1QvXRrj2w7Vb+SI6pQSJAf/JaAK8pyM72otOoEGcgA24
Db+Av4OvMjOY9cw25jRzSRGvSFLwijZFr3Kq0qvcqjysPKP8XKVV1al2qN5WhdQPq/PVJeoF6l3q
j9X9ccq4zLhZcXPi1sf9PO7TuL/GF8V3x78Yfyj+ZPzZ+9LvC9537r7L7ER2FjuHamM24onGJS0P
fT2EZ4Xnn8c50hijEbhfGjNIif8mjRVoBDNWGithXCCNVehbTIM0ViMWagxxHI8SQPfieAR6RCHT
cP+Ylx+tl8Yj0dQZjdJ4NBox4/vSOAEpZ7wHGLESLBtPodjJGKOx+Iw0ZlA8/os0VsC8II2VaCyT
Jo1V6AGmVBqrURLTKo3jURrzrDQegQqYd6Xx/RkFin+QxiNRc8FVaTwajZ2xSxonoPgZb6Fi5EU+
1In8yIWaUDMKQq54FDQ9ET5zIO5NgRMghxphBYeKYE0QBeDygz5sqBVpYFaPPLA+C0Za5IY3h8xh
WAF6x8MnD3va4bcDVrK3gXVaGKsVMLUDriWwxwOrCR022PPFMJbAaAnsq0FtsMIOa20UGk932ChH
HEDxwG8frGkEuC5Yx8F+L2C30WeQlYu9vk6/q6k5yD1qn8jlTJmSyzV2ckWuYCDo522tGk7vsWdx
WrebM5NVAc7MB3h/O+/IYm/YOo1stdraW5d4PU1cka35JhtL+CW2mjbO3mzzNPEBzubnOZeH87U1
ul12zuFttbk8QFksixbKYACmxc0WmwduioAZL2qBgdfbcntbbmdNDZV2AGTkpRLMAZnnku55De8P
uLweLicrNz8W1BBAw+FyUmiiToOSxcl4nV4PiCgIEkdU70HQWgHKhrdDgtEOMLJgrxc+/aBJnsLz
U51nAVwe9qDmYNBXkJ3tAKDtbVkBb5vfzju9/iY+y8PD49IoCmQbke30Rm8gz4jd8dR2ebAgL+qA
tcRS7439EUhl8KQT1jTTnS545qN8BamtE6n56Q7iHQRq+xBJDuUj4l9tMf51M25YeA/Hu2gDNhhF
S+1GT2fR5Lt4s7cVPe59zBpe3xGeXfCEpaMgnSFW2Epl3QJzXtDA36OFcFZF4bVSaBFvclGamukz
XuKriWLxSFrXSHoXtSViE21MtHcNpctLte+h+32Sx4oYvAA1KNmYS7ICG4UhSpqVYAYpFUPtyU7X
ETsUocsQyGqRdtGWeerwou2lRVlJGtUc2eugnwFKlx322CT+WOoFdrDQVgolSJ/I8nHCyC150qNh
GiMYSNQi9AfBfkXrJxgjMiEzPuo1DsBgp7tlahyUgyC1tUZ4GqRPRRzsLTBoJG+2A2VtFIookw5q
A800KgUlybTSuWiOZB78MVYpUttGZaiJ0g4Zt1J9irpmoyJIAHZrbsKHJsxnNo0gHIUs+oMI2yVJ
NVb7t+ZalpxIrS9s0UFKV8TqIhx1UHm03hYG2RucNKp7JA75KIwO+pvg0NBPIoklsMJO4YlrZP0R
O3ZLkU3WkJ3idlCKXRKlBdQ7rRJ1NoDopZEhooPoWBSRwI2RwAPrg5I3BGLWyr4SkVh0DIjex1Ge
bZRylsbmWFsTpSHmEtst9OmlWZCTdN9KPyPx43Z0EaSZiGRWm8RRVoykbrWXyKRTyi0idiJzJ6XR
IVmSm9qpPzwjUkpk6ojSebTVyRnURjOii8YMN71jwxw5KKVEX54oaTTF5FURkxxDbdR6RNuVcQyV
T+Dv8iRTyUocRCzMRnV0+xTE4hkqj+Fo00j6dtN9rptEczasHT+NszYaVyJw5ZlA2CJlfxmaPXgp
zvGUCxlTB+XKQfenDZMP08J8D93BwjM526ZFWZnoM4Yh+aWR+rs3itY2yQ9kO2mHp65hJMajZVTO
HsmTffAWs5eNRlQ+vCNa7yLN8gw7rKc00wjP0c+ARCNPLelmdiLHuuFit4NmAg/Ve7S8hpMqGyW5
aB3eqa8GaNSUc3XE22RPIpWDO1x7+KUdsRB91KJb4HeTpDExHxKrYsNR9cuMVDfnqlHykaCUD51h
SZUjHcVjQka4I3hMcGdFtVBHmukzPcxxUMeZ4UkN3JXAbAnVi5Y+Ic/TqDfWwphANKFqCkuEYYbf
BHYdzBDYHL0nd3NgvRFgkb06NI/i0AE0C1BmgjGBXQmzBvjUSevIjmKYqYZ7Mi5DpAoV8Rlhl5X6
DtlHaBEptcJ8BGssVXqKUaasEu7MAL9ceqoF2HoKj9CvofURGRslOkXJmSl0IiMCmcAsBooM9I7M
VsNnFayzUHlqKc8itUbKQyk8F3nRUQpETYgUFcNnFeAmK8qALiuVAsFklVZqqB4JPyV0P8E6h64S
KTNJWibjCJQsSZYiHUT+NWHMFsq/Ad4c5d8KM1aqGy3Al+HKtlNGIRC6WSqNasqflsrBRDEU0XVE
ikSehrDFmaO0UkzlRfRGKC+hmLRUIpZhOZGhRWtnOOtgwxjKKH86KikDXW0BOepgvT48I9qjnvJa
LMlahCnavWgThijpFlMeiWbnAladZFNaKrtYLoieain9ES5EDWil38VRMoto3yhpV6bHSjFbh5FK
LfVFHV2lpbq2hH2klPpvpUR5ddjCIjGgWrJPU5iyWPnKfiSvu53YIcKSccdqsITak0Gi0BKWhriC
vQVcMXbpIK/Z6TknGI7bsZk7umqMVKPRdacmKtZGVwJiFC6ja1uHrIvMiqclMWdFzjrRtdtwJ2z5
dCzW8nLVG6k+xNgtnomiq14Hrc/FGjAQrkq8tA70hiuTDvo0ktN9Uu/EG3POI5htNPdrwrjkXBSB
JdaVNlotEGyBYaR58wzF3nAy9NF8L2LpoOOgVJkQ/tqktWT+ySGnYbn/c6MOuGF1IPMyXOUQLX8/
1bdPOku5qIRJPZklwfUj+VwWkQmRgNh3ax2i9Yj1EWgFaGhXgcigKYpyB5U1i8QeHsHJ0ngl97i+
/q7Tve5Zf5P6QWxMP2ho5fXl9YPYYftB3FfcD2Jvqx8UW8nbo2iK9DrklbfXQR2uw8J+bX0l7oa+
Evv/+0pRfaVIh+H/zb4SG5Nhv76+EjvMae2b0Fdih+0rRTj6avpK7C36BV9NX4lFX7SvFPmr073s
K0X8LbavdLPse/Pukng+FyuJb1p3iUWx3aXhuxtfTXeJvYV0uSgJfrO7TCy1sRurma++y8R+g7tM
7JAuU+Ss+1V2mdi/22XivrIuE/sFukzcl9ZlYqkMagBqBaVWlLYWnn91vSN2WJ1/Xb0j9obeEfe1
9Y7Ym/aOIj2gL793xH6B3tGt4H65vSM5st48o9zY8WHvoOMT3aW5lx0f9q46Pjee2e6s48NGdXxu
1Xe4Fx2a4A3wC1Gk08BSPOQuC6FS+gUt8lU18mW38PfjuEcDPM818m5vx8Qs7ja+2JbFlbk7fc0B
ztXq8/qDvINz+r2tnNbPt0tfApNx0C/StYlfpItGw7IR7DW838aJpIW/jcdOvuWLvfF7e7f9lT9u
CGZXgLVxQb/Nwbfa/C2c1zkUCstW8f5WV4B+ac4V4Jp5Pw+4mvw2D7CuAd6BLdgGEvM38Rou6OVs
nk7Ox/sDsMHbGASJuUAENs4ORLOwMtjMy3Ky272tPlhOFgSbATpImfcEQHppVCRpEwGYg7MFAl67
ywb4WIfX3tbKe4K2IKHH6XKDkh4lEOkGzuJ1BjtA/GkTKSV+3uf3OtrsPAXjcAFjrsa2IE9oYGM2
aEDNdnebg1DS4Qo2e9uCQEyrS0JEMPhFUQLYtgCsJ+xouFaecM1SAwk0a6JwaAjObK+fC/CgB1jt
AlIl9oegJsQBWB8RdJAVRUcRdTSDYd2wgajB2eb3AEKebnR4uYBXwwXaGpfw9iCZIfw5vW4wNsKQ
3etxuAgfgQKWtQI4W6O3nacciFZECQgbgccbBDUExFmiFV/EAsRnXKDZ5nazjbwkNSADvMQWw6fX
A3bh51q9fn5Ytrlgp4932gBRlkhU7NNWWyd4C2x3uJwuYmg2dxBMDwYA1OZwUM5F0REHtfmBrja3
zc8SRA4+4GryUDKaRF+FTcRCbXYAEiA7ZHoCQzERkCwgoAKzuYcHIO2R6YhAA/I87k7OFWXmLGHH
z5P/DoWuJYMAESTRi+wePNgc76ebOrx+R4BLC/thGsEtP2DTiNumUZGBZgySvzTy4EkEahvogMik
3esKE8YvC4LHcDafD9zL1ujmyQORd4BMBmxEKc22INdsCwBE3hMjE2J1Eet2cG0eh0RwhFSWEidy
eCutBrxu4tVUbURJNs5Nogf4irzQZ7O32JqAMfBDj5clpvrFjCoGFQQsIJF3OwlR5Tqu1GS0chZT
qbVWa9ZxegtXZTbV6Et0JVya1gL3aRquVm8tN1VbOVhh1hqtdZyplNMa67g5emOJhtPNqzLrLBbW
ZOb0lVUGvQ7m9MZiQ3WJ3ljGFcE+o8nKGfSVeisAtZroVgmUXmchwCp15uJyuNUW6Q16a52GLdVb
jQATiDNzWq5Ka7bqi6sNWjNXVW2uMll0AKMEwBr1xlIzYNFV6oAJAFRsqqoz68vKrRrYZIVJDWs1
a0t0lVrzHA0HwEzAspmjS7KASoDB6WrIZku51mDgivRWi9Ws01aStUQ6ZUZTpY4tNVUbS7RWvcnI
FemAFW2RQSfSBqwUG7T6Sg1Xoq3UlhF2ZCRkmchORBws2VCmM+rMWoOGs1TpivVkAHLUm3XFVroS
ZA+SMFByi01Gi25uNUzAOhmFhq0t11EUwIAWfoopZZR9I7BL4FhNZmuYlFq9RafhtGa9hWik1GwC
cok+TaXUAqpBnkR5RoleoiMyd6N1wCqyW2KwRKc1AEALIQMm2Ji1YF26ZXbeFyS2LTm3GBppGBVj
p4ZarRgEwITLPOC44hwdQloCz6JZR4xukYRN0rFGDL00fIB1QyYSQ6+jnYcIGCChxOtnvSSYdLgC
1NMhBbZ6xZzHBWxuQAa7iBfRVRArbW7YFgiTGeNQrJwMfX4XbOnwu4IQTDhbG8z6XU9KadgvpSnK
ARfhgGCJBAeRfj8f8EGWcrXz7s4sWOsnuYxS4vI4vf5WiXUqPnuwQC4VglwTBe7wBlmvvymLY1la
cd116XS7/+Th3tRBrFgHcXdSB7GROoi7wzqIvbEOkoK8nUIKyDljmAI1UrCwd1MrcXKtxH4zaiVW
1MOXViuxosPeVa3E3sNaiY3UStwd1kpsTF1wB7USe7Naibv9WomNqpWi3TemXIJ8DkHiXpVLrFQu
cXdVLrEx5NJz470umViPl7vrkom9pyUTK5VM3J2XTOzQkom7k5KJHbZk4r5IycRatTWVFSZCtrb8
jqojNsL53VRHrFwdcXdTHbHR1RF3R9URO2x1xN1NdUSMNcZRwoUPe9PCh/sChQ9768KHu43Ch6WF
T2zt8PcLmqC8vpAWDWwWfGTdzb8ZzKZ9uxa4smnvzEH/qpdF/77qg7nYvxbe+l8YZne4WlzZLghW
y7J8zb5sKWLeyb/l/L8+yRj3CmVuZHN0cmVhbQplbmRvYmoKMzYgMCBvYmoKODYxMwplbmRvYmoK
MzQgMCBvYmoKPDwgL1R5cGUgL0ZvbnQKL1N1YnR5cGUgL0NJREZvbnRUeXBlMgovQmFzZUZvbnQg
L0RlamFWdVNhbnMKL0NJRFN5c3RlbUluZm8gPDwgL1JlZ2lzdHJ5IChBZG9iZSkgL09yZGVyaW5n
IChJZGVudGl0eSkgL1N1cHBsZW1lbnQgMCA+PgovRm9udERlc2NyaXB0b3IgMzIgMCBSCi9DSURU
b0dJRE1hcCAvSWRlbnRpdHkKL1cgWzAgWzU5NSAzMzQgMzE1IDYwNiA2MjkgNjEwIDQwOCA1NDUg
Mjc2IDYzMCA2MjkgMzg5IDI3MyA1MTcgOTY2IDYwOCAyNzYgNjA3IDgxMSAzODcgMzE1IDYzMCAz
MTUgNjI5IDk5MiA2MzAgMzg3IDM0OSA1MjEgNzI2IDYzMCA2MjcgNjg5IDc2NCA3ODEgODU2IDY3
OSAyOTMgNzQyIDY5MyA2MzAgNDk2IDU4NyA1ODcgNjA2IDM1OCA2MzEgNjMxIDYzMSA2MzEgNjMx
IDY4MSA4MzEgNTg3IDU3NCA0OTYgNjMxIDYzMSA2MzEgNjMxIDYzMSA1NzEgNDk2IF0KXQo+Pgpl
bmRvYmoKMzUgMCBvYmoKPDwgL0xlbmd0aCA3OTggPj4Kc3RyZWFtCi9DSURJbml0IC9Qcm9jU2V0
IGZpbmRyZXNvdXJjZSBiZWdpbgoxMiBkaWN0IGJlZ2luCmJlZ2luY21hcAovQ0lEU3lzdGVtSW5m
byA8PCAvUmVnaXN0cnkgKEFkb2JlKSAvT3JkZXJpbmcgKFVDUykgL1N1cHBsZW1lbnQgMCA+PiBk
ZWYKL0NNYXBOYW1lIC9BZG9iZS1JZGVudGl0eS1VQ1MgZGVmCi9DTWFwVHlwZSAyIGRlZgoxIGJl
Z2luY29kZXNwYWNlcmFuZ2UKPDAwMDA+IDxGRkZGPgplbmRjb2Rlc3BhY2VyYW5nZQoyIGJlZ2lu
YmZyYW5nZQo8MDAwMD4gPDAwMDA+IDwwMDAwPgo8MDAwMT4gPDAwM0U+IFs8MDAzQT4gPDAwMjA+
IDwwMDU0PiA8MDA2OD4gPDAwNjU+IDwwMDcyPiA8MDA2Mz4gPDAwNjk+IDwwMDcwPiA8MDA2RT4g
PDAwNzQ+IDwwMDI3PiA8MDA3Mz4gPDAwNkQ+IDwwMDYxPiA8MDA2Qz4gPDAwNkY+IDwwMDc3PiA8
MDAyOD4gPDAwMkU+IDwwMDY3PiA8MDAyQz4gPDAwNzU+IDwwMDQwPiA8MDA2ND4gPDAwMjk+IDww
MDY2PiA8MDA3QT4gPDAwNTU+IDwwMDUzPiA8MDA0NT4gPDAwNTI+IDwwMDQ0PiA8MDA0Rj4gPDAw
NEQ+IDwwMDQxPiA8MDA0OT4gPDAwNEU+IDwwMDQzPiA8MDA2Mj4gPDAwNjA+IDwwMDc4PiA8MDA3
OT4gPDAwNTk+IDwwMDJEPiA8MDAzMj4gPDAwMzA+IDwwMDM0PiA8MDAzMT4gPDAwMzY+IDwwMDQy
PiA8MDAzRD4gPDAwNzY+IDwwMDZCPiA8MjAxMz4gPDAwMzk+IDwwMDMzPiA8MDAzOD4gPDAwMzc+
IDwwMDM1PiA8MDA0Nj4gPDAwNUY+IF0KZW5kYmZyYW5nZQplbmRjbWFwCkNNYXBOYW1lIGN1cnJl
bnRkaWN0IC9DTWFwIGRlZmluZXJlc291cmNlIHBvcAplbmQKZW5kCgplbmRzdHJlYW0KZW5kb2Jq
CjcgMCBvYmoKPDwgL1R5cGUgL0ZvbnQKL1N1YnR5cGUgL1R5cGUwCi9CYXNlRm9udCAvRGVqYVZ1
U2FucwovRW5jb2RpbmcgL0lkZW50aXR5LUgKL0Rlc2NlbmRhbnRGb250cyBbMzQgMCBSXQovVG9V
bmljb2RlIDM1IDAgUj4+CmVuZG9iagoyIDAgb2JqCjw8Ci9UeXBlIC9QYWdlcwovS2lkcyAKWwo1
IDAgUgpdCi9Db3VudCAxCi9Qcm9jU2V0IFsvUERGIC9UZXh0IC9JbWFnZUIgL0ltYWdlQ10KPj4K
ZW5kb2JqCnhyZWYKMCAzNwowMDAwMDAwMDAwIDY1NTM1IGYgCjAwMDAwMDAwMDkgMDAwMDAgbiAK
MDAwMDAzMDg2MCAwMDAwMCBuIAowMDAwMDAwMjQ1IDAwMDAwIG4gCjAwMDAwMDAzNDAgMDAwMDAg
biAKMDAwMDAwMTg1NiAwMDAwMCBuIAowMDAwMDIwMjg1IDAwMDAwIG4gCjAwMDAwMzA3MjQgMDAw
MDAgbiAKMDAwMDAwMDM3NyAwMDAwMCBuIAowMDAwMDAwNDI4IDAwMDAwIG4gCjAwMDAwMDA0Nzkg
MDAwMDAgbiAKMDAwMDAwMDUzMSAwMDAwMCBuIAowMDAwMDAwNTc2IDAwMDAwIG4gCjAwMDAwMDA2
MjggMDAwMDAgbiAKMDAwMDAwMDY4MCAwMDAwMCBuIAowMDAwMDAxNjg5IDAwMDAwIG4gCjAwMDAw
MDE0OTEgMDAwMDAgbiAKMDAwMDAwMDgyNiAwMDAwMCBuIAowMDAwMDAwOTQ4IDAwMDAwIG4gCjAw
MDAwMDEwODkgMDAwMDAgbiAKMDAwMDAwMTIzNiAwMDAwMCBuIAowMDAwMDAxMzcxIDAwMDAwIG4g
CjAwMDAwMDE3NTIgMDAwMDAgbiAKMDAwMDAwMjE3MyAwMDAwMCBuIAowMDAwMDA5NjgzIDAwMDAw
IG4gCjAwMDAwMDE5NzcgMDAwMDAgbiAKMDAwMDAwMjE1MyAwMDAwMCBuIAowMDAwMDA5NzA0IDAw
MDAwIG4gCjAwMDAwMDk5NjkgMDAwMDAgbiAKMDAwMDAxODk2NiAwMDAwMCBuIAowMDAwMDE5NDM1
IDAwMDAwIG4gCjAwMDAwMTg5NDUgMDAwMDAgbiAKMDAwMDAyMDQyNiAwMDAwMCBuIAowMDAwMDIw
Njg2IDAwMDAwIG4gCjAwMDAwMjk0MTIgMDAwMDAgbiAKMDAwMDAyOTg3NCAwMDAwMCBuIAowMDAw
MDI5MzkxIDAwMDAwIG4gCnRyYWlsZXIKPDwKL1NpemUgMzcKL0luZm8gMSAwIFIKL1Jvb3QgMjIg
MCBSCj4+CnN0YXJ0eHJlZgozMDk1OAolJUVPRgo=

----UERIE3305ujwnwudmw3305UERIElkfdej63436UERIE3305ujwnwudmw3305UERIElkfdej63436==========--


